{"/home/pii/Glints/Kelas/final-project/backendhobbytalk/server.js": {"path":"/home/pii/Glints/Kelas/final-project/backendhobbytalk/server.js","statementMap":{"0":{"start":{"line":1,"column":16},"end":{"line":1,"column":34}},"1":{"start":{"line":2,"column":12},"end":{"line":2,"column":21}},"2":{"start":{"line":3,"column":15},"end":{"line":3,"column":34}},"3":{"start":{"line":4,"column":17},"end":{"line":4,"column":50}},"4":{"start":{"line":5,"column":16},"end":{"line":5,"column":41}},"5":{"start":{"line":6,"column":13},"end":{"line":6,"column":28}},"6":{"start":{"line":9,"column":0},"end":{"line":9,"column":15}},"7":{"start":{"line":10,"column":0},"end":{"line":10,"column":23}},"8":{"start":{"line":11,"column":0},"end":{"line":14,"column":3}},"9":{"start":{"line":15,"column":0},"end":{"line":15,"column":38}},"10":{"start":{"line":16,"column":0},"end":{"line":16,"column":35}},"11":{"start":{"line":17,"column":0},"end":{"line":17,"column":26}},"12":{"start":{"line":20,"column":0},"end":{"line":25,"column":2}},"13":{"start":{"line":21,"column":4},"end":{"line":24,"column":6}},"14":{"start":{"line":27,"column":0},"end":{"line":27,"column":20}}},"fnMap":{"0":{"name":"(anonymous_0)","decl":{"start":{"line":20,"column":13},"end":{"line":20,"column":14}},"loc":{"start":{"line":20,"column":27},"end":{"line":25,"column":1}},"line":20}},"branchMap":{},"s":{"0":6,"1":6,"2":6,"3":6,"4":6,"5":6,"6":6,"7":6,"8":6,"9":6,"10":6,"11":6,"12":6,"13":0,"14":6},"f":{"0":0},"b":{},"_coverageSchema":"1a1c01bbd47fc00a2c39e90264f33305004495a9","hash":"5abb5f8229cdd21b6a0e302d893fcf7f1008cc96"}
,"/home/pii/Glints/Kelas/final-project/backendhobbytalk/controllers/Categories.js": {"path":"/home/pii/Glints/Kelas/final-project/backendhobbytalk/controllers/Categories.js","statementMap":{"0":{"start":{"line":1,"column":19},"end":{"line":1,"column":50}},"1":{"start":{"line":2,"column":0},"end":{"line":69,"column":2}},"2":{"start":{"line":4,"column":21},"end":{"line":4,"column":29}},"3":{"start":{"line":5,"column":8},"end":{"line":18,"column":9}},"4":{"start":{"line":6,"column":31},"end":{"line":6,"column":60}},"5":{"start":{"line":7,"column":12},"end":{"line":11,"column":15}},"6":{"start":{"line":13,"column":12},"end":{"line":13,"column":31}},"7":{"start":{"line":14,"column":12},"end":{"line":17,"column":15}},"8":{"start":{"line":21,"column":8},"end":{"line":34,"column":9}},"9":{"start":{"line":22,"column":31},"end":{"line":22,"column":54}},"10":{"start":{"line":23,"column":12},"end":{"line":27,"column":15}},"11":{"start":{"line":29,"column":12},"end":{"line":29,"column":31}},"12":{"start":{"line":30,"column":12},"end":{"line":33,"column":15}},"13":{"start":{"line":38,"column":21},"end":{"line":38,"column":29}},"14":{"start":{"line":39,"column":19},"end":{"line":39,"column":40}},"15":{"start":{"line":40,"column":8},"end":{"line":54,"column":9}},"16":{"start":{"line":41,"column":12},"end":{"line":41,"column":27}},"17":{"start":{"line":42,"column":12},"end":{"line":42,"column":29}},"18":{"start":{"line":43,"column":31},"end":{"line":43,"column":60}},"19":{"start":{"line":44,"column":12},"end":{"line":44,"column":39}},"20":{"start":{"line":45,"column":12},"end":{"line":45,"column":35}},"21":{"start":{"line":46,"column":12},"end":{"line":46,"column":35}},"22":{"start":{"line":48,"column":12},"end":{"line":51,"column":14}},"23":{"start":{"line":53,"column":12},"end":{"line":53,"column":30}},"24":{"start":{"line":57,"column":19},"end":{"line":57,"column":32}},"25":{"start":{"line":58,"column":8},"end":{"line":67,"column":9}},"26":{"start":{"line":59,"column":12},"end":{"line":59,"column":50}},"27":{"start":{"line":61,"column":12},"end":{"line":64,"column":14}},"28":{"start":{"line":66,"column":12},"end":{"line":66,"column":30}}},"fnMap":{"0":{"name":"(anonymous_0)","decl":{"start":{"line":3,"column":12},"end":{"line":3,"column":13}},"loc":{"start":{"line":3,"column":32},"end":{"line":19,"column":5}},"line":3},"1":{"name":"(anonymous_1)","decl":{"start":{"line":20,"column":13},"end":{"line":20,"column":14}},"loc":{"start":{"line":20,"column":33},"end":{"line":36,"column":5}},"line":20},"2":{"name":"(anonymous_2)","decl":{"start":{"line":37,"column":12},"end":{"line":37,"column":13}},"loc":{"start":{"line":37,"column":32},"end":{"line":55,"column":5}},"line":37},"3":{"name":"(anonymous_3)","decl":{"start":{"line":56,"column":12},"end":{"line":56,"column":13}},"loc":{"start":{"line":56,"column":32},"end":{"line":68,"column":5}},"line":56}},"branchMap":{},"s":{"0":6,"1":6,"2":1,"3":1,"4":1,"5":1,"6":0,"7":0,"8":1,"9":1,"10":1,"11":0,"12":0,"13":1,"14":1,"15":1,"16":1,"17":1,"18":1,"19":1,"20":1,"21":1,"22":1,"23":0,"24":1,"25":1,"26":1,"27":1,"28":0},"f":{"0":1,"1":1,"2":1,"3":1},"b":{},"_coverageSchema":"1a1c01bbd47fc00a2c39e90264f33305004495a9","hash":"105fc092c02d1b77e15cea3b4d3b633892bb8459"}
,"/home/pii/Glints/Kelas/final-project/backendhobbytalk/controllers/CommentController.js": {"path":"/home/pii/Glints/Kelas/final-project/backendhobbytalk/controllers/CommentController.js","statementMap":{"0":{"start":{"line":1,"column":14},"end":{"line":1,"column":40}},"1":{"start":{"line":2,"column":16},"end":{"line":2,"column":44}},"2":{"start":{"line":3,"column":15},"end":{"line":3,"column":43}},"3":{"start":{"line":5,"column":0},"end":{"line":187,"column":2}},"4":{"start":{"line":7,"column":21},"end":{"line":7,"column":29}},"5":{"start":{"line":8,"column":19},"end":{"line":8,"column":39}},"6":{"start":{"line":9,"column":23},"end":{"line":9,"column":34}},"7":{"start":{"line":10,"column":8},"end":{"line":45,"column":9}},"8":{"start":{"line":11,"column":12},"end":{"line":37,"column":13}},"9":{"start":{"line":13,"column":32},"end":{"line":13,"column":57}},"10":{"start":{"line":14,"column":16},"end":{"line":19,"column":17}},"11":{"start":{"line":15,"column":20},"end":{"line":18,"column":22}},"12":{"start":{"line":20,"column":36},"end":{"line":24,"column":18}},"13":{"start":{"line":25,"column":16},"end":{"line":25,"column":62}},"14":{"start":{"line":26,"column":16},"end":{"line":26,"column":36}},"15":{"start":{"line":27,"column":16},"end":{"line":31,"column":19}},"16":{"start":{"line":33,"column":16},"end":{"line":36,"column":18}},"17":{"start":{"line":40,"column":12},"end":{"line":40,"column":31}},"18":{"start":{"line":41,"column":12},"end":{"line":44,"column":15}},"19":{"start":{"line":48,"column":21},"end":{"line":48,"column":50}},"20":{"start":{"line":49,"column":22},"end":{"line":49,"column":53}},"21":{"start":{"line":50,"column":19},"end":{"line":50,"column":32}},"22":{"start":{"line":51,"column":8},"end":{"line":112,"column":9}},"23":{"start":{"line":52,"column":12},"end":{"line":105,"column":13}},"24":{"start":{"line":53,"column":37},"end":{"line":53,"column":73}},"25":{"start":{"line":54,"column":33},"end":{"line":85,"column":68}},"26":{"start":{"line":86,"column":16},"end":{"line":91,"column":17}},"27":{"start":{"line":87,"column":20},"end":{"line":90,"column":22}},"28":{"start":{"line":92,"column":34},"end":{"line":92,"column":78}},"29":{"start":{"line":93,"column":16},"end":{"line":99,"column":19}},"30":{"start":{"line":101,"column":16},"end":{"line":104,"column":18}},"31":{"start":{"line":107,"column":12},"end":{"line":107,"column":31}},"32":{"start":{"line":108,"column":12},"end":{"line":111,"column":15}},"33":{"start":{"line":115,"column":24},"end":{"line":115,"column":37}},"34":{"start":{"line":116,"column":21},"end":{"line":116,"column":29}},"35":{"start":{"line":117,"column":23},"end":{"line":117,"column":34}},"36":{"start":{"line":118,"column":8},"end":{"line":145,"column":9}},"37":{"start":{"line":119,"column":12},"end":{"line":138,"column":13}},"38":{"start":{"line":121,"column":38},"end":{"line":121,"column":135}},"39":{"start":{"line":122,"column":16},"end":{"line":127,"column":17}},"40":{"start":{"line":123,"column":20},"end":{"line":126,"column":22}},"41":{"start":{"line":128,"column":16},"end":{"line":132,"column":19}},"42":{"start":{"line":134,"column":16},"end":{"line":137,"column":18}},"43":{"start":{"line":140,"column":12},"end":{"line":140,"column":31}},"44":{"start":{"line":141,"column":12},"end":{"line":144,"column":15}},"45":{"start":{"line":148,"column":19},"end":{"line":148,"column":32}},"46":{"start":{"line":149,"column":23},"end":{"line":149,"column":34}},"47":{"start":{"line":150,"column":8},"end":{"line":185,"column":9}},"48":{"start":{"line":151,"column":28},"end":{"line":151,"column":54}},"49":{"start":{"line":152,"column":12},"end":{"line":157,"column":13}},"50":{"start":{"line":153,"column":16},"end":{"line":156,"column":18}},"51":{"start":{"line":158,"column":29},"end":{"line":158,"column":70}},"52":{"start":{"line":159,"column":12},"end":{"line":164,"column":13}},"53":{"start":{"line":160,"column":16},"end":{"line":163,"column":18}},"54":{"start":{"line":165,"column":28},"end":{"line":165,"column":67}},"55":{"start":{"line":166,"column":12},"end":{"line":166,"column":42}},"56":{"start":{"line":167,"column":12},"end":{"line":167,"column":32}},"57":{"start":{"line":168,"column":34},"end":{"line":168,"column":70}},"58":{"start":{"line":169,"column":12},"end":{"line":174,"column":13}},"59":{"start":{"line":170,"column":16},"end":{"line":173,"column":18}},"60":{"start":{"line":175,"column":12},"end":{"line":178,"column":14}},"61":{"start":{"line":180,"column":12},"end":{"line":180,"column":31}},"62":{"start":{"line":181,"column":12},"end":{"line":184,"column":15}}},"fnMap":{"0":{"name":"(anonymous_0)","decl":{"start":{"line":6,"column":20},"end":{"line":6,"column":21}},"loc":{"start":{"line":6,"column":39},"end":{"line":46,"column":5}},"line":6},"1":{"name":"(anonymous_1)","decl":{"start":{"line":47,"column":21},"end":{"line":47,"column":22}},"loc":{"start":{"line":47,"column":40},"end":{"line":113,"column":5}},"line":47},"2":{"name":"(anonymous_2)","decl":{"start":{"line":114,"column":20},"end":{"line":114,"column":21}},"loc":{"start":{"line":114,"column":39},"end":{"line":146,"column":5}},"line":114},"3":{"name":"(anonymous_3)","decl":{"start":{"line":147,"column":20},"end":{"line":147,"column":21}},"loc":{"start":{"line":147,"column":39},"end":{"line":186,"column":5}},"line":147}},"branchMap":{"0":{"loc":{"start":{"line":11,"column":12},"end":{"line":37,"column":13}},"type":"if","locations":[{"start":{"line":11,"column":12},"end":{"line":37,"column":13}},{"start":{"line":32,"column":19},"end":{"line":37,"column":13}}],"line":11},"1":{"loc":{"start":{"line":14,"column":16},"end":{"line":19,"column":17}},"type":"if","locations":[{"start":{"line":14,"column":16},"end":{"line":19,"column":17}},{"start":{},"end":{}}],"line":14},"2":{"loc":{"start":{"line":48,"column":21},"end":{"line":48,"column":50}},"type":"binary-expr","locations":[{"start":{"line":48,"column":21},"end":{"line":48,"column":45}},{"start":{"line":48,"column":49},"end":{"line":48,"column":50}}],"line":48},"3":{"loc":{"start":{"line":49,"column":22},"end":{"line":49,"column":53}},"type":"binary-expr","locations":[{"start":{"line":49,"column":22},"end":{"line":49,"column":47}},{"start":{"line":49,"column":51},"end":{"line":49,"column":53}}],"line":49},"4":{"loc":{"start":{"line":52,"column":12},"end":{"line":105,"column":13}},"type":"if","locations":[{"start":{"line":52,"column":12},"end":{"line":105,"column":13}},{"start":{"line":100,"column":19},"end":{"line":105,"column":13}}],"line":52},"5":{"loc":{"start":{"line":86,"column":16},"end":{"line":91,"column":17}},"type":"if","locations":[{"start":{"line":86,"column":16},"end":{"line":91,"column":17}},{"start":{},"end":{}}],"line":86},"6":{"loc":{"start":{"line":119,"column":12},"end":{"line":138,"column":13}},"type":"if","locations":[{"start":{"line":119,"column":12},"end":{"line":138,"column":13}},{"start":{"line":133,"column":19},"end":{"line":138,"column":13}}],"line":119},"7":{"loc":{"start":{"line":122,"column":16},"end":{"line":127,"column":17}},"type":"if","locations":[{"start":{"line":122,"column":16},"end":{"line":127,"column":17}},{"start":{},"end":{}}],"line":122},"8":{"loc":{"start":{"line":152,"column":12},"end":{"line":157,"column":13}},"type":"if","locations":[{"start":{"line":152,"column":12},"end":{"line":157,"column":13}},{"start":{},"end":{}}],"line":152},"9":{"loc":{"start":{"line":159,"column":12},"end":{"line":164,"column":13}},"type":"if","locations":[{"start":{"line":159,"column":12},"end":{"line":164,"column":13}},{"start":{},"end":{}}],"line":159},"10":{"loc":{"start":{"line":169,"column":12},"end":{"line":174,"column":13}},"type":"if","locations":[{"start":{"line":169,"column":12},"end":{"line":174,"column":13}},{"start":{},"end":{}}],"line":169}},"s":{"0":6,"1":6,"2":6,"3":6,"4":2,"5":2,"6":2,"7":2,"8":2,"9":2,"10":2,"11":2,"12":0,"13":0,"14":0,"15":0,"16":0,"17":0,"18":0,"19":1,"20":1,"21":1,"22":1,"23":1,"24":1,"25":1,"26":1,"27":0,"28":1,"29":1,"30":0,"31":0,"32":0,"33":1,"34":1,"35":1,"36":1,"37":1,"38":1,"39":1,"40":1,"41":0,"42":0,"43":0,"44":0,"45":0,"46":0,"47":0,"48":0,"49":0,"50":0,"51":0,"52":0,"53":0,"54":0,"55":0,"56":0,"57":0,"58":0,"59":0,"60":0,"61":0,"62":0},"f":{"0":2,"1":1,"2":1,"3":0},"b":{"0":[2,0],"1":[2,0],"2":[1,1],"3":[1,1],"4":[1,0],"5":[0,1],"6":[1,0],"7":[1,0],"8":[0,0],"9":[0,0],"10":[0,0]},"_coverageSchema":"1a1c01bbd47fc00a2c39e90264f33305004495a9","hash":"a27d582dee8e7c596474cd494db70316e638e5a8"}
,"/home/pii/Glints/Kelas/final-project/backendhobbytalk/controllers/ReplyController.js": {"path":"/home/pii/Glints/Kelas/final-project/backendhobbytalk/controllers/ReplyController.js","statementMap":{"0":{"start":{"line":1,"column":17},"end":{"line":1,"column":46}},"1":{"start":{"line":2,"column":14},"end":{"line":2,"column":40}},"2":{"start":{"line":3,"column":16},"end":{"line":3,"column":44}},"3":{"start":{"line":5,"column":0},"end":{"line":349,"column":2}},"4":{"start":{"line":7,"column":21},"end":{"line":7,"column":29}},"5":{"start":{"line":8,"column":19},"end":{"line":8,"column":39}},"6":{"start":{"line":9,"column":23},"end":{"line":9,"column":34}},"7":{"start":{"line":10,"column":8},"end":{"line":44,"column":9}},"8":{"start":{"line":11,"column":12},"end":{"line":37,"column":13}},"9":{"start":{"line":13,"column":36},"end":{"line":13,"column":62}},"10":{"start":{"line":14,"column":16},"end":{"line":19,"column":17}},"11":{"start":{"line":15,"column":20},"end":{"line":18,"column":22}},"12":{"start":{"line":20,"column":34},"end":{"line":24,"column":18}},"13":{"start":{"line":25,"column":16},"end":{"line":25,"column":63}},"14":{"start":{"line":26,"column":16},"end":{"line":26,"column":40}},"15":{"start":{"line":27,"column":16},"end":{"line":31,"column":19}},"16":{"start":{"line":33,"column":16},"end":{"line":36,"column":18}},"17":{"start":{"line":39,"column":12},"end":{"line":39,"column":31}},"18":{"start":{"line":40,"column":12},"end":{"line":43,"column":15}},"19":{"start":{"line":47,"column":21},"end":{"line":47,"column":50}},"20":{"start":{"line":48,"column":22},"end":{"line":48,"column":53}},"21":{"start":{"line":49,"column":19},"end":{"line":49,"column":32}},"22":{"start":{"line":50,"column":8},"end":{"line":90,"column":9}},"23":{"start":{"line":51,"column":12},"end":{"line":83,"column":13}},"24":{"start":{"line":52,"column":36},"end":{"line":52,"column":71}},"25":{"start":{"line":53,"column":32},"end":{"line":63,"column":68}},"26":{"start":{"line":64,"column":16},"end":{"line":69,"column":17}},"27":{"start":{"line":65,"column":20},"end":{"line":68,"column":22}},"28":{"start":{"line":70,"column":37},"end":{"line":70,"column":81}},"29":{"start":{"line":71,"column":16},"end":{"line":77,"column":19}},"30":{"start":{"line":79,"column":16},"end":{"line":82,"column":18}},"31":{"start":{"line":85,"column":12},"end":{"line":85,"column":31}},"32":{"start":{"line":86,"column":12},"end":{"line":89,"column":15}},"33":{"start":{"line":93,"column":24},"end":{"line":93,"column":37}},"34":{"start":{"line":94,"column":21},"end":{"line":94,"column":29}},"35":{"start":{"line":95,"column":23},"end":{"line":95,"column":34}},"36":{"start":{"line":96,"column":8},"end":{"line":126,"column":9}},"37":{"start":{"line":97,"column":12},"end":{"line":118,"column":13}},"38":{"start":{"line":99,"column":36},"end":{"line":101,"column":18}},"39":{"start":{"line":102,"column":16},"end":{"line":107,"column":17}},"40":{"start":{"line":103,"column":20},"end":{"line":106,"column":22}},"41":{"start":{"line":108,"column":16},"end":{"line":112,"column":19}},"42":{"start":{"line":114,"column":16},"end":{"line":117,"column":18}},"43":{"start":{"line":121,"column":12},"end":{"line":121,"column":31}},"44":{"start":{"line":122,"column":12},"end":{"line":125,"column":15}},"45":{"start":{"line":129,"column":19},"end":{"line":129,"column":32}},"46":{"start":{"line":130,"column":23},"end":{"line":130,"column":34}},"47":{"start":{"line":131,"column":8},"end":{"line":166,"column":9}},"48":{"start":{"line":132,"column":28},"end":{"line":132,"column":52}},"49":{"start":{"line":133,"column":12},"end":{"line":138,"column":13}},"50":{"start":{"line":134,"column":16},"end":{"line":137,"column":18}},"51":{"start":{"line":139,"column":28},"end":{"line":139,"column":67}},"52":{"start":{"line":140,"column":12},"end":{"line":145,"column":13}},"53":{"start":{"line":141,"column":16},"end":{"line":144,"column":18}},"54":{"start":{"line":146,"column":29},"end":{"line":146,"column":70}},"55":{"start":{"line":147,"column":12},"end":{"line":147,"column":41}},"56":{"start":{"line":148,"column":12},"end":{"line":148,"column":33}},"57":{"start":{"line":149,"column":32},"end":{"line":149,"column":66}},"58":{"start":{"line":150,"column":12},"end":{"line":155,"column":13}},"59":{"start":{"line":151,"column":16},"end":{"line":154,"column":18}},"60":{"start":{"line":156,"column":12},"end":{"line":159,"column":14}},"61":{"start":{"line":161,"column":12},"end":{"line":161,"column":31}},"62":{"start":{"line":162,"column":12},"end":{"line":165,"column":15}},"63":{"start":{"line":169,"column":19},"end":{"line":169,"column":32}},"64":{"start":{"line":170,"column":23},"end":{"line":170,"column":34}},"65":{"start":{"line":172,"column":8},"end":{"line":215,"column":9}},"66":{"start":{"line":173,"column":12},"end":{"line":208,"column":13}},"67":{"start":{"line":174,"column":34},"end":{"line":174,"column":58}},"68":{"start":{"line":175,"column":16},"end":{"line":180,"column":17}},"69":{"start":{"line":176,"column":20},"end":{"line":179,"column":22}},"70":{"start":{"line":182,"column":16},"end":{"line":187,"column":17}},"71":{"start":{"line":182,"column":50},"end":{"line":182,"column":77}},"72":{"start":{"line":183,"column":20},"end":{"line":186,"column":22}},"73":{"start":{"line":189,"column":16},"end":{"line":192,"column":17}},"74":{"start":{"line":189,"column":52},"end":{"line":189,"column":79}},"75":{"start":{"line":190,"column":40},"end":{"line":190,"column":103}},"76":{"start":{"line":190,"column":69},"end":{"line":190,"column":86}},"77":{"start":{"line":191,"column":20},"end":{"line":191,"column":61}},"78":{"start":{"line":194,"column":16},"end":{"line":194,"column":63}},"79":{"start":{"line":196,"column":16},"end":{"line":196,"column":38}},"80":{"start":{"line":198,"column":16},"end":{"line":201,"column":18}},"81":{"start":{"line":204,"column":16},"end":{"line":207,"column":18}},"82":{"start":{"line":210,"column":12},"end":{"line":210,"column":30}},"83":{"start":{"line":211,"column":12},"end":{"line":214,"column":14}},"84":{"start":{"line":218,"column":19},"end":{"line":218,"column":32}},"85":{"start":{"line":219,"column":23},"end":{"line":219,"column":34}},"86":{"start":{"line":220,"column":8},"end":{"line":258,"column":9}},"87":{"start":{"line":221,"column":12},"end":{"line":250,"column":13}},"88":{"start":{"line":222,"column":34},"end":{"line":222,"column":58}},"89":{"start":{"line":223,"column":16},"end":{"line":228,"column":17}},"90":{"start":{"line":224,"column":20},"end":{"line":227,"column":22}},"91":{"start":{"line":229,"column":16},"end":{"line":234,"column":17}},"92":{"start":{"line":229,"column":50},"end":{"line":229,"column":77}},"93":{"start":{"line":230,"column":20},"end":{"line":233,"column":22}},"94":{"start":{"line":236,"column":36},"end":{"line":236,"column":97}},"95":{"start":{"line":236,"column":63},"end":{"line":236,"column":80}},"96":{"start":{"line":237,"column":16},"end":{"line":237,"column":55}},"97":{"start":{"line":239,"column":16},"end":{"line":239,"column":38}},"98":{"start":{"line":240,"column":16},"end":{"line":243,"column":18}},"99":{"start":{"line":246,"column":16},"end":{"line":249,"column":18}},"100":{"start":{"line":253,"column":12},"end":{"line":253,"column":30}},"101":{"start":{"line":254,"column":12},"end":{"line":257,"column":14}},"102":{"start":{"line":261,"column":19},"end":{"line":261,"column":32}},"103":{"start":{"line":262,"column":23},"end":{"line":262,"column":34}},"104":{"start":{"line":263,"column":8},"end":{"line":304,"column":9}},"105":{"start":{"line":264,"column":12},"end":{"line":296,"column":13}},"106":{"start":{"line":265,"column":34},"end":{"line":265,"column":58}},"107":{"start":{"line":266,"column":16},"end":{"line":271,"column":17}},"108":{"start":{"line":267,"column":20},"end":{"line":270,"column":22}},"109":{"start":{"line":272,"column":16},"end":{"line":277,"column":17}},"110":{"start":{"line":272,"column":52},"end":{"line":272,"column":79}},"111":{"start":{"line":273,"column":20},"end":{"line":276,"column":22}},"112":{"start":{"line":278,"column":16},"end":{"line":281,"column":17}},"113":{"start":{"line":278,"column":50},"end":{"line":278,"column":77}},"114":{"start":{"line":279,"column":40},"end":{"line":279,"column":101}},"115":{"start":{"line":279,"column":67},"end":{"line":279,"column":84}},"116":{"start":{"line":280,"column":20},"end":{"line":280,"column":59}},"117":{"start":{"line":283,"column":16},"end":{"line":283,"column":65}},"118":{"start":{"line":285,"column":16},"end":{"line":285,"column":38}},"119":{"start":{"line":286,"column":16},"end":{"line":289,"column":18}},"120":{"start":{"line":292,"column":16},"end":{"line":295,"column":18}},"121":{"start":{"line":299,"column":12},"end":{"line":299,"column":30}},"122":{"start":{"line":300,"column":12},"end":{"line":303,"column":14}},"123":{"start":{"line":307,"column":19},"end":{"line":307,"column":32}},"124":{"start":{"line":308,"column":23},"end":{"line":308,"column":34}},"125":{"start":{"line":309,"column":8},"end":{"line":347,"column":9}},"126":{"start":{"line":310,"column":12},"end":{"line":339,"column":13}},"127":{"start":{"line":311,"column":34},"end":{"line":311,"column":58}},"128":{"start":{"line":312,"column":16},"end":{"line":317,"column":17}},"129":{"start":{"line":313,"column":20},"end":{"line":316,"column":22}},"130":{"start":{"line":318,"column":16},"end":{"line":323,"column":17}},"131":{"start":{"line":318,"column":52},"end":{"line":318,"column":79}},"132":{"start":{"line":319,"column":20},"end":{"line":322,"column":22}},"133":{"start":{"line":325,"column":36},"end":{"line":325,"column":99}},"134":{"start":{"line":325,"column":65},"end":{"line":325,"column":82}},"135":{"start":{"line":326,"column":16},"end":{"line":326,"column":57}},"136":{"start":{"line":328,"column":16},"end":{"line":328,"column":38}},"137":{"start":{"line":329,"column":16},"end":{"line":332,"column":18}},"138":{"start":{"line":335,"column":16},"end":{"line":338,"column":18}},"139":{"start":{"line":342,"column":12},"end":{"line":342,"column":30}},"140":{"start":{"line":343,"column":12},"end":{"line":346,"column":14}}},"fnMap":{"0":{"name":"(anonymous_0)","decl":{"start":{"line":6,"column":17},"end":{"line":6,"column":18}},"loc":{"start":{"line":6,"column":36},"end":{"line":45,"column":5}},"line":6},"1":{"name":"(anonymous_1)","decl":{"start":{"line":46,"column":18},"end":{"line":46,"column":19}},"loc":{"start":{"line":46,"column":37},"end":{"line":91,"column":5}},"line":46},"2":{"name":"(anonymous_2)","decl":{"start":{"line":92,"column":17},"end":{"line":92,"column":18}},"loc":{"start":{"line":92,"column":36},"end":{"line":127,"column":5}},"line":92},"3":{"name":"(anonymous_3)","decl":{"start":{"line":128,"column":17},"end":{"line":128,"column":18}},"loc":{"start":{"line":128,"column":36},"end":{"line":167,"column":5}},"line":128},"4":{"name":"(anonymous_4)","decl":{"start":{"line":168,"column":15},"end":{"line":168,"column":16}},"loc":{"start":{"line":168,"column":34},"end":{"line":216,"column":5}},"line":168},"5":{"name":"(anonymous_5)","decl":{"start":{"line":182,"column":43},"end":{"line":182,"column":44}},"loc":{"start":{"line":182,"column":50},"end":{"line":182,"column":77}},"line":182},"6":{"name":"(anonymous_6)","decl":{"start":{"line":189,"column":45},"end":{"line":189,"column":46}},"loc":{"start":{"line":189,"column":52},"end":{"line":189,"column":79}},"line":189},"7":{"name":"(anonymous_7)","decl":{"start":{"line":190,"column":62},"end":{"line":190,"column":63}},"loc":{"start":{"line":190,"column":69},"end":{"line":190,"column":86}},"line":190},"8":{"name":"(anonymous_8)","decl":{"start":{"line":217,"column":18},"end":{"line":217,"column":19}},"loc":{"start":{"line":217,"column":37},"end":{"line":259,"column":5}},"line":217},"9":{"name":"(anonymous_9)","decl":{"start":{"line":229,"column":43},"end":{"line":229,"column":44}},"loc":{"start":{"line":229,"column":50},"end":{"line":229,"column":77}},"line":229},"10":{"name":"(anonymous_10)","decl":{"start":{"line":236,"column":56},"end":{"line":236,"column":57}},"loc":{"start":{"line":236,"column":63},"end":{"line":236,"column":80}},"line":236},"11":{"name":"(anonymous_11)","decl":{"start":{"line":260,"column":17},"end":{"line":260,"column":18}},"loc":{"start":{"line":260,"column":36},"end":{"line":305,"column":5}},"line":260},"12":{"name":"(anonymous_12)","decl":{"start":{"line":272,"column":45},"end":{"line":272,"column":46}},"loc":{"start":{"line":272,"column":52},"end":{"line":272,"column":79}},"line":272},"13":{"name":"(anonymous_13)","decl":{"start":{"line":278,"column":43},"end":{"line":278,"column":44}},"loc":{"start":{"line":278,"column":50},"end":{"line":278,"column":77}},"line":278},"14":{"name":"(anonymous_14)","decl":{"start":{"line":279,"column":60},"end":{"line":279,"column":61}},"loc":{"start":{"line":279,"column":67},"end":{"line":279,"column":84}},"line":279},"15":{"name":"(anonymous_15)","decl":{"start":{"line":306,"column":20},"end":{"line":306,"column":21}},"loc":{"start":{"line":306,"column":39},"end":{"line":348,"column":5}},"line":306},"16":{"name":"(anonymous_16)","decl":{"start":{"line":318,"column":45},"end":{"line":318,"column":46}},"loc":{"start":{"line":318,"column":52},"end":{"line":318,"column":79}},"line":318},"17":{"name":"(anonymous_17)","decl":{"start":{"line":325,"column":58},"end":{"line":325,"column":59}},"loc":{"start":{"line":325,"column":65},"end":{"line":325,"column":82}},"line":325}},"branchMap":{"0":{"loc":{"start":{"line":11,"column":12},"end":{"line":37,"column":13}},"type":"if","locations":[{"start":{"line":11,"column":12},"end":{"line":37,"column":13}},{"start":{"line":32,"column":19},"end":{"line":37,"column":13}}],"line":11},"1":{"loc":{"start":{"line":14,"column":16},"end":{"line":19,"column":17}},"type":"if","locations":[{"start":{"line":14,"column":16},"end":{"line":19,"column":17}},{"start":{},"end":{}}],"line":14},"2":{"loc":{"start":{"line":47,"column":21},"end":{"line":47,"column":50}},"type":"binary-expr","locations":[{"start":{"line":47,"column":21},"end":{"line":47,"column":45}},{"start":{"line":47,"column":49},"end":{"line":47,"column":50}}],"line":47},"3":{"loc":{"start":{"line":48,"column":22},"end":{"line":48,"column":53}},"type":"binary-expr","locations":[{"start":{"line":48,"column":22},"end":{"line":48,"column":47}},{"start":{"line":48,"column":51},"end":{"line":48,"column":53}}],"line":48},"4":{"loc":{"start":{"line":51,"column":12},"end":{"line":83,"column":13}},"type":"if","locations":[{"start":{"line":51,"column":12},"end":{"line":83,"column":13}},{"start":{"line":78,"column":19},"end":{"line":83,"column":13}}],"line":51},"5":{"loc":{"start":{"line":64,"column":16},"end":{"line":69,"column":17}},"type":"if","locations":[{"start":{"line":64,"column":16},"end":{"line":69,"column":17}},{"start":{},"end":{}}],"line":64},"6":{"loc":{"start":{"line":97,"column":12},"end":{"line":118,"column":13}},"type":"if","locations":[{"start":{"line":97,"column":12},"end":{"line":118,"column":13}},{"start":{"line":113,"column":19},"end":{"line":118,"column":13}}],"line":97},"7":{"loc":{"start":{"line":102,"column":16},"end":{"line":107,"column":17}},"type":"if","locations":[{"start":{"line":102,"column":16},"end":{"line":107,"column":17}},{"start":{},"end":{}}],"line":102},"8":{"loc":{"start":{"line":133,"column":12},"end":{"line":138,"column":13}},"type":"if","locations":[{"start":{"line":133,"column":12},"end":{"line":138,"column":13}},{"start":{},"end":{}}],"line":133},"9":{"loc":{"start":{"line":140,"column":12},"end":{"line":145,"column":13}},"type":"if","locations":[{"start":{"line":140,"column":12},"end":{"line":145,"column":13}},{"start":{},"end":{}}],"line":140},"10":{"loc":{"start":{"line":150,"column":12},"end":{"line":155,"column":13}},"type":"if","locations":[{"start":{"line":150,"column":12},"end":{"line":155,"column":13}},{"start":{},"end":{}}],"line":150},"11":{"loc":{"start":{"line":173,"column":12},"end":{"line":208,"column":13}},"type":"if","locations":[{"start":{"line":173,"column":12},"end":{"line":208,"column":13}},{"start":{"line":203,"column":19},"end":{"line":208,"column":13}}],"line":173},"12":{"loc":{"start":{"line":175,"column":16},"end":{"line":180,"column":17}},"type":"if","locations":[{"start":{"line":175,"column":16},"end":{"line":180,"column":17}},{"start":{},"end":{}}],"line":175},"13":{"loc":{"start":{"line":182,"column":16},"end":{"line":187,"column":17}},"type":"if","locations":[{"start":{"line":182,"column":16},"end":{"line":187,"column":17}},{"start":{},"end":{}}],"line":182},"14":{"loc":{"start":{"line":189,"column":16},"end":{"line":192,"column":17}},"type":"if","locations":[{"start":{"line":189,"column":16},"end":{"line":192,"column":17}},{"start":{},"end":{}}],"line":189},"15":{"loc":{"start":{"line":221,"column":12},"end":{"line":250,"column":13}},"type":"if","locations":[{"start":{"line":221,"column":12},"end":{"line":250,"column":13}},{"start":{"line":245,"column":19},"end":{"line":250,"column":13}}],"line":221},"16":{"loc":{"start":{"line":223,"column":16},"end":{"line":228,"column":17}},"type":"if","locations":[{"start":{"line":223,"column":16},"end":{"line":228,"column":17}},{"start":{},"end":{}}],"line":223},"17":{"loc":{"start":{"line":229,"column":16},"end":{"line":234,"column":17}},"type":"if","locations":[{"start":{"line":229,"column":16},"end":{"line":234,"column":17}},{"start":{},"end":{}}],"line":229},"18":{"loc":{"start":{"line":264,"column":12},"end":{"line":296,"column":13}},"type":"if","locations":[{"start":{"line":264,"column":12},"end":{"line":296,"column":13}},{"start":{"line":291,"column":19},"end":{"line":296,"column":13}}],"line":264},"19":{"loc":{"start":{"line":266,"column":16},"end":{"line":271,"column":17}},"type":"if","locations":[{"start":{"line":266,"column":16},"end":{"line":271,"column":17}},{"start":{},"end":{}}],"line":266},"20":{"loc":{"start":{"line":272,"column":16},"end":{"line":277,"column":17}},"type":"if","locations":[{"start":{"line":272,"column":16},"end":{"line":277,"column":17}},{"start":{},"end":{}}],"line":272},"21":{"loc":{"start":{"line":278,"column":16},"end":{"line":281,"column":17}},"type":"if","locations":[{"start":{"line":278,"column":16},"end":{"line":281,"column":17}},{"start":{},"end":{}}],"line":278},"22":{"loc":{"start":{"line":310,"column":12},"end":{"line":339,"column":13}},"type":"if","locations":[{"start":{"line":310,"column":12},"end":{"line":339,"column":13}},{"start":{"line":334,"column":19},"end":{"line":339,"column":13}}],"line":310},"23":{"loc":{"start":{"line":312,"column":16},"end":{"line":317,"column":17}},"type":"if","locations":[{"start":{"line":312,"column":16},"end":{"line":317,"column":17}},{"start":{},"end":{}}],"line":312},"24":{"loc":{"start":{"line":318,"column":16},"end":{"line":323,"column":17}},"type":"if","locations":[{"start":{"line":318,"column":16},"end":{"line":323,"column":17}},{"start":{},"end":{}}],"line":318}},"s":{"0":6,"1":6,"2":6,"3":6,"4":1,"5":1,"6":1,"7":1,"8":1,"9":1,"10":1,"11":0,"12":1,"13":1,"14":1,"15":1,"16":0,"17":0,"18":0,"19":1,"20":1,"21":1,"22":1,"23":1,"24":1,"25":1,"26":1,"27":0,"28":1,"29":1,"30":0,"31":0,"32":0,"33":1,"34":1,"35":1,"36":1,"37":1,"38":1,"39":1,"40":0,"41":1,"42":0,"43":0,"44":0,"45":1,"46":1,"47":1,"48":1,"49":1,"50":0,"51":1,"52":1,"53":0,"54":1,"55":1,"56":1,"57":1,"58":1,"59":0,"60":1,"61":0,"62":0,"63":0,"64":0,"65":0,"66":0,"67":0,"68":0,"69":0,"70":0,"71":0,"72":0,"73":0,"74":0,"75":0,"76":0,"77":0,"78":0,"79":0,"80":0,"81":0,"82":0,"83":0,"84":0,"85":0,"86":0,"87":0,"88":0,"89":0,"90":0,"91":0,"92":0,"93":0,"94":0,"95":0,"96":0,"97":0,"98":0,"99":0,"100":0,"101":0,"102":0,"103":0,"104":0,"105":0,"106":0,"107":0,"108":0,"109":0,"110":0,"111":0,"112":0,"113":0,"114":0,"115":0,"116":0,"117":0,"118":0,"119":0,"120":0,"121":0,"122":0,"123":0,"124":0,"125":0,"126":0,"127":0,"128":0,"129":0,"130":0,"131":0,"132":0,"133":0,"134":0,"135":0,"136":0,"137":0,"138":0,"139":0,"140":0},"f":{"0":1,"1":1,"2":1,"3":1,"4":0,"5":0,"6":0,"7":0,"8":0,"9":0,"10":0,"11":0,"12":0,"13":0,"14":0,"15":0,"16":0,"17":0},"b":{"0":[1,0],"1":[0,1],"2":[1,1],"3":[1,1],"4":[1,0],"5":[0,1],"6":[1,0],"7":[0,1],"8":[0,1],"9":[0,1],"10":[0,1],"11":[0,0],"12":[0,0],"13":[0,0],"14":[0,0],"15":[0,0],"16":[0,0],"17":[0,0],"18":[0,0],"19":[0,0],"20":[0,0],"21":[0,0],"22":[0,0],"23":[0,0],"24":[0,0]},"_coverageSchema":"1a1c01bbd47fc00a2c39e90264f33305004495a9","hash":"574511f15d055fad4cf9face16de88be64b27b4c"}
,"/home/pii/Glints/Kelas/final-project/backendhobbytalk/controllers/SubReplyController.js": {"path":"/home/pii/Glints/Kelas/final-project/backendhobbytalk/controllers/SubReplyController.js","statementMap":{"0":{"start":{"line":1,"column":14},"end":{"line":1,"column":40}},"1":{"start":{"line":2,"column":17},"end":{"line":2,"column":46}},"2":{"start":{"line":3,"column":15},"end":{"line":3,"column":43}},"3":{"start":{"line":5,"column":0},"end":{"line":314,"column":2}},"4":{"start":{"line":7,"column":21},"end":{"line":7,"column":29}},"5":{"start":{"line":8,"column":19},"end":{"line":8,"column":37}},"6":{"start":{"line":9,"column":23},"end":{"line":9,"column":34}},"7":{"start":{"line":10,"column":8},"end":{"line":44,"column":9}},"8":{"start":{"line":11,"column":12},"end":{"line":37,"column":13}},"9":{"start":{"line":13,"column":34},"end":{"line":13,"column":58}},"10":{"start":{"line":14,"column":16},"end":{"line":19,"column":17}},"11":{"start":{"line":15,"column":20},"end":{"line":18,"column":22}},"12":{"start":{"line":20,"column":37},"end":{"line":24,"column":18}},"13":{"start":{"line":25,"column":16},"end":{"line":25,"column":66}},"14":{"start":{"line":26,"column":16},"end":{"line":26,"column":38}},"15":{"start":{"line":27,"column":16},"end":{"line":31,"column":19}},"16":{"start":{"line":33,"column":16},"end":{"line":36,"column":18}},"17":{"start":{"line":39,"column":12},"end":{"line":39,"column":31}},"18":{"start":{"line":40,"column":12},"end":{"line":43,"column":15}},"19":{"start":{"line":47,"column":21},"end":{"line":47,"column":50}},"20":{"start":{"line":48,"column":22},"end":{"line":48,"column":53}},"21":{"start":{"line":49,"column":19},"end":{"line":49,"column":37}},"22":{"start":{"line":50,"column":8},"end":{"line":87,"column":9}},"23":{"start":{"line":51,"column":12},"end":{"line":80,"column":13}},"24":{"start":{"line":52,"column":37},"end":{"line":52,"column":73}},"25":{"start":{"line":53,"column":35},"end":{"line":61,"column":68}},"26":{"start":{"line":62,"column":16},"end":{"line":67,"column":17}},"27":{"start":{"line":63,"column":20},"end":{"line":66,"column":22}},"28":{"start":{"line":68,"column":16},"end":{"line":74,"column":18}},"29":{"start":{"line":76,"column":16},"end":{"line":79,"column":18}},"30":{"start":{"line":82,"column":12},"end":{"line":82,"column":31}},"31":{"start":{"line":83,"column":12},"end":{"line":86,"column":15}},"32":{"start":{"line":90,"column":24},"end":{"line":90,"column":37}},"33":{"start":{"line":91,"column":21},"end":{"line":91,"column":29}},"34":{"start":{"line":92,"column":23},"end":{"line":92,"column":34}},"35":{"start":{"line":93,"column":8},"end":{"line":122,"column":9}},"36":{"start":{"line":94,"column":12},"end":{"line":115,"column":13}},"37":{"start":{"line":96,"column":39},"end":{"line":98,"column":18}},"38":{"start":{"line":99,"column":16},"end":{"line":104,"column":17}},"39":{"start":{"line":100,"column":20},"end":{"line":103,"column":22}},"40":{"start":{"line":105,"column":16},"end":{"line":109,"column":19}},"41":{"start":{"line":111,"column":16},"end":{"line":114,"column":18}},"42":{"start":{"line":117,"column":12},"end":{"line":117,"column":31}},"43":{"start":{"line":118,"column":12},"end":{"line":121,"column":15}},"44":{"start":{"line":125,"column":19},"end":{"line":125,"column":32}},"45":{"start":{"line":126,"column":23},"end":{"line":126,"column":34}},"46":{"start":{"line":127,"column":8},"end":{"line":162,"column":9}},"47":{"start":{"line":128,"column":28},"end":{"line":128,"column":55}},"48":{"start":{"line":129,"column":12},"end":{"line":134,"column":13}},"49":{"start":{"line":130,"column":16},"end":{"line":133,"column":18}},"50":{"start":{"line":135,"column":31},"end":{"line":135,"column":73}},"51":{"start":{"line":136,"column":12},"end":{"line":141,"column":13}},"52":{"start":{"line":137,"column":16},"end":{"line":140,"column":18}},"53":{"start":{"line":142,"column":27},"end":{"line":142,"column":64}},"54":{"start":{"line":143,"column":12},"end":{"line":143,"column":42}},"55":{"start":{"line":144,"column":12},"end":{"line":144,"column":31}},"56":{"start":{"line":145,"column":35},"end":{"line":145,"column":72}},"57":{"start":{"line":146,"column":12},"end":{"line":151,"column":13}},"58":{"start":{"line":147,"column":16},"end":{"line":150,"column":18}},"59":{"start":{"line":152,"column":12},"end":{"line":155,"column":14}},"60":{"start":{"line":157,"column":12},"end":{"line":157,"column":31}},"61":{"start":{"line":158,"column":12},"end":{"line":161,"column":15}},"62":{"start":{"line":165,"column":27},"end":{"line":165,"column":40}},"63":{"start":{"line":166,"column":23},"end":{"line":166,"column":34}},"64":{"start":{"line":167,"column":8},"end":{"line":202,"column":9}},"65":{"start":{"line":168,"column":12},"end":{"line":195,"column":13}},"66":{"start":{"line":169,"column":33},"end":{"line":169,"column":68}},"67":{"start":{"line":170,"column":16},"end":{"line":170,"column":37}},"68":{"start":{"line":171,"column":16},"end":{"line":176,"column":17}},"69":{"start":{"line":171,"column":52},"end":{"line":171,"column":83}},"70":{"start":{"line":172,"column":20},"end":{"line":175,"column":22}},"71":{"start":{"line":178,"column":16},"end":{"line":181,"column":17}},"72":{"start":{"line":178,"column":58},"end":{"line":178,"column":93}},"73":{"start":{"line":179,"column":40},"end":{"line":179,"column":102}},"74":{"start":{"line":179,"column":68},"end":{"line":179,"column":85}},"75":{"start":{"line":180,"column":20},"end":{"line":180,"column":60}},"76":{"start":{"line":183,"column":16},"end":{"line":183,"column":62}},"77":{"start":{"line":185,"column":16},"end":{"line":185,"column":37}},"78":{"start":{"line":186,"column":16},"end":{"line":189,"column":18}},"79":{"start":{"line":191,"column":16},"end":{"line":194,"column":18}},"80":{"start":{"line":197,"column":12},"end":{"line":197,"column":31}},"81":{"start":{"line":198,"column":12},"end":{"line":201,"column":15}},"82":{"start":{"line":205,"column":27},"end":{"line":205,"column":40}},"83":{"start":{"line":206,"column":23},"end":{"line":206,"column":34}},"84":{"start":{"line":207,"column":8},"end":{"line":237,"column":9}},"85":{"start":{"line":208,"column":12},"end":{"line":230,"column":13}},"86":{"start":{"line":209,"column":33},"end":{"line":209,"column":68}},"87":{"start":{"line":211,"column":16},"end":{"line":216,"column":17}},"88":{"start":{"line":211,"column":52},"end":{"line":211,"column":83}},"89":{"start":{"line":212,"column":20},"end":{"line":215,"column":22}},"90":{"start":{"line":218,"column":36},"end":{"line":218,"column":96}},"91":{"start":{"line":218,"column":62},"end":{"line":218,"column":79}},"92":{"start":{"line":219,"column":16},"end":{"line":219,"column":54}},"93":{"start":{"line":220,"column":16},"end":{"line":220,"column":37}},"94":{"start":{"line":221,"column":16},"end":{"line":224,"column":18}},"95":{"start":{"line":226,"column":16},"end":{"line":229,"column":18}},"96":{"start":{"line":232,"column":12},"end":{"line":232,"column":31}},"97":{"start":{"line":233,"column":12},"end":{"line":236,"column":15}},"98":{"start":{"line":240,"column":27},"end":{"line":240,"column":40}},"99":{"start":{"line":241,"column":23},"end":{"line":241,"column":34}},"100":{"start":{"line":242,"column":8},"end":{"line":277,"column":9}},"101":{"start":{"line":243,"column":12},"end":{"line":270,"column":13}},"102":{"start":{"line":244,"column":33},"end":{"line":244,"column":68}},"103":{"start":{"line":246,"column":16},"end":{"line":249,"column":17}},"104":{"start":{"line":246,"column":52},"end":{"line":246,"column":83}},"105":{"start":{"line":247,"column":40},"end":{"line":247,"column":100}},"106":{"start":{"line":247,"column":66},"end":{"line":247,"column":83}},"107":{"start":{"line":248,"column":20},"end":{"line":248,"column":58}},"108":{"start":{"line":251,"column":16},"end":{"line":256,"column":17}},"109":{"start":{"line":251,"column":58},"end":{"line":251,"column":93}},"110":{"start":{"line":252,"column":20},"end":{"line":255,"column":22}},"111":{"start":{"line":258,"column":16},"end":{"line":258,"column":64}},"112":{"start":{"line":260,"column":16},"end":{"line":260,"column":37}},"113":{"start":{"line":261,"column":16},"end":{"line":264,"column":18}},"114":{"start":{"line":266,"column":16},"end":{"line":269,"column":18}},"115":{"start":{"line":272,"column":12},"end":{"line":272,"column":31}},"116":{"start":{"line":273,"column":12},"end":{"line":276,"column":15}},"117":{"start":{"line":280,"column":27},"end":{"line":280,"column":40}},"118":{"start":{"line":281,"column":23},"end":{"line":281,"column":34}},"119":{"start":{"line":282,"column":8},"end":{"line":312,"column":9}},"120":{"start":{"line":283,"column":12},"end":{"line":305,"column":13}},"121":{"start":{"line":284,"column":33},"end":{"line":284,"column":68}},"122":{"start":{"line":286,"column":16},"end":{"line":291,"column":17}},"123":{"start":{"line":286,"column":58},"end":{"line":286,"column":93}},"124":{"start":{"line":287,"column":20},"end":{"line":290,"column":22}},"125":{"start":{"line":293,"column":36},"end":{"line":293,"column":98}},"126":{"start":{"line":293,"column":64},"end":{"line":293,"column":81}},"127":{"start":{"line":294,"column":16},"end":{"line":294,"column":56}},"128":{"start":{"line":295,"column":16},"end":{"line":295,"column":37}},"129":{"start":{"line":296,"column":16},"end":{"line":299,"column":18}},"130":{"start":{"line":301,"column":16},"end":{"line":304,"column":18}},"131":{"start":{"line":307,"column":12},"end":{"line":307,"column":31}},"132":{"start":{"line":308,"column":12},"end":{"line":311,"column":15}}},"fnMap":{"0":{"name":"(anonymous_0)","decl":{"start":{"line":6,"column":20},"end":{"line":6,"column":21}},"loc":{"start":{"line":6,"column":39},"end":{"line":45,"column":5}},"line":6},"1":{"name":"(anonymous_1)","decl":{"start":{"line":46,"column":21},"end":{"line":46,"column":22}},"loc":{"start":{"line":46,"column":40},"end":{"line":88,"column":5}},"line":46},"2":{"name":"(anonymous_2)","decl":{"start":{"line":89,"column":20},"end":{"line":89,"column":21}},"loc":{"start":{"line":89,"column":39},"end":{"line":123,"column":5}},"line":89},"3":{"name":"(anonymous_3)","decl":{"start":{"line":124,"column":20},"end":{"line":124,"column":21}},"loc":{"start":{"line":124,"column":39},"end":{"line":163,"column":5}},"line":124},"4":{"name":"(anonymous_4)","decl":{"start":{"line":164,"column":20},"end":{"line":164,"column":21}},"loc":{"start":{"line":164,"column":39},"end":{"line":203,"column":5}},"line":164},"5":{"name":"(anonymous_5)","decl":{"start":{"line":171,"column":42},"end":{"line":171,"column":43}},"loc":{"start":{"line":171,"column":52},"end":{"line":171,"column":83}},"line":171},"6":{"name":"(anonymous_6)","decl":{"start":{"line":178,"column":44},"end":{"line":178,"column":45}},"loc":{"start":{"line":178,"column":58},"end":{"line":178,"column":93}},"line":178},"7":{"name":"(anonymous_7)","decl":{"start":{"line":179,"column":61},"end":{"line":179,"column":62}},"loc":{"start":{"line":179,"column":68},"end":{"line":179,"column":85}},"line":179},"8":{"name":"(anonymous_8)","decl":{"start":{"line":204,"column":18},"end":{"line":204,"column":19}},"loc":{"start":{"line":204,"column":37},"end":{"line":238,"column":5}},"line":204},"9":{"name":"(anonymous_9)","decl":{"start":{"line":211,"column":42},"end":{"line":211,"column":43}},"loc":{"start":{"line":211,"column":52},"end":{"line":211,"column":83}},"line":211},"10":{"name":"(anonymous_10)","decl":{"start":{"line":218,"column":55},"end":{"line":218,"column":56}},"loc":{"start":{"line":218,"column":62},"end":{"line":218,"column":79}},"line":218},"11":{"name":"(anonymous_11)","decl":{"start":{"line":239,"column":22},"end":{"line":239,"column":23}},"loc":{"start":{"line":239,"column":41},"end":{"line":278,"column":5}},"line":239},"12":{"name":"(anonymous_12)","decl":{"start":{"line":246,"column":42},"end":{"line":246,"column":43}},"loc":{"start":{"line":246,"column":52},"end":{"line":246,"column":83}},"line":246},"13":{"name":"(anonymous_13)","decl":{"start":{"line":247,"column":59},"end":{"line":247,"column":60}},"loc":{"start":{"line":247,"column":66},"end":{"line":247,"column":83}},"line":247},"14":{"name":"(anonymous_14)","decl":{"start":{"line":251,"column":44},"end":{"line":251,"column":45}},"loc":{"start":{"line":251,"column":58},"end":{"line":251,"column":93}},"line":251},"15":{"name":"(anonymous_15)","decl":{"start":{"line":279,"column":20},"end":{"line":279,"column":21}},"loc":{"start":{"line":279,"column":39},"end":{"line":313,"column":5}},"line":279},"16":{"name":"(anonymous_16)","decl":{"start":{"line":286,"column":44},"end":{"line":286,"column":45}},"loc":{"start":{"line":286,"column":58},"end":{"line":286,"column":93}},"line":286},"17":{"name":"(anonymous_17)","decl":{"start":{"line":293,"column":57},"end":{"line":293,"column":58}},"loc":{"start":{"line":293,"column":64},"end":{"line":293,"column":81}},"line":293}},"branchMap":{"0":{"loc":{"start":{"line":11,"column":12},"end":{"line":37,"column":13}},"type":"if","locations":[{"start":{"line":11,"column":12},"end":{"line":37,"column":13}},{"start":{"line":32,"column":19},"end":{"line":37,"column":13}}],"line":11},"1":{"loc":{"start":{"line":14,"column":16},"end":{"line":19,"column":17}},"type":"if","locations":[{"start":{"line":14,"column":16},"end":{"line":19,"column":17}},{"start":{},"end":{}}],"line":14},"2":{"loc":{"start":{"line":47,"column":21},"end":{"line":47,"column":50}},"type":"binary-expr","locations":[{"start":{"line":47,"column":21},"end":{"line":47,"column":45}},{"start":{"line":47,"column":49},"end":{"line":47,"column":50}}],"line":47},"3":{"loc":{"start":{"line":48,"column":22},"end":{"line":48,"column":53}},"type":"binary-expr","locations":[{"start":{"line":48,"column":22},"end":{"line":48,"column":47}},{"start":{"line":48,"column":51},"end":{"line":48,"column":53}}],"line":48},"4":{"loc":{"start":{"line":51,"column":12},"end":{"line":80,"column":13}},"type":"if","locations":[{"start":{"line":51,"column":12},"end":{"line":80,"column":13}},{"start":{"line":75,"column":19},"end":{"line":80,"column":13}}],"line":51},"5":{"loc":{"start":{"line":62,"column":16},"end":{"line":67,"column":17}},"type":"if","locations":[{"start":{"line":62,"column":16},"end":{"line":67,"column":17}},{"start":{},"end":{}}],"line":62},"6":{"loc":{"start":{"line":94,"column":12},"end":{"line":115,"column":13}},"type":"if","locations":[{"start":{"line":94,"column":12},"end":{"line":115,"column":13}},{"start":{"line":110,"column":19},"end":{"line":115,"column":13}}],"line":94},"7":{"loc":{"start":{"line":99,"column":16},"end":{"line":104,"column":17}},"type":"if","locations":[{"start":{"line":99,"column":16},"end":{"line":104,"column":17}},{"start":{},"end":{}}],"line":99},"8":{"loc":{"start":{"line":129,"column":12},"end":{"line":134,"column":13}},"type":"if","locations":[{"start":{"line":129,"column":12},"end":{"line":134,"column":13}},{"start":{},"end":{}}],"line":129},"9":{"loc":{"start":{"line":136,"column":12},"end":{"line":141,"column":13}},"type":"if","locations":[{"start":{"line":136,"column":12},"end":{"line":141,"column":13}},{"start":{},"end":{}}],"line":136},"10":{"loc":{"start":{"line":146,"column":12},"end":{"line":151,"column":13}},"type":"if","locations":[{"start":{"line":146,"column":12},"end":{"line":151,"column":13}},{"start":{},"end":{}}],"line":146},"11":{"loc":{"start":{"line":168,"column":12},"end":{"line":195,"column":13}},"type":"if","locations":[{"start":{"line":168,"column":12},"end":{"line":195,"column":13}},{"start":{"line":190,"column":19},"end":{"line":195,"column":13}}],"line":168},"12":{"loc":{"start":{"line":171,"column":16},"end":{"line":176,"column":17}},"type":"if","locations":[{"start":{"line":171,"column":16},"end":{"line":176,"column":17}},{"start":{},"end":{}}],"line":171},"13":{"loc":{"start":{"line":178,"column":16},"end":{"line":181,"column":17}},"type":"if","locations":[{"start":{"line":178,"column":16},"end":{"line":181,"column":17}},{"start":{},"end":{}}],"line":178},"14":{"loc":{"start":{"line":208,"column":12},"end":{"line":230,"column":13}},"type":"if","locations":[{"start":{"line":208,"column":12},"end":{"line":230,"column":13}},{"start":{"line":225,"column":19},"end":{"line":230,"column":13}}],"line":208},"15":{"loc":{"start":{"line":211,"column":16},"end":{"line":216,"column":17}},"type":"if","locations":[{"start":{"line":211,"column":16},"end":{"line":216,"column":17}},{"start":{},"end":{}}],"line":211},"16":{"loc":{"start":{"line":243,"column":12},"end":{"line":270,"column":13}},"type":"if","locations":[{"start":{"line":243,"column":12},"end":{"line":270,"column":13}},{"start":{"line":265,"column":19},"end":{"line":270,"column":13}}],"line":243},"17":{"loc":{"start":{"line":246,"column":16},"end":{"line":249,"column":17}},"type":"if","locations":[{"start":{"line":246,"column":16},"end":{"line":249,"column":17}},{"start":{},"end":{}}],"line":246},"18":{"loc":{"start":{"line":251,"column":16},"end":{"line":256,"column":17}},"type":"if","locations":[{"start":{"line":251,"column":16},"end":{"line":256,"column":17}},{"start":{},"end":{}}],"line":251},"19":{"loc":{"start":{"line":283,"column":12},"end":{"line":305,"column":13}},"type":"if","locations":[{"start":{"line":283,"column":12},"end":{"line":305,"column":13}},{"start":{"line":300,"column":19},"end":{"line":305,"column":13}}],"line":283},"20":{"loc":{"start":{"line":286,"column":16},"end":{"line":291,"column":17}},"type":"if","locations":[{"start":{"line":286,"column":16},"end":{"line":291,"column":17}},{"start":{},"end":{}}],"line":286}},"s":{"0":6,"1":6,"2":6,"3":6,"4":1,"5":1,"6":1,"7":1,"8":1,"9":1,"10":1,"11":0,"12":1,"13":1,"14":1,"15":1,"16":0,"17":0,"18":0,"19":1,"20":1,"21":1,"22":1,"23":1,"24":1,"25":1,"26":1,"27":0,"28":1,"29":0,"30":0,"31":0,"32":1,"33":1,"34":1,"35":1,"36":1,"37":1,"38":1,"39":0,"40":1,"41":0,"42":0,"43":0,"44":1,"45":1,"46":1,"47":1,"48":1,"49":0,"50":1,"51":1,"52":0,"53":1,"54":1,"55":1,"56":1,"57":1,"58":0,"59":1,"60":0,"61":0,"62":0,"63":0,"64":0,"65":0,"66":0,"67":0,"68":0,"69":0,"70":0,"71":0,"72":0,"73":0,"74":0,"75":0,"76":0,"77":0,"78":0,"79":0,"80":0,"81":0,"82":0,"83":0,"84":0,"85":0,"86":0,"87":0,"88":0,"89":0,"90":0,"91":0,"92":0,"93":0,"94":0,"95":0,"96":0,"97":0,"98":0,"99":0,"100":0,"101":0,"102":0,"103":0,"104":0,"105":0,"106":0,"107":0,"108":0,"109":0,"110":0,"111":0,"112":0,"113":0,"114":0,"115":0,"116":0,"117":0,"118":0,"119":0,"120":0,"121":0,"122":0,"123":0,"124":0,"125":0,"126":0,"127":0,"128":0,"129":0,"130":0,"131":0,"132":0},"f":{"0":1,"1":1,"2":1,"3":1,"4":0,"5":0,"6":0,"7":0,"8":0,"9":0,"10":0,"11":0,"12":0,"13":0,"14":0,"15":0,"16":0,"17":0},"b":{"0":[1,0],"1":[0,1],"2":[1,1],"3":[1,1],"4":[1,0],"5":[0,1],"6":[1,0],"7":[0,1],"8":[0,1],"9":[0,1],"10":[0,1],"11":[0,0],"12":[0,0],"13":[0,0],"14":[0,0],"15":[0,0],"16":[0,0],"17":[0,0],"18":[0,0],"19":[0,0],"20":[0,0]},"_coverageSchema":"1a1c01bbd47fc00a2c39e90264f33305004495a9","hash":"f048de5cce69feab8abb447da0423578838fd81d"}
,"/home/pii/Glints/Kelas/final-project/backendhobbytalk/controllers/ThreadCategory.js": {"path":"/home/pii/Glints/Kelas/final-project/backendhobbytalk/controllers/ThreadCategory.js","statementMap":{"0":{"start":{"line":1,"column":23},"end":{"line":1,"column":52}},"1":{"start":{"line":2,"column":0},"end":{"line":54,"column":1}},"2":{"start":{"line":4,"column":21},"end":{"line":4,"column":50}},"3":{"start":{"line":5,"column":22},"end":{"line":5,"column":23}},"4":{"start":{"line":6,"column":19},"end":{"line":6,"column":32}},"5":{"start":{"line":7,"column":8},"end":{"line":52,"column":9}},"6":{"start":{"line":9,"column":28},"end":{"line":17,"column":98}},"7":{"start":{"line":19,"column":26},"end":{"line":19,"column":55}},"8":{"start":{"line":21,"column":23},"end":{"line":21,"column":31}},"9":{"start":{"line":22,"column":12},"end":{"line":24,"column":13}},"10":{"start":{"line":23,"column":16},"end":{"line":23,"column":24}},"11":{"start":{"line":25,"column":27},"end":{"line":25,"column":28}},"12":{"start":{"line":26,"column":12},"end":{"line":28,"column":13}},"13":{"start":{"line":27,"column":16},"end":{"line":27,"column":35}},"14":{"start":{"line":29,"column":24},"end":{"line":29,"column":48}},"15":{"start":{"line":31,"column":12},"end":{"line":36,"column":13}},"16":{"start":{"line":32,"column":16},"end":{"line":35,"column":18}},"17":{"start":{"line":37,"column":12},"end":{"line":45,"column":15}},"18":{"start":{"line":47,"column":12},"end":{"line":47,"column":31}},"19":{"start":{"line":48,"column":12},"end":{"line":51,"column":15}}},"fnMap":{"0":{"name":"(anonymous_0)","decl":{"start":{"line":3,"column":13},"end":{"line":3,"column":14}},"loc":{"start":{"line":3,"column":32},"end":{"line":53,"column":5}},"line":3}},"branchMap":{"0":{"loc":{"start":{"line":4,"column":21},"end":{"line":4,"column":50}},"type":"binary-expr","locations":[{"start":{"line":4,"column":21},"end":{"line":4,"column":45}},{"start":{"line":4,"column":49},"end":{"line":4,"column":50}}],"line":4},"1":{"loc":{"start":{"line":22,"column":12},"end":{"line":24,"column":13}},"type":"if","locations":[{"start":{"line":22,"column":12},"end":{"line":24,"column":13}},{"start":{},"end":{}}],"line":22},"2":{"loc":{"start":{"line":26,"column":12},"end":{"line":28,"column":13}},"type":"if","locations":[{"start":{"line":26,"column":12},"end":{"line":28,"column":13}},{"start":{},"end":{}}],"line":26},"3":{"loc":{"start":{"line":31,"column":12},"end":{"line":36,"column":13}},"type":"if","locations":[{"start":{"line":31,"column":12},"end":{"line":36,"column":13}},{"start":{},"end":{}}],"line":31}},"s":{"0":6,"1":6,"2":1,"3":1,"4":1,"5":1,"6":1,"7":1,"8":1,"9":1,"10":0,"11":1,"12":1,"13":0,"14":1,"15":1,"16":0,"17":1,"18":0,"19":0},"f":{"0":1},"b":{"0":[1,1],"1":[0,1],"2":[0,1],"3":[0,1]},"_coverageSchema":"1a1c01bbd47fc00a2c39e90264f33305004495a9","hash":"52464f9afe3652bdf385573d8c24842138ecaf44"}
,"/home/pii/Glints/Kelas/final-project/backendhobbytalk/controllers/authController.js": {"path":"/home/pii/Glints/Kelas/final-project/backendhobbytalk/controllers/authController.js","statementMap":{"0":{"start":{"line":1,"column":14},"end":{"line":1,"column":40}},"1":{"start":{"line":2,"column":40},"end":{"line":2,"column":70}},"2":{"start":{"line":3,"column":22},"end":{"line":3,"column":48}},"3":{"start":{"line":4,"column":12},"end":{"line":4,"column":26}},"4":{"start":{"line":5,"column":15},"end":{"line":5,"column":32}},"5":{"start":{"line":6,"column":12},"end":{"line":6,"column":35}},"6":{"start":{"line":7,"column":0},"end":{"line":7,"column":26}},"7":{"start":{"line":9,"column":0},"end":{"line":183,"column":1}},"8":{"start":{"line":11,"column":8},"end":{"line":83,"column":9}},"9":{"start":{"line":13,"column":46},"end":{"line":13,"column":54}},"10":{"start":{"line":15,"column":27},"end":{"line":19,"column":14}},"11":{"start":{"line":21,"column":30},"end":{"line":27,"column":14}},"12":{"start":{"line":29,"column":12},"end":{"line":35,"column":13}},"13":{"start":{"line":30,"column":16},"end":{"line":34,"column":18}},"14":{"start":{"line":37,"column":31},"end":{"line":39,"column":14}},"15":{"start":{"line":41,"column":12},"end":{"line":46,"column":13}},"16":{"start":{"line":42,"column":16},"end":{"line":45,"column":18}},"17":{"start":{"line":48,"column":33},"end":{"line":48,"column":57}},"18":{"start":{"line":50,"column":30},"end":{"line":50,"column":51}},"19":{"start":{"line":52,"column":27},"end":{"line":57,"column":14}},"20":{"start":{"line":58,"column":12},"end":{"line":58,"column":92}},"21":{"start":{"line":60,"column":12},"end":{"line":65,"column":13}},"22":{"start":{"line":61,"column":16},"end":{"line":64,"column":18}},"23":{"start":{"line":67,"column":12},"end":{"line":67,"column":92}},"24":{"start":{"line":69,"column":12},"end":{"line":69,"column":39}},"25":{"start":{"line":71,"column":12},"end":{"line":75,"column":14}},"26":{"start":{"line":78,"column":12},"end":{"line":78,"column":30}},"27":{"start":{"line":79,"column":12},"end":{"line":82,"column":14}},"28":{"start":{"line":87,"column":36},"end":{"line":87,"column":44}},"29":{"start":{"line":88,"column":21},"end":{"line":88,"column":29}},"30":{"start":{"line":89,"column":8},"end":{"line":148,"column":9}},"31":{"start":{"line":90,"column":27},"end":{"line":93,"column":14}},"32":{"start":{"line":95,"column":30},"end":{"line":95,"column":57}},"33":{"start":{"line":97,"column":12},"end":{"line":103,"column":13}},"34":{"start":{"line":98,"column":16},"end":{"line":102,"column":18}},"35":{"start":{"line":104,"column":31},"end":{"line":106,"column":14}},"36":{"start":{"line":108,"column":12},"end":{"line":113,"column":13}},"37":{"start":{"line":109,"column":16},"end":{"line":112,"column":19}},"38":{"start":{"line":114,"column":34},"end":{"line":115,"column":36}},"39":{"start":{"line":117,"column":12},"end":{"line":122,"column":13}},"40":{"start":{"line":118,"column":16},"end":{"line":121,"column":19}},"41":{"start":{"line":123,"column":28},"end":{"line":126,"column":13}},"42":{"start":{"line":128,"column":12},"end":{"line":132,"column":13}},"43":{"start":{"line":129,"column":16},"end":{"line":131,"column":18}},"44":{"start":{"line":134,"column":12},"end":{"line":140,"column":15}},"45":{"start":{"line":135,"column":16},"end":{"line":139,"column":19}},"46":{"start":{"line":143,"column":12},"end":{"line":143,"column":30}},"47":{"start":{"line":144,"column":12},"end":{"line":147,"column":14}},"48":{"start":{"line":153,"column":8},"end":{"line":181,"column":9}},"49":{"start":{"line":154,"column":31},"end":{"line":156,"column":14}},"50":{"start":{"line":157,"column":12},"end":{"line":173,"column":13}},"51":{"start":{"line":158,"column":16},"end":{"line":161,"column":18}},"52":{"start":{"line":163,"column":29},"end":{"line":168,"column":18}},"53":{"start":{"line":169,"column":16},"end":{"line":172,"column":18}},"54":{"start":{"line":175,"column":12},"end":{"line":177,"column":15}},"55":{"start":{"line":176,"column":16},"end":{"line":176,"column":55}},"56":{"start":{"line":179,"column":12},"end":{"line":180,"column":35}}},"fnMap":{"0":{"name":"(anonymous_0)","decl":{"start":{"line":10,"column":12},"end":{"line":10,"column":13}},"loc":{"start":{"line":10,"column":31},"end":{"line":84,"column":5}},"line":10},"1":{"name":"(anonymous_1)","decl":{"start":{"line":86,"column":11},"end":{"line":86,"column":12}},"loc":{"start":{"line":86,"column":36},"end":{"line":149,"column":5}},"line":86},"2":{"name":"(anonymous_2)","decl":{"start":{"line":134,"column":79},"end":{"line":134,"column":80}},"loc":{"start":{"line":134,"column":95},"end":{"line":140,"column":13}},"line":134},"3":{"name":"(anonymous_3)","decl":{"start":{"line":151,"column":17},"end":{"line":151,"column":18}},"loc":{"start":{"line":151,"column":36},"end":{"line":182,"column":5}},"line":151},"4":{"name":"(anonymous_4)","decl":{"start":{"line":175,"column":79},"end":{"line":175,"column":80}},"loc":{"start":{"line":175,"column":95},"end":{"line":177,"column":13}},"line":175}},"branchMap":{"0":{"loc":{"start":{"line":29,"column":12},"end":{"line":35,"column":13}},"type":"if","locations":[{"start":{"line":29,"column":12},"end":{"line":35,"column":13}},{"start":{},"end":{}}],"line":29},"1":{"loc":{"start":{"line":41,"column":12},"end":{"line":46,"column":13}},"type":"if","locations":[{"start":{"line":41,"column":12},"end":{"line":46,"column":13}},{"start":{},"end":{}}],"line":41},"2":{"loc":{"start":{"line":60,"column":12},"end":{"line":65,"column":13}},"type":"if","locations":[{"start":{"line":60,"column":12},"end":{"line":65,"column":13}},{"start":{},"end":{}}],"line":60},"3":{"loc":{"start":{"line":97,"column":12},"end":{"line":103,"column":13}},"type":"if","locations":[{"start":{"line":97,"column":12},"end":{"line":103,"column":13}},{"start":{},"end":{}}],"line":97},"4":{"loc":{"start":{"line":108,"column":12},"end":{"line":113,"column":13}},"type":"if","locations":[{"start":{"line":108,"column":12},"end":{"line":113,"column":13}},{"start":{},"end":{}}],"line":108},"5":{"loc":{"start":{"line":117,"column":12},"end":{"line":122,"column":13}},"type":"if","locations":[{"start":{"line":117,"column":12},"end":{"line":122,"column":13}},{"start":{},"end":{}}],"line":117},"6":{"loc":{"start":{"line":128,"column":12},"end":{"line":132,"column":13}},"type":"if","locations":[{"start":{"line":128,"column":12},"end":{"line":132,"column":13}},{"start":{},"end":{}}],"line":128},"7":{"loc":{"start":{"line":157,"column":12},"end":{"line":173,"column":13}},"type":"if","locations":[{"start":{"line":157,"column":12},"end":{"line":173,"column":13}},{"start":{"line":162,"column":19},"end":{"line":173,"column":13}}],"line":157}},"s":{"0":6,"1":6,"2":6,"3":6,"4":6,"5":6,"6":6,"7":6,"8":1,"9":1,"10":1,"11":1,"12":1,"13":0,"14":1,"15":1,"16":0,"17":1,"18":1,"19":1,"20":1,"21":1,"22":0,"23":1,"24":1,"25":1,"26":0,"27":0,"28":11,"29":11,"30":11,"31":11,"32":11,"33":11,"34":0,"35":11,"36":11,"37":0,"38":11,"39":11,"40":0,"41":11,"42":11,"43":0,"44":11,"45":11,"46":0,"47":0,"48":0,"49":0,"50":0,"51":0,"52":0,"53":0,"54":0,"55":0,"56":0},"f":{"0":1,"1":11,"2":11,"3":0,"4":0},"b":{"0":[0,1],"1":[0,1],"2":[0,1],"3":[0,11],"4":[0,11],"5":[0,11],"6":[0,11],"7":[0,0]},"_coverageSchema":"1a1c01bbd47fc00a2c39e90264f33305004495a9","hash":"99b1f183024702b594821dee2f7f86ac0a82e35e"}
,"/home/pii/Glints/Kelas/final-project/backendhobbytalk/controllers/emailverified.js": {"path":"/home/pii/Glints/Kelas/final-project/backendhobbytalk/controllers/emailverified.js","statementMap":{"0":{"start":{"line":1,"column":19},"end":{"line":1,"column":40}},"1":{"start":{"line":2,"column":13},"end":{"line":2,"column":39}},"2":{"start":{"line":3,"column":12},"end":{"line":3,"column":52}},"3":{"start":{"line":4,"column":12},"end":{"line":4,"column":35}},"4":{"start":{"line":6,"column":0},"end":{"line":114,"column":1}},"5":{"start":{"line":10,"column":28},"end":{"line":16,"column":10}},"6":{"start":{"line":32,"column":8},"end":{"line":32,"column":115}},"7":{"start":{"line":33,"column":26},"end":{"line":61,"column":9}},"8":{"start":{"line":63,"column":8},"end":{"line":69,"column":10}},"9":{"start":{"line":64,"column":12},"end":{"line":68,"column":13}},"10":{"start":{"line":65,"column":16},"end":{"line":65,"column":34}},"11":{"start":{"line":67,"column":16},"end":{"line":67,"column":61}},"12":{"start":{"line":73,"column":8},"end":{"line":112,"column":9}},"13":{"start":{"line":74,"column":41},"end":{"line":74,"column":50}},"14":{"start":{"line":76,"column":25},"end":{"line":79,"column":14}},"15":{"start":{"line":81,"column":12},"end":{"line":86,"column":13}},"16":{"start":{"line":82,"column":16},"end":{"line":85,"column":18}},"17":{"start":{"line":88,"column":12},"end":{"line":92,"column":13}},"18":{"start":{"line":89,"column":16},"end":{"line":91,"column":18}},"19":{"start":{"line":94,"column":12},"end":{"line":94,"column":34}},"20":{"start":{"line":95,"column":12},"end":{"line":95,"column":29}},"21":{"start":{"line":98,"column":28},"end":{"line":101,"column":13}},"22":{"start":{"line":104,"column":12},"end":{"line":104,"column":70}},"23":{"start":{"line":107,"column":12},"end":{"line":107,"column":30}},"24":{"start":{"line":108,"column":12},"end":{"line":111,"column":14}}},"fnMap":{"0":{"name":"(anonymous_0)","decl":{"start":{"line":7,"column":15},"end":{"line":7,"column":16}},"loc":{"start":{"line":7,"column":42},"end":{"line":70,"column":5}},"line":7},"1":{"name":"(anonymous_1)","decl":{"start":{"line":63,"column":42},"end":{"line":63,"column":43}},"loc":{"start":{"line":63,"column":59},"end":{"line":69,"column":9}},"line":63},"2":{"name":"(anonymous_2)","decl":{"start":{"line":72,"column":14},"end":{"line":72,"column":15}},"loc":{"start":{"line":72,"column":33},"end":{"line":113,"column":5}},"line":72}},"branchMap":{"0":{"loc":{"start":{"line":64,"column":12},"end":{"line":68,"column":13}},"type":"if","locations":[{"start":{"line":64,"column":12},"end":{"line":68,"column":13}},{"start":{"line":66,"column":19},"end":{"line":68,"column":13}}],"line":64},"1":{"loc":{"start":{"line":81,"column":12},"end":{"line":86,"column":13}},"type":"if","locations":[{"start":{"line":81,"column":12},"end":{"line":86,"column":13}},{"start":{},"end":{}}],"line":81},"2":{"loc":{"start":{"line":88,"column":12},"end":{"line":92,"column":13}},"type":"if","locations":[{"start":{"line":88,"column":12},"end":{"line":92,"column":13}},{"start":{},"end":{}}],"line":88}},"s":{"0":6,"1":6,"2":6,"3":6,"4":6,"5":1,"6":1,"7":1,"8":1,"9":0,"10":0,"11":0,"12":0,"13":0,"14":0,"15":0,"16":0,"17":0,"18":0,"19":0,"20":0,"21":0,"22":0,"23":0,"24":0},"f":{"0":1,"1":0,"2":0},"b":{"0":[0,0],"1":[0,0],"2":[0,0]},"_coverageSchema":"1a1c01bbd47fc00a2c39e90264f33305004495a9","hash":"49406f74460d5132d800ddd0eb46d20ce517bcc9"}
,"/home/pii/Glints/Kelas/final-project/backendhobbytalk/controllers/threads.js": {"path":"/home/pii/Glints/Kelas/final-project/backendhobbytalk/controllers/threads.js","statementMap":{"0":{"start":{"line":1,"column":16},"end":{"line":1,"column":44}},"1":{"start":{"line":2,"column":17},"end":{"line":2,"column":45}},"2":{"start":{"line":3,"column":14},"end":{"line":3,"column":40}},"3":{"start":{"line":4,"column":17},"end":{"line":4,"column":46}},"4":{"start":{"line":5,"column":14},"end":{"line":5,"column":40}},"5":{"start":{"line":6,"column":12},"end":{"line":6,"column":26}},"6":{"start":{"line":7,"column":17},"end":{"line":7,"column":45}},"7":{"start":{"line":9,"column":0},"end":{"line":820,"column":1}},"8":{"start":{"line":11,"column":45},"end":{"line":11,"column":53}},"9":{"start":{"line":12,"column":23},"end":{"line":12,"column":34}},"10":{"start":{"line":13,"column":21},"end":{"line":13,"column":29}},"11":{"start":{"line":14,"column":8},"end":{"line":57,"column":9}},"12":{"start":{"line":15,"column":27},"end":{"line":19,"column":14}},"13":{"start":{"line":20,"column":30},"end":{"line":20,"column":84}},"14":{"start":{"line":21,"column":12},"end":{"line":27,"column":13}},"15":{"start":{"line":22,"column":16},"end":{"line":26,"column":18}},"16":{"start":{"line":28,"column":25},"end":{"line":28,"column":53}},"17":{"start":{"line":30,"column":33},"end":{"line":36,"column":14}},"18":{"start":{"line":37,"column":12},"end":{"line":42,"column":13}},"19":{"start":{"line":38,"column":16},"end":{"line":41,"column":18}},"20":{"start":{"line":43,"column":12},"end":{"line":43,"column":56}},"21":{"start":{"line":44,"column":12},"end":{"line":44,"column":29}},"22":{"start":{"line":45,"column":12},"end":{"line":49,"column":14}},"23":{"start":{"line":52,"column":12},"end":{"line":52,"column":28}},"24":{"start":{"line":53,"column":12},"end":{"line":56,"column":14}},"25":{"start":{"line":60,"column":21},"end":{"line":60,"column":50}},"26":{"start":{"line":61,"column":22},"end":{"line":61,"column":23}},"27":{"start":{"line":62,"column":8},"end":{"line":109,"column":9}},"28":{"start":{"line":64,"column":27},"end":{"line":75,"column":98}},"29":{"start":{"line":76,"column":26},"end":{"line":76,"column":47}},"30":{"start":{"line":78,"column":23},"end":{"line":78,"column":31}},"31":{"start":{"line":79,"column":12},"end":{"line":81,"column":13}},"32":{"start":{"line":80,"column":16},"end":{"line":80,"column":24}},"33":{"start":{"line":82,"column":27},"end":{"line":82,"column":28}},"34":{"start":{"line":83,"column":12},"end":{"line":85,"column":13}},"35":{"start":{"line":84,"column":16},"end":{"line":84,"column":35}},"36":{"start":{"line":86,"column":24},"end":{"line":86,"column":48}},"37":{"start":{"line":88,"column":12},"end":{"line":93,"column":13}},"38":{"start":{"line":89,"column":16},"end":{"line":92,"column":18}},"39":{"start":{"line":94,"column":12},"end":{"line":102,"column":15}},"40":{"start":{"line":104,"column":12},"end":{"line":104,"column":31}},"41":{"start":{"line":105,"column":12},"end":{"line":108,"column":15}},"42":{"start":{"line":112,"column":24},"end":{"line":112,"column":42}},"43":{"start":{"line":113,"column":21},"end":{"line":113,"column":50}},"44":{"start":{"line":114,"column":22},"end":{"line":114,"column":23}},"45":{"start":{"line":115,"column":8},"end":{"line":170,"column":9}},"46":{"start":{"line":116,"column":28},"end":{"line":128,"column":102}},"47":{"start":{"line":129,"column":29},"end":{"line":129,"column":74}},"48":{"start":{"line":130,"column":26},"end":{"line":130,"column":97}},"49":{"start":{"line":132,"column":23},"end":{"line":132,"column":31}},"50":{"start":{"line":133,"column":12},"end":{"line":135,"column":13}},"51":{"start":{"line":134,"column":16},"end":{"line":134,"column":24}},"52":{"start":{"line":136,"column":27},"end":{"line":136,"column":28}},"53":{"start":{"line":137,"column":12},"end":{"line":139,"column":13}},"54":{"start":{"line":138,"column":16},"end":{"line":138,"column":35}},"55":{"start":{"line":140,"column":24},"end":{"line":140,"column":48}},"56":{"start":{"line":142,"column":12},"end":{"line":147,"column":13}},"57":{"start":{"line":143,"column":16},"end":{"line":146,"column":18}},"58":{"start":{"line":148,"column":12},"end":{"line":153,"column":13}},"59":{"start":{"line":149,"column":16},"end":{"line":152,"column":18}},"60":{"start":{"line":155,"column":12},"end":{"line":163,"column":14}},"61":{"start":{"line":165,"column":12},"end":{"line":165,"column":30}},"62":{"start":{"line":166,"column":12},"end":{"line":169,"column":14}},"63":{"start":{"line":173,"column":19},"end":{"line":173,"column":32}},"64":{"start":{"line":174,"column":21},"end":{"line":174,"column":29}},"65":{"start":{"line":175,"column":8},"end":{"line":195,"column":9}},"66":{"start":{"line":176,"column":27},"end":{"line":176,"column":53}},"67":{"start":{"line":177,"column":12},"end":{"line":179,"column":13}},"68":{"start":{"line":178,"column":16},"end":{"line":178,"column":73}},"69":{"start":{"line":180,"column":12},"end":{"line":182,"column":13}},"70":{"start":{"line":181,"column":16},"end":{"line":181,"column":83}},"71":{"start":{"line":184,"column":12},"end":{"line":184,"column":48}},"72":{"start":{"line":185,"column":12},"end":{"line":188,"column":15}},"73":{"start":{"line":190,"column":12},"end":{"line":190,"column":30}},"74":{"start":{"line":191,"column":12},"end":{"line":194,"column":14}},"75":{"start":{"line":198,"column":19},"end":{"line":198,"column":32}},"76":{"start":{"line":199,"column":21},"end":{"line":199,"column":29}},"77":{"start":{"line":200,"column":21},"end":{"line":200,"column":29}},"78":{"start":{"line":201,"column":8},"end":{"line":225,"column":9}},"79":{"start":{"line":202,"column":27},"end":{"line":202,"column":53}},"80":{"start":{"line":203,"column":12},"end":{"line":205,"column":13}},"81":{"start":{"line":204,"column":16},"end":{"line":204,"column":73}},"82":{"start":{"line":206,"column":12},"end":{"line":208,"column":13}},"83":{"start":{"line":207,"column":16},"end":{"line":207,"column":83}},"84":{"start":{"line":209,"column":28},"end":{"line":209,"column":54}},"85":{"start":{"line":210,"column":12},"end":{"line":210,"column":67}},"86":{"start":{"line":211,"column":12},"end":{"line":211,"column":75}},"87":{"start":{"line":212,"column":12},"end":{"line":212,"column":79}},"88":{"start":{"line":214,"column":12},"end":{"line":214,"column":32}},"89":{"start":{"line":216,"column":12},"end":{"line":219,"column":14}},"90":{"start":{"line":221,"column":12},"end":{"line":224,"column":14}},"91":{"start":{"line":228,"column":19},"end":{"line":228,"column":32}},"92":{"start":{"line":229,"column":23},"end":{"line":229,"column":34}},"93":{"start":{"line":230,"column":8},"end":{"line":270,"column":9}},"94":{"start":{"line":231,"column":12},"end":{"line":262,"column":13}},"95":{"start":{"line":232,"column":35},"end":{"line":232,"column":61}},"96":{"start":{"line":233,"column":16},"end":{"line":238,"column":17}},"97":{"start":{"line":234,"column":20},"end":{"line":237,"column":22}},"98":{"start":{"line":239,"column":16},"end":{"line":244,"column":17}},"99":{"start":{"line":239,"column":51},"end":{"line":239,"column":78}},"100":{"start":{"line":240,"column":20},"end":{"line":243,"column":22}},"101":{"start":{"line":245,"column":16},"end":{"line":248,"column":17}},"102":{"start":{"line":245,"column":53},"end":{"line":245,"column":80}},"103":{"start":{"line":246,"column":40},"end":{"line":246,"column":104}},"104":{"start":{"line":246,"column":70},"end":{"line":246,"column":87}},"105":{"start":{"line":247,"column":20},"end":{"line":247,"column":62}},"106":{"start":{"line":250,"column":16},"end":{"line":250,"column":64}},"107":{"start":{"line":252,"column":16},"end":{"line":252,"column":39}},"108":{"start":{"line":253,"column":16},"end":{"line":256,"column":18}},"109":{"start":{"line":258,"column":16},"end":{"line":261,"column":18}},"110":{"start":{"line":265,"column":12},"end":{"line":265,"column":30}},"111":{"start":{"line":266,"column":12},"end":{"line":269,"column":14}},"112":{"start":{"line":273,"column":19},"end":{"line":273,"column":32}},"113":{"start":{"line":274,"column":23},"end":{"line":274,"column":34}},"114":{"start":{"line":275,"column":8},"end":{"line":311,"column":9}},"115":{"start":{"line":276,"column":12},"end":{"line":303,"column":13}},"116":{"start":{"line":277,"column":35},"end":{"line":277,"column":61}},"117":{"start":{"line":278,"column":16},"end":{"line":283,"column":17}},"118":{"start":{"line":279,"column":20},"end":{"line":282,"column":22}},"119":{"start":{"line":284,"column":16},"end":{"line":289,"column":17}},"120":{"start":{"line":284,"column":51},"end":{"line":284,"column":78}},"121":{"start":{"line":285,"column":20},"end":{"line":288,"column":22}},"122":{"start":{"line":290,"column":36},"end":{"line":290,"column":104}},"123":{"start":{"line":290,"column":67},"end":{"line":290,"column":87}},"124":{"start":{"line":291,"column":16},"end":{"line":291,"column":56}},"125":{"start":{"line":292,"column":16},"end":{"line":292,"column":39}},"126":{"start":{"line":293,"column":16},"end":{"line":296,"column":18}},"127":{"start":{"line":299,"column":16},"end":{"line":302,"column":18}},"128":{"start":{"line":306,"column":12},"end":{"line":306,"column":30}},"129":{"start":{"line":307,"column":12},"end":{"line":310,"column":14}},"130":{"start":{"line":314,"column":19},"end":{"line":314,"column":32}},"131":{"start":{"line":315,"column":23},"end":{"line":315,"column":34}},"132":{"start":{"line":316,"column":8},"end":{"line":357,"column":9}},"133":{"start":{"line":317,"column":12},"end":{"line":349,"column":13}},"134":{"start":{"line":318,"column":35},"end":{"line":318,"column":61}},"135":{"start":{"line":319,"column":16},"end":{"line":324,"column":17}},"136":{"start":{"line":320,"column":20},"end":{"line":323,"column":22}},"137":{"start":{"line":325,"column":16},"end":{"line":330,"column":17}},"138":{"start":{"line":325,"column":53},"end":{"line":325,"column":80}},"139":{"start":{"line":326,"column":20},"end":{"line":329,"column":22}},"140":{"start":{"line":331,"column":16},"end":{"line":334,"column":17}},"141":{"start":{"line":331,"column":51},"end":{"line":331,"column":78}},"142":{"start":{"line":332,"column":40},"end":{"line":332,"column":102}},"143":{"start":{"line":332,"column":68},"end":{"line":332,"column":85}},"144":{"start":{"line":333,"column":20},"end":{"line":333,"column":60}},"145":{"start":{"line":336,"column":16},"end":{"line":336,"column":66}},"146":{"start":{"line":338,"column":16},"end":{"line":338,"column":39}},"147":{"start":{"line":339,"column":16},"end":{"line":342,"column":18}},"148":{"start":{"line":345,"column":16},"end":{"line":348,"column":18}},"149":{"start":{"line":352,"column":12},"end":{"line":352,"column":30}},"150":{"start":{"line":353,"column":12},"end":{"line":356,"column":14}},"151":{"start":{"line":360,"column":19},"end":{"line":360,"column":32}},"152":{"start":{"line":361,"column":23},"end":{"line":361,"column":34}},"153":{"start":{"line":362,"column":8},"end":{"line":398,"column":9}},"154":{"start":{"line":363,"column":12},"end":{"line":390,"column":13}},"155":{"start":{"line":364,"column":35},"end":{"line":364,"column":61}},"156":{"start":{"line":365,"column":16},"end":{"line":370,"column":17}},"157":{"start":{"line":366,"column":20},"end":{"line":369,"column":22}},"158":{"start":{"line":371,"column":16},"end":{"line":376,"column":17}},"159":{"start":{"line":371,"column":53},"end":{"line":371,"column":80}},"160":{"start":{"line":372,"column":20},"end":{"line":375,"column":22}},"161":{"start":{"line":377,"column":36},"end":{"line":377,"column":100}},"162":{"start":{"line":377,"column":66},"end":{"line":377,"column":83}},"163":{"start":{"line":378,"column":16},"end":{"line":378,"column":58}},"164":{"start":{"line":379,"column":16},"end":{"line":379,"column":39}},"165":{"start":{"line":380,"column":16},"end":{"line":383,"column":18}},"166":{"start":{"line":386,"column":16},"end":{"line":389,"column":18}},"167":{"start":{"line":393,"column":12},"end":{"line":393,"column":30}},"168":{"start":{"line":394,"column":12},"end":{"line":397,"column":14}},"169":{"start":{"line":401,"column":19},"end":{"line":401,"column":32}},"170":{"start":{"line":402,"column":8},"end":{"line":477,"column":9}},"171":{"start":{"line":403,"column":12},"end":{"line":469,"column":13}},"172":{"start":{"line":404,"column":35},"end":{"line":450,"column":64}},"173":{"start":{"line":451,"column":16},"end":{"line":456,"column":17}},"174":{"start":{"line":452,"column":20},"end":{"line":455,"column":22}},"175":{"start":{"line":457,"column":16},"end":{"line":457,"column":63}},"176":{"start":{"line":459,"column":16},"end":{"line":463,"column":18}},"177":{"start":{"line":465,"column":16},"end":{"line":468,"column":18}},"178":{"start":{"line":472,"column":12},"end":{"line":472,"column":30}},"179":{"start":{"line":473,"column":12},"end":{"line":476,"column":14}},"180":{"start":{"line":480,"column":21},"end":{"line":480,"column":50}},"181":{"start":{"line":481,"column":22},"end":{"line":481,"column":23}},"182":{"start":{"line":482,"column":8},"end":{"line":531,"column":9}},"183":{"start":{"line":484,"column":27},"end":{"line":495,"column":98}},"184":{"start":{"line":496,"column":29},"end":{"line":496,"column":73}},"185":{"start":{"line":497,"column":26},"end":{"line":497,"column":47}},"186":{"start":{"line":499,"column":23},"end":{"line":499,"column":31}},"187":{"start":{"line":500,"column":12},"end":{"line":502,"column":13}},"188":{"start"
[...]
,"/home/pii/Glints/Kelas/final-project/backendhobbytalk/middlewares/cloudUpload.js": {"path":"/home/pii/Glints/Kelas/final-project/backendhobbytalk/middlewares/cloudUpload.js","statementMap":{"0":{"start":{"line":1,"column":15},"end":{"line":1,"column":32}},"1":{"start":{"line":2,"column":13},"end":{"line":2,"column":28}},"2":{"start":{"line":3,"column":19},"end":{"line":3,"column":43}},"3":{"start":{"line":4,"column":30},"end":{"line":4,"column":66}},"4":{"start":{"line":6,"column":0},"end":{"line":10,"column":3}},"5":{"start":{"line":17,"column":0},"end":{"line":62,"column":1}},"6":{"start":{"line":18,"column":4},"end":{"line":61,"column":5}},"7":{"start":{"line":19,"column":24},"end":{"line":43,"column":10}},"8":{"start":{"line":22,"column":16},"end":{"line":41,"column":17}},"9":{"start":{"line":45,"column":23},"end":{"line":47,"column":28}},"10":{"start":{"line":49,"column":8},"end":{"line":53,"column":9}},"11":{"start":{"line":50,"column":12},"end":{"line":52,"column":14}},"12":{"start":{"line":51,"column":16},"end":{"line":51,"column":29}},"13":{"start":{"line":56,"column":8},"end":{"line":59,"column":10}}},"fnMap":{"0":{"name":"(anonymous_0)","decl":{"start":{"line":17,"column":17},"end":{"line":17,"column":18}},"loc":{"start":{"line":17,"column":32},"end":{"line":62,"column":1}},"line":17},"1":{"name":"(anonymous_1)","decl":{"start":{"line":21,"column":20},"end":{"line":21,"column":21}},"loc":{"start":{"line":21,"column":35},"end":{"line":42,"column":13}},"line":21},"2":{"name":"(anonymous_2)","decl":{"start":{"line":49,"column":15},"end":{"line":49,"column":16}},"loc":{"start":{"line":49,"column":35},"end":{"line":53,"column":9}},"line":49},"3":{"name":"(anonymous_3)","decl":{"start":{"line":50,"column":29},"end":{"line":50,"column":30}},"loc":{"start":{"line":50,"column":38},"end":{"line":52,"column":13}},"line":50}},"branchMap":{},"s":{"0":6,"1":6,"2":6,"3":6,"4":6,"5":6,"6":18,"7":18,"8":0,"9":18,"10":18,"11":0,"12":0,"13":0},"f":{"0":18,"1":0,"2":0,"3":0},"b":{},"_coverageSchema":"1a1c01bbd47fc00a2c39e90264f33305004495a9","hash":"a6896a4c5be51fd1bd9bb554b25ed43f3d67bbe3"}
,"/home/pii/Glints/Kelas/final-project/backendhobbytalk/middlewares/passport.js": {"path":"/home/pii/Glints/Kelas/final-project/backendhobbytalk/middlewares/passport.js","statementMap":{"0":{"start":{"line":1,"column":16},"end":{"line":1,"column":34}},"1":{"start":{"line":2,"column":17},"end":{"line":2,"column":36}},"2":{"start":{"line":3,"column":13},"end":{"line":3,"column":28}},"3":{"start":{"line":4,"column":12},"end":{"line":4,"column":21}},"4":{"start":{"line":5,"column":23},"end":{"line":5,"column":66}},"5":{"start":{"line":6,"column":0},"end":{"line":6,"column":27}},"6":{"start":{"line":8,"column":0},"end":{"line":8,"column":15}},"7":{"start":{"line":10,"column":0},"end":{"line":12,"column":3}},"8":{"start":{"line":11,"column":4},"end":{"line":11,"column":21}},"9":{"start":{"line":14,"column":0},"end":{"line":16,"column":3}},"10":{"start":{"line":15,"column":4},"end":{"line":15,"column":21}},"11":{"start":{"line":18,"column":0},"end":{"line":29,"column":2}},"12":{"start":{"line":25,"column":12},"end":{"line":25,"column":33}},"13":{"start":{"line":26,"column":12},"end":{"line":26,"column":37}},"14":{"start":{"line":31,"column":0},"end":{"line":31,"column":25}}},"fnMap":{"0":{"name":"(anonymous_0)","decl":{"start":{"line":10,"column":23},"end":{"line":10,"column":24}},"loc":{"start":{"line":10,"column":44},"end":{"line":12,"column":1}},"line":10},"1":{"name":"(anonymous_1)","decl":{"start":{"line":14,"column":25},"end":{"line":14,"column":26}},"loc":{"start":{"line":14,"column":46},"end":{"line":16,"column":1}},"line":14},"2":{"name":"(anonymous_2)","decl":{"start":{"line":24,"column":8},"end":{"line":24,"column":9}},"loc":{"start":{"line":24,"column":57},"end":{"line":27,"column":9}},"line":24}},"branchMap":{},"s":{"0":6,"1":6,"2":6,"3":6,"4":6,"5":6,"6":6,"7":6,"8":0,"9":6,"10":0,"11":6,"12":0,"13":0,"14":6},"f":{"0":0,"1":0,"2":0},"b":{},"_coverageSchema":"1a1c01bbd47fc00a2c39e90264f33305004495a9","hash":"29b9308df88f1554cd1271aa74dce7968d8b7fa1"}
,"/home/pii/Glints/Kelas/final-project/backendhobbytalk/models/Categories.js": {"path":"/home/pii/Glints/Kelas/final-project/backendhobbytalk/models/Categories.js","statementMap":{"0":{"start":{"line":1,"column":17},"end":{"line":1,"column":36}},"1":{"start":{"line":2,"column":15},"end":{"line":2,"column":30}},"2":{"start":{"line":4,"column":23},"end":{"line":9,"column":2}},"3":{"start":{"line":13,"column":0},"end":{"line":13,"column":71}}},"fnMap":{},"branchMap":{},"s":{"0":6,"1":6,"2":6,"3":6},"f":{},"b":{},"_coverageSchema":"1a1c01bbd47fc00a2c39e90264f33305004495a9","hash":"13791b5dd7f86d1e63b1fddc4859a84f825bac1c"}
,"/home/pii/Glints/Kelas/final-project/backendhobbytalk/models/Comment.js": {"path":"/home/pii/Glints/Kelas/final-project/backendhobbytalk/models/Comment.js","statementMap":{"0":{"start":{"line":1,"column":17},"end":{"line":1,"column":36}},"1":{"start":{"line":2,"column":15},"end":{"line":2,"column":30}},"2":{"start":{"line":4,"column":22},"end":{"line":44,"column":2}},"3":{"start":{"line":45,"column":0},"end":{"line":50,"column":2}},"4":{"start":{"line":51,"column":0},"end":{"line":56,"column":2}},"5":{"start":{"line":57,"column":0},"end":{"line":62,"column":2}},"6":{"start":{"line":63,"column":0},"end":{"line":63,"column":49}},"7":{"start":{"line":64,"column":0},"end":{"line":64,"column":47}},"8":{"start":{"line":65,"column":0},"end":{"line":65,"column":69}}},"fnMap":{},"branchMap":{},"s":{"0":6,"1":6,"2":6,"3":6,"4":6,"5":6,"6":6,"7":6,"8":6},"f":{},"b":{},"_coverageSchema":"1a1c01bbd47fc00a2c39e90264f33305004495a9","hash":"8bb01287d26c802b33b7d452718d8ed616f54cc8"}
,"/home/pii/Glints/Kelas/final-project/backendhobbytalk/models/Reply.js": {"path":"/home/pii/Glints/Kelas/final-project/backendhobbytalk/models/Reply.js","statementMap":{"0":{"start":{"line":1,"column":17},"end":{"line":1,"column":36}},"1":{"start":{"line":2,"column":15},"end":{"line":2,"column":30}},"2":{"start":{"line":4,"column":20},"end":{"line":45,"column":2}},"3":{"start":{"line":46,"column":0},"end":{"line":51,"column":2}},"4":{"start":{"line":52,"column":0},"end":{"line":57,"column":2}},"5":{"start":{"line":58,"column":0},"end":{"line":63,"column":2}},"6":{"start":{"line":64,"column":0},"end":{"line":64,"column":47}},"7":{"start":{"line":65,"column":0},"end":{"line":65,"column":45}},"8":{"start":{"line":66,"column":0},"end":{"line":66,"column":61}}},"fnMap":{},"branchMap":{},"s":{"0":6,"1":6,"2":6,"3":6,"4":6,"5":6,"6":6,"7":6,"8":6},"f":{},"b":{},"_coverageSchema":"1a1c01bbd47fc00a2c39e90264f33305004495a9","hash":"94a0291fda0e67436f2dae5172ee01fc4043003f"}
,"/home/pii/Glints/Kelas/final-project/backendhobbytalk/models/SubReply.js": {"path":"/home/pii/Glints/Kelas/final-project/backendhobbytalk/models/SubReply.js","statementMap":{"0":{"start":{"line":1,"column":17},"end":{"line":1,"column":36}},"1":{"start":{"line":2,"column":15},"end":{"line":2,"column":30}},"2":{"start":{"line":4,"column":23},"end":{"line":40,"column":2}},"3":{"start":{"line":41,"column":0},"end":{"line":46,"column":2}},"4":{"start":{"line":47,"column":0},"end":{"line":52,"column":2}},"5":{"start":{"line":53,"column":0},"end":{"line":53,"column":50}},"6":{"start":{"line":54,"column":0},"end":{"line":54,"column":48}},"7":{"start":{"line":55,"column":0},"end":{"line":55,"column":70}}},"fnMap":{},"branchMap":{},"s":{"0":6,"1":6,"2":6,"3":6,"4":6,"5":6,"6":6,"7":6},"f":{},"b":{},"_coverageSchema":"1a1c01bbd47fc00a2c39e90264f33305004495a9","hash":"ac7718349cb549197c97a055c46255a03d7d26c0"}
,"/home/pii/Glints/Kelas/final-project/backendhobbytalk/models/Threads.js": {"path":"/home/pii/Glints/Kelas/final-project/backendhobbytalk/models/Threads.js","statementMap":{"0":{"start":{"line":1,"column":17},"end":{"line":1,"column":36}},"1":{"start":{"line":2,"column":15},"end":{"line":2,"column":30}},"2":{"start":{"line":4,"column":22},"end":{"line":59,"column":2}},"3":{"start":{"line":60,"column":0},"end":{"line":65,"column":2}},"4":{"start":{"line":66,"column":0},"end":{"line":71,"column":2}},"5":{"start":{"line":72,"column":0},"end":{"line":77,"column":2}},"6":{"start":{"line":78,"column":0},"end":{"line":78,"column":49}},"7":{"start":{"line":79,"column":0},"end":{"line":79,"column":47}},"8":{"start":{"line":81,"column":0},"end":{"line":81,"column":68}}},"fnMap":{},"branchMap":{},"s":{"0":6,"1":6,"2":6,"3":6,"4":6,"5":6,"6":6,"7":6,"8":6},"f":{},"b":{},"_coverageSchema":"1a1c01bbd47fc00a2c39e90264f33305004495a9","hash":"33d305b58f6fe4a1330d6d7067292b5c4e11784f"}
,"/home/pii/Glints/Kelas/final-project/backendhobbytalk/models/Users.js": {"path":"/home/pii/Glints/Kelas/final-project/backendhobbytalk/models/Users.js","statementMap":{"0":{"start":{"line":1,"column":17},"end":{"line":1,"column":36}},"1":{"start":{"line":2,"column":15},"end":{"line":2,"column":30}},"2":{"start":{"line":4,"column":20},"end":{"line":46,"column":2}},"3":{"start":{"line":48,"column":0},"end":{"line":48,"column":62}}},"fnMap":{},"branchMap":{},"s":{"0":6,"1":6,"2":6,"3":6},"f":{},"b":{},"_coverageSchema":"1a1c01bbd47fc00a2c39e90264f33305004495a9","hash":"6ea135b8e923b4d235be66f665aa3115ac70902a"}
,"/home/pii/Glints/Kelas/final-project/backendhobbytalk/routes/Categories.js": {"path":"/home/pii/Glints/Kelas/final-project/backendhobbytalk/routes/Categories.js","statementMap":{"0":{"start":{"line":1,"column":16},"end":{"line":1,"column":34}},"1":{"start":{"line":2,"column":15},"end":{"line":2,"column":31}},"2":{"start":{"line":3,"column":19},"end":{"line":3,"column":55}},"3":{"start":{"line":5,"column":0},"end":{"line":5,"column":35}},"4":{"start":{"line":6,"column":0},"end":{"line":6,"column":35}},"5":{"start":{"line":7,"column":0},"end":{"line":7,"column":45}},"6":{"start":{"line":8,"column":0},"end":{"line":8,"column":40}},"7":{"start":{"line":10,"column":0},"end":{"line":10,"column":23}}},"fnMap":{},"branchMap":{},"s":{"0":6,"1":6,"2":6,"3":6,"4":6,"5":6,"6":6,"7":6},"f":{},"b":{},"_coverageSchema":"1a1c01bbd47fc00a2c39e90264f33305004495a9","hash":"288e0b013e0a8457e86410c8a66ae9f8f3d99f65"}
,"/home/pii/Glints/Kelas/final-project/backendhobbytalk/routes/Comments.js": {"path":"/home/pii/Glints/Kelas/final-project/backendhobbytalk/routes/Comments.js","statementMap":{"0":{"start":{"line":1,"column":16},"end":{"line":1,"column":34}},"1":{"start":{"line":2,"column":15},"end":{"line":2,"column":31}},"2":{"start":{"line":3,"column":17},"end":{"line":3,"column":60}},"3":{"start":{"line":4,"column":22},"end":{"line":4,"column":52}},"4":{"start":{"line":5,"column":13},"end":{"line":5,"column":52}},"5":{"start":{"line":7,"column":0},"end":{"line":7,"column":62}},"6":{"start":{"line":8,"column":0},"end":{"line":8,"column":44}},"7":{"start":{"line":9,"column":0},"end":{"line":9,"column":54}},"8":{"start":{"line":10,"column":0},"end":{"line":10,"column":57}},"9":{"start":{"line":11,"column":0},"end":{"line":11,"column":51}},"10":{"start":{"line":12,"column":0},"end":{"line":12,"column":57}},"11":{"start":{"line":13,"column":0},"end":{"line":13,"column":55}},"12":{"start":{"line":14,"column":0},"end":{"line":14,"column":61}},"13":{"start":{"line":16,"column":0},"end":{"line":16,"column":23}}},"fnMap":{},"branchMap":{},"s":{"0":6,"1":6,"2":6,"3":6,"4":6,"5":6,"6":6,"7":6,"8":6,"9":6,"10":6,"11":6,"12":6,"13":6},"f":{},"b":{},"_coverageSchema":"1a1c01bbd47fc00a2c39e90264f33305004495a9","hash":"8d61939ba4ca5d2a292c2e0f7cf822a9abf90fd6"}
,"/home/pii/Glints/Kelas/final-project/backendhobbytalk/routes/Reply.js": {"path":"/home/pii/Glints/Kelas/final-project/backendhobbytalk/routes/Reply.js","statementMap":{"0":{"start":{"line":1,"column":16},"end":{"line":1,"column":34}},"1":{"start":{"line":2,"column":15},"end":{"line":2,"column":31}},"2":{"start":{"line":3,"column":14},"end":{"line":3,"column":55}},"3":{"start":{"line":4,"column":22},"end":{"line":4,"column":52}},"4":{"start":{"line":6,"column":0},"end":{"line":6,"column":56}},"5":{"start":{"line":7,"column":0},"end":{"line":7,"column":38}},"6":{"start":{"line":8,"column":0},"end":{"line":8,"column":48}},"7":{"start":{"line":9,"column":0},"end":{"line":9,"column":51}},"8":{"start":{"line":10,"column":0},"end":{"line":10,"column":53}},"9":{"start":{"line":11,"column":0},"end":{"line":11,"column":59}},"10":{"start":{"line":12,"column":0},"end":{"line":12,"column":57}},"11":{"start":{"line":13,"column":0},"end":{"line":13,"column":63}},"12":{"start":{"line":15,"column":0},"end":{"line":15,"column":23}}},"fnMap":{},"branchMap":{},"s":{"0":6,"1":6,"2":6,"3":6,"4":6,"5":6,"6":6,"7":6,"8":6,"9":6,"10":6,"11":6,"12":6},"f":{},"b":{},"_coverageSchema":"1a1c01bbd47fc00a2c39e90264f33305004495a9","hash":"b2e0e5dd7176252ec32751d185860f456643033f"}
,"/home/pii/Glints/Kelas/final-project/backendhobbytalk/routes/SubReply.js": {"path":"/home/pii/Glints/Kelas/final-project/backendhobbytalk/routes/SubReply.js","statementMap":{"0":{"start":{"line":1,"column":16},"end":{"line":1,"column":34}},"1":{"start":{"line":2,"column":15},"end":{"line":2,"column":31}},"2":{"start":{"line":3,"column":17},"end":{"line":3,"column":61}},"3":{"start":{"line":4,"column":22},"end":{"line":4,"column":52}},"4":{"start":{"line":6,"column":0},"end":{"line":6,"column":60}},"5":{"start":{"line":7,"column":0},"end":{"line":7,"column":49}},"6":{"start":{"line":8,"column":0},"end":{"line":8,"column":54}},"7":{"start":{"line":9,"column":0},"end":{"line":9,"column":57}},"8":{"start":{"line":10,"column":0},"end":{"line":10,"column":61}},"9":{"start":{"line":11,"column":0},"end":{"line":11,"column":62}},"10":{"start":{"line":12,"column":0},"end":{"line":12,"column":65}},"11":{"start":{"line":13,"column":0},"end":{"line":13,"column":66}},"12":{"start":{"line":15,"column":0},"end":{"line":15,"column":23}}},"fnMap":{},"branchMap":{},"s":{"0":6,"1":6,"2":6,"3":6,"4":6,"5":6,"6":6,"7":6,"8":6,"9":6,"10":6,"11":6,"12":6},"f":{},"b":{},"_coverageSchema":"1a1c01bbd47fc00a2c39e90264f33305004495a9","hash":"e34758d7a9c3e2882fbf12322fa14d0cd09601e2"}
,"/home/pii/Glints/Kelas/final-project/backendhobbytalk/routes/index.js": {"path":"/home/pii/Glints/Kelas/final-project/backendhobbytalk/routes/index.js","statementMap":{"0":{"start":{"line":1,"column":16},"end":{"line":1,"column":34}},"1":{"start":{"line":2,"column":19},"end":{"line":2,"column":50}},"2":{"start":{"line":3,"column":15},"end":{"line":3,"column":31}},"3":{"start":{"line":4,"column":18},"end":{"line":4,"column":36}},"4":{"start":{"line":5,"column":23},"end":{"line":5,"column":46}},"5":{"start":{"line":6,"column":20},"end":{"line":6,"column":40}},"6":{"start":{"line":7,"column":21},"end":{"line":7,"column":42}},"7":{"start":{"line":8,"column":19},"end":{"line":8,"column":37}},"8":{"start":{"line":9,"column":22},"end":{"line":9,"column":43}},"9":{"start":{"line":12,"column":0},"end":{"line":12,"column":31}},"10":{"start":{"line":13,"column":0},"end":{"line":13,"column":39}},"11":{"start":{"line":14,"column":0},"end":{"line":14,"column":35}},"12":{"start":{"line":15,"column":0},"end":{"line":15,"column":37}},"13":{"start":{"line":16,"column":0},"end":{"line":16,"column":32}},"14":{"start":{"line":17,"column":0},"end":{"line":17,"column":38}},"15":{"start":{"line":19,"column":0},"end":{"line":19,"column":23}}},"fnMap":{},"branchMap":{},"s":{"0":6,"1":6,"2":6,"3":6,"4":6,"5":6,"6":6,"7":6,"8":6,"9":6,"10":6,"11":6,"12":6,"13":6,"14":6,"15":6},"f":{},"b":{},"_coverageSchema":"1a1c01bbd47fc00a2c39e90264f33305004495a9","hash":"693149e0c86c08ecb6c17ad7b9cafc7d6ae78ead"}
,"/home/pii/Glints/Kelas/final-project/backendhobbytalk/routes/threads.js": {"path":"/home/pii/Glints/Kelas/final-project/backendhobbytalk/routes/threads.js","statementMap":{"0":{"start":{"line":1,"column":16},"end":{"line":1,"column":34}},"1":{"start":{"line":2,"column":15},"end":{"line":2,"column":31}},"2":{"start":{"line":3,"column":15},"end":{"line":3,"column":48}},"3":{"start":{"line":4,"column":22},"end":{"line":4,"column":52}},"4":{"start":{"line":5,"column":20},"end":{"line":5,"column":57}},"5":{"start":{"line":6,"column":24},"end":{"line":6,"column":64}},"6":{"start":{"line":8,"column":0},"end":{"line":8,"column":77}},"7":{"start":{"line":9,"column":0},"end":{"line":9,"column":44}},"8":{"start":{"line":10,"column":0},"end":{"line":10,"column":52}},"9":{"start":{"line":11,"column":0},"end":{"line":11,"column":56}},"10":{"start":{"line":12,"column":0},"end":{"line":12,"column":61}},"11":{"start":{"line":13,"column":0},"end":{"line":13,"column":43}},"12":{"start":{"line":14,"column":0},"end":{"line":14,"column":45}},"13":{"start":{"line":15,"column":0},"end":{"line":15,"column":58}},"14":{"start":{"line":16,"column":0},"end":{"line":16,"column":49}},"15":{"start":{"line":17,"column":0},"end":{"line":17,"column":55}},"16":{"start":{"line":18,"column":0},"end":{"line":18,"column":53}},"17":{"start":{"line":19,"column":0},"end":{"line":19,"column":39}},"18":{"start":{"line":20,"column":0},"end":{"line":20,"column":52}},"19":{"start":{"line":22,"column":0},"end":{"line":22,"column":53}},"20":{"start":{"line":23,"column":0},"end":{"line":23,"column":59}},"21":{"start":{"line":24,"column":0},"end":{"line":24,"column":57}},"22":{"start":{"line":25,"column":0},"end":{"line":25,"column":63}},"23":{"start":{"line":26,"column":0},"end":{"line":26,"column":59}},"24":{"start":{"line":29,"column":0},"end":{"line":29,"column":23}}},"fnMap":{},"branchMap":{},"s":{"0":6,"1":6,"2":6,"3":6,"4":6,"5":6,"6":6,"7":6,"8":6,"9":6,"10":6,"11":6,"12":6,"13":6,"14":6,"15":6,"16":6,"17":6,"18":6,"19":6,"20":6,"21":6,"22":6,"23":6,"24":6},"f":{},"b":{},"_coverageSchema":"1a1c01bbd47fc00a2c39e90264f33305004495a9","hash":"4f8f7800c86bdadeae71c111d5f133e029364a8e"}
,"/home/pii/Glints/Kelas/final-project/backendhobbytalk/routes/users.js": {"path":"/home/pii/Glints/Kelas/final-project/backendhobbytalk/routes/users.js","statementMap":{"0":{"start":{"line":1,"column":16},"end":{"line":1,"column":34}},"1":{"start":{"line":2,"column":15},"end":{"line":2,"column":31}},"2":{"start":{"line":3,"column":14},"end":{"line":3,"column":45}},"3":{"start":{"line":4,"column":52},"end":{"line":4,"column":92}},"4":{"start":{"line":5,"column":17},"end":{"line":5,"column":51}},"5":{"start":{"line":6,"column":75},"end":{"line":6,"column":106}},"6":{"start":{"line":7,"column":22},"end":{"line":7,"column":52}},"7":{"start":{"line":8,"column":20},"end":{"line":8,"column":57}},"8":{"start":{"line":9,"column":21},"end":{"line":9,"column":60}},"9":{"start":{"line":14,"column":0},"end":{"line":14,"column":30}},"10":{"start":{"line":15,"column":0},"end":{"line":15,"column":28}},"11":{"start":{"line":16,"column":0},"end":{"line":16,"column":30}},"12":{"start":{"line":17,"column":0},"end":{"line":17,"column":94}},"13":{"start":{"line":18,"column":0},"end":{"line":18,"column":83}},"14":{"start":{"line":18,"column":36},"end":{"line":18,"column":81}},"15":{"start":{"line":19,"column":0},"end":{"line":19,"column":122}},"16":{"start":{"line":20,"column":0},"end":{"line":20,"column":48}},"17":{"start":{"line":21,"column":0},"end":{"line":21,"column":58}},"18":{"start":{"line":22,"column":0},"end":{"line":22,"column":71}},"19":{"start":{"line":23,"column":0},"end":{"line":23,"column":72}},"20":{"start":{"line":24,"column":0},"end":{"line":24,"column":35}},"21":{"start":{"line":26,"column":0},"end":{"line":26,"column":23}}},"fnMap":{"0":{"name":"(anonymous_0)","decl":{"start":{"line":18,"column":22},"end":{"line":18,"column":23}},"loc":{"start":{"line":18,"column":36},"end":{"line":18,"column":81}},"line":18}},"branchMap":{},"s":{"0":6,"1":6,"2":6,"3":6,"4":6,"5":6,"6":6,"7":6,"8":6,"9":6,"10":6,"11":6,"12":6,"13":6,"14":0,"15":6,"16":6,"17":6,"18":6,"19":6,"20":6,"21":6},"f":{"0":0},"b":{},"_coverageSchema":"1a1c01bbd47fc00a2c39e90264f33305004495a9","hash":"4eaf20f81f1a7ae9ba299ee70edc4da32db63da2"}
}
