TN:
SF:server.js
FN:20,(anonymous_0)
FNF:1
FNH:0
FNDA:0,(anonymous_0)
DA:1,6
DA:2,6
DA:3,6
DA:4,6
DA:5,6
DA:6,6
DA:9,6
DA:10,6
DA:11,6
DA:15,6
DA:16,6
DA:17,6
DA:20,6
DA:21,0
DA:27,6
LF:15
LH:14
BRF:0
BRH:0
end_of_record
TN:
SF:controllers/Categories.js
FN:3,(anonymous_0)
FN:20,(anonymous_1)
FN:37,(anonymous_2)
FN:56,(anonymous_3)
FNF:4
FNH:4
FNDA:1,(anonymous_0)
FNDA:1,(anonymous_1)
FNDA:1,(anonymous_2)
FNDA:1,(anonymous_3)
DA:1,6
DA:2,6
DA:4,1
DA:5,1
DA:6,1
DA:7,1
DA:13,0
DA:14,0
DA:21,1
DA:22,1
DA:23,1
DA:29,0
DA:30,0
DA:38,1
DA:39,1
DA:40,1
DA:41,1
DA:42,1
DA:43,1
DA:44,1
DA:45,1
DA:46,1
DA:48,1
DA:53,0
DA:57,1
DA:58,1
DA:59,1
DA:61,1
DA:66,0
LF:29
LH:23
BRF:0
BRH:0
end_of_record
TN:
SF:controllers/CommentController.js
FN:6,(anonymous_0)
FN:47,(anonymous_1)
FN:114,(anonymous_2)
FN:147,(anonymous_3)
FNF:4
FNH:3
FNDA:2,(anonymous_0)
FNDA:1,(anonymous_1)
FNDA:1,(anonymous_2)
FNDA:0,(anonymous_3)
DA:1,6
DA:2,6
DA:3,6
DA:5,6
DA:7,2
DA:8,2
DA:9,2
DA:10,2
DA:11,2
DA:13,2
DA:14,2
DA:15,2
DA:20,0
DA:25,0
DA:26,0
DA:27,0
DA:33,0
DA:40,0
DA:41,0
DA:48,1
DA:49,1
DA:50,1
DA:51,1
DA:52,1
DA:53,1
DA:54,1
DA:86,1
DA:87,0
DA:92,1
DA:93,1
DA:101,0
DA:107,0
DA:108,0
DA:115,1
DA:116,1
DA:117,1
DA:118,1
DA:119,1
DA:121,1
DA:122,1
DA:123,1
DA:128,0
DA:134,0
DA:140,0
DA:141,0
DA:148,0
DA:149,0
DA:150,0
DA:151,0
DA:152,0
DA:153,0
DA:158,0
DA:159,0
DA:160,0
DA:165,0
DA:166,0
DA:167,0
DA:168,0
DA:169,0
DA:170,0
DA:175,0
DA:180,0
DA:181,0
LF:63
LH:30
BRDA:11,0,0,2
BRDA:11,0,1,0
BRDA:14,1,0,2
BRDA:14,1,1,0
BRDA:48,2,0,1
BRDA:48,2,1,1
BRDA:49,3,0,1
BRDA:49,3,1,1
BRDA:52,4,0,1
BRDA:52,4,1,0
BRDA:86,5,0,0
BRDA:86,5,1,1
BRDA:119,6,0,1
BRDA:119,6,1,0
BRDA:122,7,0,1
BRDA:122,7,1,0
BRDA:152,8,0,0
BRDA:152,8,1,0
BRDA:159,9,0,0
BRDA:159,9,1,0
BRDA:169,10,0,0
BRDA:169,10,1,0
BRF:22
BRH:10
end_of_record
TN:
SF:controllers/ReplyController.js
FN:6,(anonymous_0)
FN:46,(anonymous_1)
FN:92,(anonymous_2)
FN:128,(anonymous_3)
FN:168,(anonymous_4)
FN:182,(anonymous_5)
FN:189,(anonymous_6)
FN:190,(anonymous_7)
FN:217,(anonymous_8)
FN:229,(anonymous_9)
FN:236,(anonymous_10)
FN:260,(anonymous_11)
FN:272,(anonymous_12)
FN:278,(anonymous_13)
FN:279,(anonymous_14)
FN:306,(anonymous_15)
FN:318,(anonymous_16)
FN:325,(anonymous_17)
FNF:18
FNH:4
FNDA:1,(anonymous_0)
FNDA:1,(anonymous_1)
FNDA:1,(anonymous_2)
FNDA:1,(anonymous_3)
FNDA:0,(anonymous_4)
FNDA:0,(anonymous_5)
FNDA:0,(anonymous_6)
FNDA:0,(anonymous_7)
FNDA:0,(anonymous_8)
FNDA:0,(anonymous_9)
FNDA:0,(anonymous_10)
FNDA:0,(anonymous_11)
FNDA:0,(anonymous_12)
FNDA:0,(anonymous_13)
FNDA:0,(anonymous_14)
FNDA:0,(anonymous_15)
FNDA:0,(anonymous_16)
FNDA:0,(anonymous_17)
DA:1,6
DA:2,6
DA:3,6
DA:5,6
DA:7,1
DA:8,1
DA:9,1
DA:10,1
DA:11,1
DA:13,1
DA:14,1
DA:15,0
DA:20,1
DA:25,1
DA:26,1
DA:27,1
DA:33,0
DA:39,0
DA:40,0
DA:47,1
DA:48,1
DA:49,1
DA:50,1
DA:51,1
DA:52,1
DA:53,1
DA:64,1
DA:65,0
DA:70,1
DA:71,1
DA:79,0
DA:85,0
DA:86,0
DA:93,1
DA:94,1
DA:95,1
DA:96,1
DA:97,1
DA:99,1
DA:102,1
DA:103,0
DA:108,1
DA:114,0
DA:121,0
DA:122,0
DA:129,1
DA:130,1
DA:131,1
DA:132,1
DA:133,1
DA:134,0
DA:139,1
DA:140,1
DA:141,0
DA:146,1
DA:147,1
DA:148,1
DA:149,1
DA:150,1
DA:151,0
DA:156,1
DA:161,0
DA:162,0
DA:169,0
DA:170,0
DA:172,0
DA:173,0
DA:174,0
DA:175,0
DA:176,0
DA:182,0
DA:183,0
DA:189,0
DA:190,0
DA:191,0
DA:194,0
DA:196,0
DA:198,0
DA:204,0
DA:210,0
DA:211,0
DA:218,0
DA:219,0
DA:220,0
DA:221,0
DA:222,0
DA:223,0
DA:224,0
DA:229,0
DA:230,0
DA:236,0
DA:237,0
DA:239,0
DA:240,0
DA:246,0
DA:253,0
DA:254,0
DA:261,0
DA:262,0
DA:263,0
DA:264,0
DA:265,0
DA:266,0
DA:267,0
DA:272,0
DA:273,0
DA:278,0
DA:279,0
DA:280,0
DA:283,0
DA:285,0
DA:286,0
DA:292,0
DA:299,0
DA:300,0
DA:307,0
DA:308,0
DA:309,0
DA:310,0
DA:311,0
DA:312,0
DA:313,0
DA:318,0
DA:319,0
DA:325,0
DA:326,0
DA:328,0
DA:329,0
DA:335,0
DA:342,0
DA:343,0
LF:131
LH:46
BRDA:11,0,0,1
BRDA:11,0,1,0
BRDA:14,1,0,0
BRDA:14,1,1,1
BRDA:47,2,0,1
BRDA:47,2,1,1
BRDA:48,3,0,1
BRDA:48,3,1,1
BRDA:51,4,0,1
BRDA:51,4,1,0
BRDA:64,5,0,0
BRDA:64,5,1,1
BRDA:97,6,0,1
BRDA:97,6,1,0
BRDA:102,7,0,0
BRDA:102,7,1,1
BRDA:133,8,0,0
BRDA:133,8,1,1
BRDA:140,9,0,0
BRDA:140,9,1,1
BRDA:150,10,0,0
BRDA:150,10,1,1
BRDA:173,11,0,0
BRDA:173,11,1,0
BRDA:175,12,0,0
BRDA:175,12,1,0
BRDA:182,13,0,0
BRDA:182,13,1,0
BRDA:189,14,0,0
BRDA:189,14,1,0
BRDA:221,15,0,0
BRDA:221,15,1,0
BRDA:223,16,0,0
BRDA:223,16,1,0
BRDA:229,17,0,0
BRDA:229,17,1,0
BRDA:264,18,0,0
BRDA:264,18,1,0
BRDA:266,19,0,0
BRDA:266,19,1,0
BRDA:272,20,0,0
BRDA:272,20,1,0
BRDA:278,21,0,0
BRDA:278,21,1,0
BRDA:310,22,0,0
BRDA:310,22,1,0
BRDA:312,23,0,0
BRDA:312,23,1,0
BRDA:318,24,0,0
BRDA:318,24,1,0
BRF:50
BRH:13
end_of_record
TN:
SF:controllers/SubReplyController.js
FN:6,(anonymous_0)
FN:46,(anonymous_1)
FN:89,(anonymous_2)
FN:124,(anonymous_3)
FN:164,(anonymous_4)
FN:171,(anonymous_5)
FN:178,(anonymous_6)
FN:179,(anonymous_7)
FN:204,(anonymous_8)
FN:211,(anonymous_9)
FN:218,(anonymous_10)
FN:239,(anonymous_11)
FN:246,(anonymous_12)
FN:247,(anonymous_13)
FN:251,(anonymous_14)
FN:279,(anonymous_15)
FN:286,(anonymous_16)
FN:293,(anonymous_17)
FNF:18
FNH:4
FNDA:1,(anonymous_0)
FNDA:1,(anonymous_1)
FNDA:1,(anonymous_2)
FNDA:1,(anonymous_3)
FNDA:0,(anonymous_4)
FNDA:0,(anonymous_5)
FNDA:0,(anonymous_6)
FNDA:0,(anonymous_7)
FNDA:0,(anonymous_8)
FNDA:0,(anonymous_9)
FNDA:0,(anonymous_10)
FNDA:0,(anonymous_11)
FNDA:0,(anonymous_12)
FNDA:0,(anonymous_13)
FNDA:0,(anonymous_14)
FNDA:0,(anonymous_15)
FNDA:0,(anonymous_16)
FNDA:0,(anonymous_17)
DA:1,6
DA:2,6
DA:3,6
DA:5,6
DA:7,1
DA:8,1
DA:9,1
DA:10,1
DA:11,1
DA:13,1
DA:14,1
DA:15,0
DA:20,1
DA:25,1
DA:26,1
DA:27,1
DA:33,0
DA:39,0
DA:40,0
DA:47,1
DA:48,1
DA:49,1
DA:50,1
DA:51,1
DA:52,1
DA:53,1
DA:62,1
DA:63,0
DA:68,1
DA:76,0
DA:82,0
DA:83,0
DA:90,1
DA:91,1
DA:92,1
DA:93,1
DA:94,1
DA:96,1
DA:99,1
DA:100,0
DA:105,1
DA:111,0
DA:117,0
DA:118,0
DA:125,1
DA:126,1
DA:127,1
DA:128,1
DA:129,1
DA:130,0
DA:135,1
DA:136,1
DA:137,0
DA:142,1
DA:143,1
DA:144,1
DA:145,1
DA:146,1
DA:147,0
DA:152,1
DA:157,0
DA:158,0
DA:165,0
DA:166,0
DA:167,0
DA:168,0
DA:169,0
DA:170,0
DA:171,0
DA:172,0
DA:178,0
DA:179,0
DA:180,0
DA:183,0
DA:185,0
DA:186,0
DA:191,0
DA:197,0
DA:198,0
DA:205,0
DA:206,0
DA:207,0
DA:208,0
DA:209,0
DA:211,0
DA:212,0
DA:218,0
DA:219,0
DA:220,0
DA:221,0
DA:226,0
DA:232,0
DA:233,0
DA:240,0
DA:241,0
DA:242,0
DA:243,0
DA:244,0
DA:246,0
DA:247,0
DA:248,0
DA:251,0
DA:252,0
DA:258,0
DA:260,0
DA:261,0
DA:266,0
DA:272,0
DA:273,0
DA:280,0
DA:281,0
DA:282,0
DA:283,0
DA:284,0
DA:286,0
DA:287,0
DA:293,0
DA:294,0
DA:295,0
DA:296,0
DA:301,0
DA:307,0
DA:308,0
LF:123
LH:45
BRDA:11,0,0,1
BRDA:11,0,1,0
BRDA:14,1,0,0
BRDA:14,1,1,1
BRDA:47,2,0,1
BRDA:47,2,1,1
BRDA:48,3,0,1
BRDA:48,3,1,1
BRDA:51,4,0,1
BRDA:51,4,1,0
BRDA:62,5,0,0
BRDA:62,5,1,1
BRDA:94,6,0,1
BRDA:94,6,1,0
BRDA:99,7,0,0
BRDA:99,7,1,1
BRDA:129,8,0,0
BRDA:129,8,1,1
BRDA:136,9,0,0
BRDA:136,9,1,1
BRDA:146,10,0,0
BRDA:146,10,1,1
BRDA:168,11,0,0
BRDA:168,11,1,0
BRDA:171,12,0,0
BRDA:171,12,1,0
BRDA:178,13,0,0
BRDA:178,13,1,0
BRDA:208,14,0,0
BRDA:208,14,1,0
BRDA:211,15,0,0
BRDA:211,15,1,0
BRDA:243,16,0,0
BRDA:243,16,1,0
BRDA:246,17,0,0
BRDA:246,17,1,0
BRDA:251,18,0,0
BRDA:251,18,1,0
BRDA:283,19,0,0
BRDA:283,19,1,0
BRDA:286,20,0,0
BRDA:286,20,1,0
BRF:42
BRH:13
end_of_record
TN:
SF:controllers/ThreadCategory.js
FN:3,(anonymous_0)
FNF:1
FNH:1
FNDA:1,(anonymous_0)
DA:1,6
DA:2,6
DA:4,1
DA:5,1
DA:6,1
DA:7,1
DA:9,1
DA:19,1
DA:21,1
DA:22,1
DA:23,0
DA:25,1
DA:26,1
DA:27,0
DA:29,1
DA:31,1
DA:32,0
DA:37,1
DA:47,0
DA:48,0
LF:20
LH:15
BRDA:4,0,0,1
BRDA:4,0,1,1
BRDA:22,1,0,0
BRDA:22,1,1,1
BRDA:26,2,0,0
BRDA:26,2,1,1
BRDA:31,3,0,0
BRDA:31,3,1,1
BRF:8
BRH:5
end_of_record
TN:
SF:controllers/authController.js
FN:10,(anonymous_0)
FN:86,(anonymous_1)
FN:134,(anonymous_2)
FN:151,(anonymous_3)
FN:175,(anonymous_4)
FNF:5
FNH:3
FNDA:1,(anonymous_0)
FNDA:11,(anonymous_1)
FNDA:11,(anonymous_2)
FNDA:0,(anonymous_3)
FNDA:0,(anonymous_4)
DA:1,6
DA:2,6
DA:3,6
DA:4,6
DA:5,6
DA:6,6
DA:7,6
DA:9,6
DA:11,1
DA:13,1
DA:15,1
DA:21,1
DA:29,1
DA:30,0
DA:37,1
DA:41,1
DA:42,0
DA:48,1
DA:50,1
DA:52,1
DA:58,1
DA:60,1
DA:61,0
DA:67,1
DA:69,1
DA:71,1
DA:78,0
DA:79,0
DA:87,11
DA:88,11
DA:89,11
DA:90,11
DA:95,11
DA:97,11
DA:98,0
DA:104,11
DA:108,11
DA:109,0
DA:114,11
DA:117,11
DA:118,0
DA:123,11
DA:128,11
DA:129,0
DA:134,11
DA:135,11
DA:143,0
DA:144,0
DA:153,0
DA:154,0
DA:157,0
DA:158,0
DA:163,0
DA:169,0
DA:175,0
DA:176,0
DA:179,0
LF:57
LH:37
BRDA:29,0,0,0
BRDA:29,0,1,1
BRDA:41,1,0,0
BRDA:41,1,1,1
BRDA:60,2,0,0
BRDA:60,2,1,1
BRDA:97,3,0,0
BRDA:97,3,1,11
BRDA:108,4,0,0
BRDA:108,4,1,11
BRDA:117,5,0,0
BRDA:117,5,1,11
BRDA:128,6,0,0
BRDA:128,6,1,11
BRDA:157,7,0,0
BRDA:157,7,1,0
BRF:16
BRH:7
end_of_record
TN:
SF:controllers/emailverified.js
FN:7,(anonymous_0)
FN:63,(anonymous_1)
FN:72,(anonymous_2)
FNF:3
FNH:1
FNDA:1,(anonymous_0)
FNDA:0,(anonymous_1)
FNDA:0,(anonymous_2)
DA:1,6
DA:2,6
DA:3,6
DA:4,6
DA:6,6
DA:10,1
DA:32,1
DA:33,1
DA:63,1
DA:64,0
DA:65,0
DA:67,0
DA:73,0
DA:74,0
DA:76,0
DA:81,0
DA:82,0
DA:88,0
DA:89,0
DA:94,0
DA:95,0
DA:98,0
DA:104,0
DA:107,0
DA:108,0
LF:25
LH:9
BRDA:64,0,0,0
BRDA:64,0,1,0
BRDA:81,1,0,0
BRDA:81,1,1,0
BRDA:88,2,0,0
BRDA:88,2,1,0
BRF:6
BRH:0
end_of_record
TN:
SF:controllers/threads.js
FN:10,(anonymous_0)
FN:59,(anonymous_1)
FN:111,(anonymous_2)
FN:172,(anonymous_3)
FN:197,(anonymous_4)
FN:227,(anonymous_5)
FN:239,(anonymous_6)
FN:245,(anonymous_7)
FN:246,(anonymous_8)
FN:272,(anonymous_9)
FN:284,(anonymous_10)
FN:290,(anonymous_11)
FN:313,(anonymous_12)
FN:325,(anonymous_13)
FN:331,(anonymous_14)
FN:332,(anonymous_15)
FN:359,(anonymous_16)
FN:371,(anonymous_17)
FN:377,(anonymous_18)
FN:400,(anonymous_19)
FN:479,(anonymous_20)
FN:533,(anonymous_21)
FN:564,(anonymous_22)
FN:590,(anonymous_23)
FN:652,(anonymous_24)
FN:690,(anonymous_25)
FN:718,(anonymous_26)
FN:719,(anonymous_27)
FN:720,(anonymous_28)
FN:784,(anonymous_29)
FNF:30
FNH:13
FNDA:0,(anonymous_0)
FNDA:1,(anonymous_1)
FNDA:1,(anonymous_2)
FNDA:0,(anonymous_3)
FNDA:1,(anonymous_4)
FNDA:0,(anonymous_5)
FNDA:0,(anonymous_6)
FNDA:0,(anonymous_7)
FNDA:0,(anonymous_8)
FNDA:0,(anonymous_9)
FNDA:0,(anonymous_10)
FNDA:0,(anonymous_11)
FNDA:0,(anonymous_12)
FNDA:0,(anonymous_13)
FNDA:0,(anonymous_14)
FNDA:0,(anonymous_15)
FNDA:0,(anonymous_16)
FNDA:0,(anonymous_17)
FNDA:0,(anonymous_18)
FNDA:1,(anonymous_19)
FNDA:1,(anonymous_20)
FNDA:1,(anonymous_21)
FNDA:1,(anonymous_22)
FNDA:1,(anonymous_23)
FNDA:1,(anonymous_24)
FNDA:1,(anonymous_25)
FNDA:2,(anonymous_26)
FNDA:0,(anonymous_27)
FNDA:1,(anonymous_28)
FNDA:1,(anonymous_29)
DA:1,6
DA:2,6
DA:3,6
DA:4,6
DA:5,6
DA:6,6
DA:7,6
DA:9,6
DA:11,0
DA:12,0
DA:13,0
DA:14,0
DA:15,0
DA:20,0
DA:21,0
DA:22,0
DA:28,0
DA:30,0
DA:37,0
DA:38,0
DA:43,0
DA:44,0
DA:45,0
DA:52,0
DA:53,0
DA:60,1
DA:61,1
DA:62,1
DA:64,1
DA:76,1
DA:78,1
DA:79,1
DA:80,0
DA:82,1
DA:83,1
DA:84,0
DA:86,1
DA:88,1
DA:89,0
DA:94,1
DA:104,0
DA:105,0
DA:112,1
DA:113,1
DA:114,1
DA:115,1
DA:116,1
DA:129,1
DA:130,1
DA:132,1
DA:133,1
DA:134,1
DA:136,1
DA:137,1
DA:138,0
DA:140,1
DA:142,1
DA:143,0
DA:148,1
DA:149,0
DA:155,1
DA:165,0
DA:166,0
DA:173,0
DA:174,0
DA:175,0
DA:176,0
DA:177,0
DA:178,0
DA:180,0
DA:181,0
DA:184,0
DA:185,0
DA:190,0
DA:191,0
DA:198,1
DA:199,1
DA:200,1
DA:201,1
DA:202,1
DA:203,1
DA:204,0
DA:206,1
DA:207,0
DA:209,1
DA:210,1
DA:211,1
DA:212,1
DA:214,1
DA:216,1
DA:221,0
DA:228,0
DA:229,0
DA:230,0
DA:231,0
DA:232,0
DA:233,0
DA:234,0
DA:239,0
DA:240,0
DA:245,0
DA:246,0
DA:247,0
DA:250,0
DA:252,0
DA:253,0
DA:258,0
DA:265,0
DA:266,0
DA:273,0
DA:274,0
DA:275,0
DA:276,0
DA:277,0
DA:278,0
DA:279,0
DA:284,0
DA:285,0
DA:290,0
DA:291,0
DA:292,0
DA:293,0
DA:299,0
DA:306,0
DA:307,0
DA:314,0
DA:315,0
DA:316,0
DA:317,0
DA:318,0
DA:319,0
DA:320,0
DA:325,0
DA:326,0
DA:331,0
DA:332,0
DA:333,0
DA:336,0
DA:338,0
DA:339,0
DA:345,0
DA:352,0
DA:353,0
DA:360,0
DA:361,0
DA:362,0
DA:363,0
DA:364,0
DA:365,0
DA:366,0
DA:371,0
DA:372,0
DA:377,0
DA:378,0
DA:379,0
DA:380,0
DA:386,0
DA:393,0
DA:394,0
DA:401,1
DA:402,1
DA:403,1
DA:404,1
DA:451,1
DA:452,1
DA:457,0
DA:459,0
DA:465,0
DA:472,0
DA:473,0
DA:480,1
DA:481,1
DA:482,1
DA:484,1
DA:496,1
DA:497,1
DA:499,1
DA:500,1
DA:501,0
DA:503,1
DA:504,1
DA:505,0
DA:507,1
DA:509,1
DA:510,0
DA:515,1
DA:526,0
DA:527,0
DA:534,1
DA:535,1
DA:536,1
DA:537,1
DA:538,1
DA:539,1
DA:540,0
DA:546,1
DA:552,0
DA:558,0
DA:565,1
DA:566,1
DA:567,1
DA:577,1
DA:583,0
DA:584,0
DA:591,1
DA:592,1
DA:593,1
DA:594,1
DA:606,1
DA:607,1
DA:608,1
DA:609,4
DA:610,0
DA:611,0
DA:613,4
DA:614,4
DA:615,4
DA:619,1
DA:620,1
DA:621,0
DA:623,1
DA:624,1
DA:625,0
DA:627,1
DA:629,1
DA:630,0
DA:635,1
DA:645,0
DA:646,0
DA:653,1
DA:655,1
DA:656,1
DA:657,1
DA:658,1
DA:660,1
DA:661,6
DA:671,6
DA:672,2
DA:676,1
DA:683,0
DA:684,0
DA:691,1
DA:692,1
DA:693,1
DA:694,1
DA:695,1
DA:707,1
DA:708,1
DA:709,1
DA:710,1
DA:711,1
DA:712,1
DA:713,1
DA:714,1
DA:715,1
DA:718,5
DA:719,5
DA:720,5
DA:721,5
DA:722,5
DA:724,5
DA:728,1
DA:737,1
DA:738,4
DA:739,0
DA:740,0
DA:742,4
DA:743,4
DA:744,4
DA:748,1
DA:749,1
DA:750,1
DA:751,0
DA:753,1
DA:754,1
DA:755,0
DA:757,1
DA:759,1
DA:760,0
DA:765,1
DA:777,0
DA:778,0
DA:785,1
DA:786,1
DA:787,1
DA:788,1
DA:789,1
DA:790,1
DA:796,0
DA:807,0
DA:813,0
DA:814,0
LF:292
LH:147
BRDA:21,0,0,0
BRDA:21,0,1,0
BRDA:37,1,0,0
BRDA:37,1,1,0
BRDA:60,2,0,1
BRDA:60,2,1,1
BRDA:79,3,0,0
BRDA:79,3,1,1
BRDA:83,4,0,0
BRDA:83,4,1,1
BRDA:88,5,0,0
BRDA:88,5,1,1
BRDA:113,6,0,1
BRDA:113,6,1,1
BRDA:133,7,0,1
BRDA:133,7,1,0
BRDA:137,8,0,0
BRDA:137,8,1,1
BRDA:142,9,0,0
BRDA:142,9,1,1
BRDA:148,10,0,0
BRDA:148,10,1,1
BRDA:177,11,0,0
BRDA:177,11,1,0
BRDA:180,12,0,0
BRDA:180,12,1,0
BRDA:203,13,0,0
BRDA:203,13,1,1
BRDA:206,14,0,0
BRDA:206,14,1,1
BRDA:210,15,0,0
BRDA:210,15,1,1
BRDA:211,16,0,1
BRDA:211,16,1,0
BRDA:212,17,0,0
BRDA:212,17,1,1
BRDA:231,18,0,0
BRDA:231,18,1,0
BRDA:233,19,0,0
BRDA:233,19,1,0
BRDA:239,20,0,0
BRDA:239,20,1,0
BRDA:245,21,0,0
BRDA:245,21,1,0
BRDA:276,22,0,0
BRDA:276,22,1,0
BRDA:278,23,0,0
BRDA:278,23,1,0
BRDA:284,24,0,0
BRDA:284,24,1,0
BRDA:317,25,0,0
BRDA:317,25,1,0
BRDA:319,26,0,0
BRDA:319,26,1,0
BRDA:325,27,0,0
BRDA:325,27,1,0
BRDA:331,28,0,0
BRDA:331,28,1,0
BRDA:363,29,0,0
BRDA:363,29,1,0
BRDA:365,30,0,0
BRDA:365,30,1,0
BRDA:371,31,0,0
BRDA:371,31,1,0
BRDA:403,32,0,1
BRDA:403,32,1,0
BRDA:451,33,0,1
BRDA:451,33,1,0
BRDA:480,34,0,1
BRDA:480,34,1,1
BRDA:500,35,0,0
BRDA:500,35,1,1
BRDA:504,36,0,0
BRDA:504,36,1,1
BRDA:509,37,0,0
BRDA:509,37,1,1
BRDA:537,38,0,1
BRDA:537,38,1,0
BRDA:539,39,0,0
BRDA:539,39,1,1
BRDA:591,40,0,1
BRDA:591,40,1,1
BRDA:609,41,0,0
BRDA:609,41,1,4
BRDA:620,42,0,0
BRDA:620,42,1,1
BRDA:624,43,0,0
BRDA:624,43,1,1
BRDA:629,44,0,0
BRDA:629,44,1,1
BRDA:671,45,0,2
BRDA:671,45,1,4
BRDA:691,46,0,1
BRDA:691,46,1,1
BRDA:738,47,0,0
BRDA:738,47,1,4
BRDA:750,48,0,0
BRDA:750,48,1,1
BRDA:754,49,0,0
BRDA:754,49,1,1
BRDA:759,50,0,0
BRDA:759,50,1,1
BRDA:789,51,0,1
BRDA:789,51,1,0
BRF:104
BRH:40
end_of_record
TN:
SF:controllers/upvoteComment.js
FN:3,(anonymous_0)
FN:15,(anonymous_1)
FN:21,(anonymous_2)
FN:22,(anonymous_3)
FN:48,(anonymous_4)
FN:60,(anonymous_5)
FN:67,(anonymous_6)
FN:90,(anonymous_7)
FN:102,(anonymous_8)
FN:108,(anonymous_9)
FN:109,(anonymous_10)
FN:136,(anonymous_11)
FN:148,(anonymous_12)
FN:155,(anonymous_13)
FNF:14
FNH:0
FNDA:0,(anonymous_0)
FNDA:0,(anonymous_1)
FNDA:0,(anonymous_2)
FNDA:0,(anonymous_3)
FNDA:0,(anonymous_4)
FNDA:0,(anonymous_5)
FNDA:0,(anonymous_6)
FNDA:0,(anonymous_7)
FNDA:0,(anonymous_8)
FNDA:0,(anonymous_9)
FNDA:0,(anonymous_10)
FNDA:0,(anonymous_11)
FNDA:0,(anonymous_12)
FNDA:0,(anonymous_13)
DA:1,6
DA:2,6
DA:4,0
DA:5,0
DA:6,0
DA:7,0
DA:8,0
DA:9,0
DA:10,0
DA:15,0
DA:16,0
DA:21,0
DA:22,0
DA:23,0
DA:26,0
DA:28,0
DA:29,0
DA:34,0
DA:41,0
DA:42,0
DA:49,0
DA:50,0
DA:51,0
DA:52,0
DA:53,0
DA:54,0
DA:55,0
DA:60,0
DA:61,0
DA:67,0
DA:68,0
DA:69,0
DA:70,0
DA:76,0
DA:83,0
DA:84,0
DA:91,0
DA:92,0
DA:93,0
DA:94,0
DA:95,0
DA:96,0
DA:97,0
DA:102,0
DA:103,0
DA:108,0
DA:109,0
DA:110,0
DA:113,0
DA:115,0
DA:116,0
DA:122,0
DA:129,0
DA:130,0
DA:137,0
DA:138,0
DA:139,0
DA:140,0
DA:141,0
DA:142,0
DA:143,0
DA:148,0
DA:149,0
DA:155,0
DA:156,0
DA:157,0
DA:158,0
DA:164,0
DA:171,0
DA:172,0
LF:70
LH:2
BRDA:7,0,0,0
BRDA:7,0,1,0
BRDA:9,1,0,0
BRDA:9,1,1,0
BRDA:15,2,0,0
BRDA:15,2,1,0
BRDA:21,3,0,0
BRDA:21,3,1,0
BRDA:52,4,0,0
BRDA:52,4,1,0
BRDA:54,5,0,0
BRDA:54,5,1,0
BRDA:60,6,0,0
BRDA:60,6,1,0
BRDA:94,7,0,0
BRDA:94,7,1,0
BRDA:96,8,0,0
BRDA:96,8,1,0
BRDA:102,9,0,0
BRDA:102,9,1,0
BRDA:108,10,0,0
BRDA:108,10,1,0
BRDA:140,11,0,0
BRDA:140,11,1,0
BRDA:142,12,0,0
BRDA:142,12,1,0
BRDA:148,13,0,0
BRDA:148,13,1,0
BRF:28
BRH:0
end_of_record
TN:
SF:controllers/users.js
FN:11,(anonymous_0)
FN:52,(anonymous_1)
FN:91,(anonymous_2)
FN:122,(anonymous_3)
FN:147,(anonymous_4)
FN:164,(anonymous_5)
FNF:6
FNH:2
FNDA:1,(anonymous_0)
FNDA:0,(anonymous_1)
FNDA:0,(anonymous_2)
FNDA:1,(anonymous_3)
FNDA:0,(anonymous_4)
FNDA:0,(anonymous_5)
DA:1,6
DA:2,6
DA:3,6
DA:4,6
DA:5,6
DA:6,6
DA:7,6
DA:10,6
DA:12,1
DA:13,1
DA:14,1
DA:15,1
DA:31,1
DA:32,0
DA:38,1
DA:45,0
DA:46,0
DA:53,0
DA:54,0
DA:57,0
DA:58,0
DA:59,0
DA:60,0
DA:61,0
DA:63,0
DA:64,0
DA:66,0
DA:68,0
DA:69,0
DA:71,0
DA:73,0
DA:74,0
DA:75,0
DA:77,0
DA:78,0
DA:84,0
DA:85,0
DA:92,0
DA:93,0
DA:94,0
DA:95,0
DA:96,0
DA:97,0
DA:98,0
DA:99,0
DA:101,0
DA:102,0
DA:107,0
DA:108,0
DA:109,0
DA:115,0
DA:116,0
DA:123,1
DA:124,1
DA:125,1
DA:126,1
DA:127,0
DA:132,1
DA:139,0
DA:140,0
DA:148,0
DA:149,0
DA:151,0
DA:152,0
DA:154,0
DA:155,0
DA:156,0
DA:157,0
DA:158,0
DA:164,0
DA:165,0
DA:170,0
DA:172,0
DA:174,0
DA:176,0
DA:182,0
DA:189,0
LF:77
LH:19
BRDA:31,0,0,0
BRDA:31,0,1,1
BRDA:60,1,0,0
BRDA:60,1,1,0
BRDA:63,2,0,0
BRDA:63,2,1,0
BRDA:68,3,0,0
BRDA:68,3,1,0
BRDA:73,4,0,0
BRDA:73,4,1,0
BRDA:74,5,0,0
BRDA:74,5,1,0
BRDA:75,6,0,0
BRDA:75,6,1,0
BRDA:98,7,0,0
BRDA:98,7,1,0
BRDA:101,8,0,0
BRDA:101,8,1,0
BRDA:107,9,0,0
BRDA:107,9,1,0
BRDA:126,10,0,0
BRDA:126,10,1,1
BRDA:155,11,0,0
BRDA:155,11,1,0
BRDA:157,12,0,0
BRDA:157,12,1,0
BRDA:164,13,0,0
BRDA:164,13,1,0
BRF:28
BRH:2
end_of_record
TN:
SF:middlewares/auth.js
FN:11,(anonymous_0)
FN:15,(anonymous_1)
FN:34,(anonymous_2)
FN:35,(anonymous_3)
FN:36,(anonymous_4)
FN:40,(anonymous_5)
FN:50,(anonymous_6)
FNF:7
FNH:7
FNDA:12,(anonymous_0)
FNDA:12,(anonymous_1)
FNDA:1,(anonymous_2)
FNDA:1,(anonymous_3)
FNDA:1,(anonymous_4)
FNDA:1,(anonymous_5)
FNDA:1,(anonymous_6)
DA:1,6
DA:2,6
DA:10,6
DA:12,12
DA:13,12
DA:14,12
DA:15,12
DA:16,12
DA:17,0
DA:22,12
DA:23,12
DA:27,0
DA:35,1
DA:36,1
DA:37,1
DA:38,0
DA:40,1
DA:41,1
DA:42,0
DA:44,1
DA:51,1
DA:52,1
DA:53,1
DA:55,1
DA:56,10
DA:58,1
DA:59,0
LF:27
LH:22
BRDA:16,0,0,0
BRDA:16,0,1,12
BRDA:37,1,0,0
BRDA:37,1,1,1
BRDA:41,2,0,0
BRDA:41,2,1,1
BRF:6
BRH:3
end_of_record
TN:
SF:middlewares/cloudUpload.js
FN:17,(anonymous_0)
FN:21,(anonymous_1)
FN:49,(anonymous_2)
FN:50,(anonymous_3)
FNF:4
FNH:1
FNDA:18,(anonymous_0)
FNDA:0,(anonymous_1)
FNDA:0,(anonymous_2)
FNDA:0,(anonymous_3)
DA:1,6
DA:2,6
DA:3,6
DA:4,6
DA:6,6
DA:17,6
DA:18,18
DA:19,18
DA:22,0
DA:45,18
DA:49,18
DA:50,0
DA:51,0
DA:56,0
LF:14
LH:10
BRF:0
BRH:0
end_of_record
TN:
SF:middlewares/passport.js
FN:10,(anonymous_0)
FN:14,(anonymous_1)
FN:24,(anonymous_2)
FNF:3
FNH:0
FNDA:0,(anonymous_0)
FNDA:0,(anonymous_1)
FNDA:0,(anonymous_2)
DA:1,6
DA:2,6
DA:3,6
DA:4,6
DA:5,6
DA:6,6
DA:8,6
DA:10,6
DA:11,0
DA:14,6
DA:15,0
DA:18,6
DA:25,0
DA:26,0
DA:31,6
LF:15
LH:11
BRF:0
BRH:0
end_of_record
TN:
SF:models/Categories.js
FNF:0
FNH:0
DA:1,6
DA:2,6
DA:4,6
DA:13,6
LF:4
LH:4
BRF:0
BRH:0
end_of_record
TN:
SF:models/Comment.js
FNF:0
FNH:0
DA:1,6
DA:2,6
DA:4,6
DA:45,6
DA:51,6
DA:57,6
DA:63,6
DA:64,6
DA:65,6
LF:9
LH:9
BRF:0
BRH:0
end_of_record
TN:
SF:models/Reply.js
FNF:0
FNH:0
DA:1,6
DA:2,6
DA:4,6
DA:46,6
DA:52,6
DA:58,6
DA:64,6
DA:65,6
DA:66,6
LF:9
LH:9
BRF:0
BRH:0
end_of_record
TN:
SF:models/SubReply.js
FNF:0
FNH:0
DA:1,6
DA:2,6
DA:4,6
DA:41,6
DA:47,6
DA:53,6
DA:54,6
DA:55,6
LF:8
LH:8
BRF:0
BRH:0
end_of_record
TN:
SF:models/Threads.js
FNF:0
FNH:0
DA:1,6
DA:2,6
DA:4,6
DA:60,6
DA:66,6
DA:72,6
DA:78,6
DA:79,6
DA:81,6
LF:9
LH:9
BRF:0
BRH:0
end_of_record
TN:
SF:models/Users.js
FNF:0
FNH:0
DA:1,6
DA:2,6
DA:4,6
DA:48,6
LF:4
LH:4
BRF:0
BRH:0
end_of_record
TN:
SF:routes/Categories.js
FNF:0
FNH:0
DA:1,6
DA:2,6
DA:3,6
DA:5,6
DA:6,6
DA:7,6
DA:8,6
DA:10,6
LF:8
LH:8
BRF:0
BRH:0
end_of_record
TN:
SF:routes/Comments.js
FNF:0
FNH:0
DA:1,6
DA:2,6
DA:3,6
DA:4,6
DA:5,6
DA:7,6
DA:8,6
DA:9,6
DA:10,6
DA:11,6
DA:12,6
DA:13,6
DA:14,6
DA:16,6
LF:14
LH:14
BRF:0
BRH:0
end_of_record
TN:
SF:routes/Reply.js
FNF:0
FNH:0
DA:1,6
DA:2,6
DA:3,6
DA:4,6
DA:6,6
DA:7,6
DA:8,6
DA:9,6
DA:10,6
DA:11,6
DA:12,6
DA:13,6
DA:15,6
LF:13
LH:13
BRF:0
BRH:0
end_of_record
TN:
SF:routes/SubReply.js
FNF:0
FNH:0
DA:1,6
DA:2,6
DA:3,6
DA:4,6
DA:6,6
DA:7,6
DA:8,6
DA:9,6
DA:10,6
DA:11,6
DA:12,6
DA:13,6
DA:15,6
LF:13
LH:13
BRF:0
BRH:0
end_of_record
TN:
SF:routes/index.js
FNF:0
FNH:0
DA:1,6
DA:2,6
DA:3,6
DA:4,6
DA:5,6
DA:6,6
DA:7,6
DA:8,6
DA:9,6
DA:12,6
DA:13,6
DA:14,6
DA:15,6
DA:16,6
DA:17,6
DA:19,6
LF:16
LH:16
BRF:0
BRH:0
end_of_record
TN:
SF:routes/threads.js
FNF:0
FNH:0
DA:1,6
DA:2,6
DA:3,6
DA:4,6
DA:5,6
DA:6,6
DA:8,6
DA:9,6
DA:10,6
DA:11,6
DA:12,6
DA:13,6
DA:14,6
DA:15,6
DA:16,6
DA:17,6
DA:18,6
DA:19,6
DA:20,6
DA:22,6
DA:23,6
DA:24,6
DA:25,6
DA:26,6
DA:29,6
LF:25
LH:25
BRF:0
BRH:0
end_of_record
TN:
SF:routes/users.js
FN:18,(anonymous_0)
FNF:1
FNH:0
FNDA:0,(anonymous_0)
DA:1,6
DA:2,6
DA:3,6
DA:4,6
DA:5,6
DA:6,6
DA:7,6
DA:8,6
DA:9,6
DA:14,6
DA:15,6
DA:16,6
DA:17,6
DA:18,6
DA:19,6
DA:20,6
DA:21,6
DA:22,6
DA:23,6
DA:24,6
DA:26,6
LF:21
LH:21
BRF:0
BRH:0
end_of_record
