TN:
SF:server.js
FN:20,(anonymous_0)
FNF:1
FNH:0
FNDA:0,(anonymous_0)
DA:1,6
DA:2,6
DA:3,6
DA:4,6
DA:5,6
DA:6,6
DA:9,6
DA:10,6
DA:11,6
DA:15,6
DA:16,6
DA:17,6
DA:20,6
DA:21,0
DA:27,6
LF:15
LH:14
BRF:0
BRH:0
end_of_record
TN:
SF:controllers/Categories.js
FN:3,(anonymous_0)
FN:20,(anonymous_1)
FN:37,(anonymous_2)
FN:60,(anonymous_3)
FNF:4
FNH:4
FNDA:2,(anonymous_0)
FNDA:2,(anonymous_1)
FNDA:2,(anonymous_2)
FNDA:2,(anonymous_3)
DA:1,7
DA:2,7
DA:4,2
DA:5,2
DA:6,2
DA:7,1
DA:13,1
DA:14,1
DA:21,2
DA:22,2
DA:23,1
DA:29,1
DA:30,1
DA:38,2
DA:39,2
DA:40,2
DA:41,2
DA:42,2
DA:43,2
DA:44,1
DA:45,1
DA:46,1
DA:48,1
DA:53,1
DA:54,1
DA:61,2
DA:62,2
DA:63,2
DA:65,1
DA:70,1
DA:71,1
LF:31
LH:31
BRF:0
BRH:0
end_of_record
TN:
SF:controllers/CommentController.js
FN:6,(anonymous_0)
FN:47,(anonymous_1)
FN:114,(anonymous_2)
FN:147,(anonymous_3)
FNF:4
FNH:4
FNDA:1,(anonymous_0)
FNDA:1,(anonymous_1)
FNDA:1,(anonymous_2)
FNDA:1,(anonymous_3)
DA:1,6
DA:2,6
DA:3,6
DA:5,6
DA:7,1
DA:8,1
DA:9,1
DA:10,1
DA:11,1
DA:13,1
DA:14,1
DA:15,0
DA:20,1
DA:25,1
DA:26,1
DA:27,1
DA:33,0
DA:40,0
DA:41,0
DA:48,1
DA:49,1
DA:50,1
DA:51,1
DA:52,1
DA:53,1
DA:54,1
DA:86,1
DA:87,0
DA:92,1
DA:93,1
DA:101,0
DA:107,0
DA:108,0
DA:115,1
DA:116,1
DA:117,1
DA:118,1
DA:119,1
DA:121,1
DA:122,1
DA:123,0
DA:128,1
DA:134,0
DA:140,0
DA:141,0
DA:148,1
DA:149,1
DA:150,1
DA:151,1
DA:152,1
DA:153,0
DA:158,1
DA:159,1
DA:160,0
DA:165,1
DA:166,1
DA:167,1
DA:168,1
DA:169,1
DA:170,0
DA:175,1
DA:180,0
DA:181,0
LF:63
LH:46
BRDA:11,0,0,1
BRDA:11,0,1,0
BRDA:14,1,0,0
BRDA:14,1,1,1
BRDA:48,2,0,1
BRDA:48,2,1,1
BRDA:49,3,0,1
BRDA:49,3,1,1
BRDA:52,4,0,1
BRDA:52,4,1,0
BRDA:86,5,0,0
BRDA:86,5,1,1
BRDA:119,6,0,1
BRDA:119,6,1,0
BRDA:122,7,0,0
BRDA:122,7,1,1
BRDA:152,8,0,0
BRDA:152,8,1,1
BRDA:159,9,0,0
BRDA:159,9,1,1
BRDA:169,10,0,0
BRDA:169,10,1,1
BRF:22
BRH:13
end_of_record
TN:
SF:controllers/ReplyController.js
FN:6,(anonymous_0)
FN:46,(anonymous_1)
FN:92,(anonymous_2)
FN:128,(anonymous_3)
FN:168,(anonymous_4)
FN:182,(anonymous_5)
FN:189,(anonymous_6)
FN:190,(anonymous_7)
FN:217,(anonymous_8)
FN:229,(anonymous_9)
FN:236,(anonymous_10)
FN:260,(anonymous_11)
FN:272,(anonymous_12)
FN:278,(anonymous_13)
FN:279,(anonymous_14)
FN:306,(anonymous_15)
FN:318,(anonymous_16)
FN:325,(anonymous_17)
FNF:18
FNH:4
FNDA:1,(anonymous_0)
FNDA:1,(anonymous_1)
FNDA:1,(anonymous_2)
FNDA:1,(anonymous_3)
FNDA:0,(anonymous_4)
FNDA:0,(anonymous_5)
FNDA:0,(anonymous_6)
FNDA:0,(anonymous_7)
FNDA:0,(anonymous_8)
FNDA:0,(anonymous_9)
FNDA:0,(anonymous_10)
FNDA:0,(anonymous_11)
FNDA:0,(anonymous_12)
FNDA:0,(anonymous_13)
FNDA:0,(anonymous_14)
FNDA:0,(anonymous_15)
FNDA:0,(anonymous_16)
FNDA:0,(anonymous_17)
DA:1,6
DA:2,6
DA:3,6
DA:5,6
DA:7,1
DA:8,1
DA:9,1
DA:10,1
DA:11,1
DA:13,1
DA:14,1
DA:15,0
DA:20,1
DA:25,1
DA:26,1
DA:27,1
DA:33,0
DA:39,0
DA:40,0
DA:47,1
DA:48,1
DA:49,1
DA:50,1
DA:51,1
DA:52,1
DA:53,1
DA:64,1
DA:65,0
DA:70,1
DA:71,1
DA:79,0
DA:85,0
DA:86,0
DA:93,1
DA:94,1
DA:95,1
DA:96,1
DA:97,1
DA:99,1
DA:102,1
DA:103,0
DA:108,1
DA:114,0
DA:121,0
DA:122,0
DA:129,1
DA:130,1
DA:131,1
DA:132,1
DA:133,1
DA:134,0
DA:139,1
DA:140,1
DA:141,0
DA:146,1
DA:147,1
DA:148,1
DA:149,1
DA:150,1
DA:151,0
DA:156,1
DA:161,0
DA:162,0
DA:169,0
DA:170,0
DA:172,0
DA:173,0
DA:174,0
DA:175,0
DA:176,0
DA:182,0
DA:183,0
DA:189,0
DA:190,0
DA:191,0
DA:194,0
DA:196,0
DA:198,0
DA:204,0
DA:210,0
DA:211,0
DA:218,0
DA:219,0
DA:220,0
DA:221,0
DA:222,0
DA:223,0
DA:224,0
DA:229,0
DA:230,0
DA:236,0
DA:237,0
DA:239,0
DA:240,0
DA:246,0
DA:253,0
DA:254,0
DA:261,0
DA:262,0
DA:263,0
DA:264,0
DA:265,0
DA:266,0
DA:267,0
DA:272,0
DA:273,0
DA:278,0
DA:279,0
DA:280,0
DA:283,0
DA:285,0
DA:286,0
DA:292,0
DA:299,0
DA:300,0
DA:307,0
DA:308,0
DA:309,0
DA:310,0
DA:311,0
DA:312,0
DA:313,0
DA:318,0
DA:319,0
DA:325,0
DA:326,0
DA:328,0
DA:329,0
DA:335,0
DA:342,0
DA:343,0
LF:131
LH:46
BRDA:11,0,0,1
BRDA:11,0,1,0
BRDA:14,1,0,0
BRDA:14,1,1,1
BRDA:47,2,0,1
BRDA:47,2,1,1
BRDA:48,3,0,1
BRDA:48,3,1,1
BRDA:51,4,0,1
BRDA:51,4,1,0
BRDA:64,5,0,0
BRDA:64,5,1,1
BRDA:97,6,0,1
BRDA:97,6,1,0
BRDA:102,7,0,0
BRDA:102,7,1,1
BRDA:133,8,0,0
BRDA:133,8,1,1
BRDA:140,9,0,0
BRDA:140,9,1,1
BRDA:150,10,0,0
BRDA:150,10,1,1
BRDA:173,11,0,0
BRDA:173,11,1,0
BRDA:175,12,0,0
BRDA:175,12,1,0
BRDA:182,13,0,0
BRDA:182,13,1,0
BRDA:189,14,0,0
BRDA:189,14,1,0
BRDA:221,15,0,0
BRDA:221,15,1,0
BRDA:223,16,0,0
BRDA:223,16,1,0
BRDA:229,17,0,0
BRDA:229,17,1,0
BRDA:264,18,0,0
BRDA:264,18,1,0
BRDA:266,19,0,0
BRDA:266,19,1,0
BRDA:272,20,0,0
BRDA:272,20,1,0
BRDA:278,21,0,0
BRDA:278,21,1,0
BRDA:310,22,0,0
BRDA:310,22,1,0
BRDA:312,23,0,0
BRDA:312,23,1,0
BRDA:318,24,0,0
BRDA:318,24,1,0
BRF:50
BRH:13
end_of_record
TN:
SF:controllers/SubReplyController.js
FN:6,(anonymous_0)
FN:46,(anonymous_1)
FN:89,(anonymous_2)
FN:124,(anonymous_3)
FN:164,(anonymous_4)
FN:171,(anonymous_5)
FN:178,(anonymous_6)
FN:179,(anonymous_7)
FN:204,(anonymous_8)
FN:211,(anonymous_9)
FN:218,(anonymous_10)
FN:239,(anonymous_11)
FN:246,(anonymous_12)
FN:247,(anonymous_13)
FN:251,(anonymous_14)
FN:279,(anonymous_15)
FN:286,(anonymous_16)
FN:293,(anonymous_17)
FNF:18
FNH:4
FNDA:3,(anonymous_0)
FNDA:1,(anonymous_1)
FNDA:1,(anonymous_2)
FNDA:1,(anonymous_3)
FNDA:0,(anonymous_4)
FNDA:0,(anonymous_5)
FNDA:0,(anonymous_6)
FNDA:0,(anonymous_7)
FNDA:0,(anonymous_8)
FNDA:0,(anonymous_9)
FNDA:0,(anonymous_10)
FNDA:0,(anonymous_11)
FNDA:0,(anonymous_12)
FNDA:0,(anonymous_13)
FNDA:0,(anonymous_14)
FNDA:0,(anonymous_15)
FNDA:0,(anonymous_16)
FNDA:0,(anonymous_17)
DA:1,7
DA:2,7
DA:3,7
DA:5,7
DA:7,3
DA:8,3
DA:9,3
DA:10,3
DA:11,3
DA:13,2
DA:14,2
DA:15,1
DA:20,1
DA:25,1
DA:26,1
DA:27,1
DA:33,1
DA:39,0
DA:40,0
DA:47,1
DA:48,1
DA:49,1
DA:50,1
DA:51,1
DA:52,1
DA:53,1
DA:62,1
DA:63,0
DA:68,1
DA:76,0
DA:82,0
DA:83,0
DA:90,1
DA:91,1
DA:92,1
DA:93,1
DA:94,1
DA:96,1
DA:99,1
DA:100,0
DA:105,1
DA:111,0
DA:117,0
DA:118,0
DA:125,1
DA:126,1
DA:127,1
DA:128,1
DA:129,1
DA:130,0
DA:135,1
DA:136,1
DA:137,0
DA:142,1
DA:143,1
DA:144,1
DA:145,1
DA:146,1
DA:147,0
DA:152,1
DA:157,0
DA:158,0
DA:165,0
DA:166,0
DA:167,0
DA:168,0
DA:169,0
DA:170,0
DA:171,0
DA:172,0
DA:178,0
DA:179,0
DA:180,0
DA:183,0
DA:185,0
DA:186,0
DA:191,0
DA:197,0
DA:198,0
DA:205,0
DA:206,0
DA:207,0
DA:208,0
DA:209,0
DA:211,0
DA:212,0
DA:218,0
DA:219,0
DA:220,0
DA:221,0
DA:226,0
DA:232,0
DA:233,0
DA:240,0
DA:241,0
DA:242,0
DA:243,0
DA:244,0
DA:246,0
DA:247,0
DA:248,0
DA:251,0
DA:252,0
DA:258,0
DA:260,0
DA:261,0
DA:266,0
DA:272,0
DA:273,0
DA:280,0
DA:281,0
DA:282,0
DA:283,0
DA:284,0
DA:286,0
DA:287,0
DA:293,0
DA:294,0
DA:295,0
DA:296,0
DA:301,0
DA:307,0
DA:308,0
LF:123
LH:47
BRDA:11,0,0,2
BRDA:11,0,1,1
BRDA:14,1,0,1
BRDA:14,1,1,1
BRDA:47,2,0,1
BRDA:47,2,1,1
BRDA:48,3,0,1
BRDA:48,3,1,1
BRDA:51,4,0,1
BRDA:51,4,1,0
BRDA:62,5,0,0
BRDA:62,5,1,1
BRDA:94,6,0,1
BRDA:94,6,1,0
BRDA:99,7,0,0
BRDA:99,7,1,1
BRDA:129,8,0,0
BRDA:129,8,1,1
BRDA:136,9,0,0
BRDA:136,9,1,1
BRDA:146,10,0,0
BRDA:146,10,1,1
BRDA:168,11,0,0
BRDA:168,11,1,0
BRDA:171,12,0,0
BRDA:171,12,1,0
BRDA:178,13,0,0
BRDA:178,13,1,0
BRDA:208,14,0,0
BRDA:208,14,1,0
BRDA:211,15,0,0
BRDA:211,15,1,0
BRDA:243,16,0,0
BRDA:243,16,1,0
BRDA:246,17,0,0
BRDA:246,17,1,0
BRDA:251,18,0,0
BRDA:251,18,1,0
BRDA:283,19,0,0
BRDA:283,19,1,0
BRDA:286,20,0,0
BRDA:286,20,1,0
BRF:42
BRH:15
end_of_record
TN:
SF:controllers/ThreadCategory.js
FN:3,(anonymous_0)
FNF:1
FNH:1
FNDA:1,(anonymous_0)
DA:1,6
DA:2,6
DA:4,1
DA:5,1
DA:6,1
DA:7,1
DA:9,1
DA:19,1
DA:21,1
DA:22,1
DA:23,0
DA:25,1
DA:26,1
DA:27,0
DA:29,1
DA:31,1
DA:32,0
DA:37,1
DA:47,0
DA:48,0
LF:20
LH:15
BRDA:4,0,0,1
BRDA:4,0,1,1
BRDA:22,1,0,0
BRDA:22,1,1,1
BRDA:26,2,0,0
BRDA:26,2,1,1
BRDA:31,3,0,0
BRDA:31,3,1,1
BRF:8
BRH:5
end_of_record
TN:
SF:controllers/authController.js
FN:10,(anonymous_0)
FN:88,(anonymous_1)
FN:136,(anonymous_2)
FN:153,(anonymous_3)
FN:177,(anonymous_4)
FNF:5
FNH:3
FNDA:1,(anonymous_0)
FNDA:10,(anonymous_1)
FNDA:10,(anonymous_2)
FNDA:0,(anonymous_3)
FNDA:0,(anonymous_4)
DA:1,6
DA:2,6
DA:3,6
DA:4,6
DA:5,6
DA:6,6
DA:7,6
DA:9,6
DA:11,1
DA:13,1
DA:15,1
DA:21,1
DA:29,1
DA:30,0
DA:37,1
DA:41,1
DA:42,0
DA:48,1
DA:50,1
DA:52,1
DA:60,1
DA:62,1
DA:63,0
DA:69,1
DA:71,1
DA:73,1
DA:80,0
DA:81,0
DA:89,10
DA:90,10
DA:91,10
DA:92,10
DA:97,10
DA:99,10
DA:100,0
DA:106,10
DA:110,10
DA:111,0
DA:116,10
DA:119,10
DA:120,0
DA:125,10
DA:130,10
DA:131,0
DA:136,10
DA:137,10
DA:145,0
DA:146,0
DA:155,0
DA:156,0
DA:159,0
DA:160,0
DA:165,0
DA:171,0
DA:177,0
DA:178,0
DA:181,0
LF:57
LH:37
BRDA:29,0,0,0
BRDA:29,0,1,1
BRDA:41,1,0,0
BRDA:41,1,1,1
BRDA:62,2,0,0
BRDA:62,2,1,1
BRDA:99,3,0,0
BRDA:99,3,1,10
BRDA:110,4,0,0
BRDA:110,4,1,10
BRDA:119,5,0,0
BRDA:119,5,1,10
BRDA:130,6,0,0
BRDA:130,6,1,10
BRDA:159,7,0,0
BRDA:159,7,1,0
BRF:16
BRH:7
end_of_record
TN:
SF:controllers/emailverified.js
FN:7,(anonymous_0)
FN:63,(anonymous_1)
FN:72,(anonymous_2)
FNF:3
FNH:1
FNDA:1,(anonymous_0)
FNDA:0,(anonymous_1)
FNDA:0,(anonymous_2)
DA:1,6
DA:2,6
DA:3,6
DA:4,6
DA:6,6
DA:10,1
DA:32,1
DA:33,1
DA:63,1
DA:64,0
DA:65,0
DA:67,0
DA:73,0
DA:74,0
DA:76,0
DA:81,0
DA:82,0
DA:88,0
DA:89,0
DA:94,0
DA:95,0
DA:98,0
DA:104,0
DA:107,0
DA:108,0
LF:25
LH:9
BRDA:64,0,0,0
BRDA:64,0,1,0
BRDA:81,1,0,0
BRDA:81,1,1,0
BRDA:88,2,0,0
BRDA:88,2,1,0
BRF:6
BRH:0
end_of_record
TN:
SF:controllers/threads.js
FN:10,(anonymous_0)
FN:59,(anonymous_1)
FN:111,(anonymous_2)
FN:172,(anonymous_3)
FN:197,(anonymous_4)
FN:238,(anonymous_5)
FN:250,(anonymous_6)
FN:256,(anonymous_7)
FN:257,(anonymous_8)
FN:283,(anonymous_9)
FN:295,(anonymous_10)
FN:301,(anonymous_11)
FN:324,(anonymous_12)
FN:336,(anonymous_13)
FN:342,(anonymous_14)
FN:343,(anonymous_15)
FN:370,(anonymous_16)
FN:382,(anonymous_17)
FN:388,(anonymous_18)
FN:411,(anonymous_19)
FN:490,(anonymous_20)
FN:544,(anonymous_21)
FN:575,(anonymous_22)
FN:592,(anonymous_23)
FN:606,(anonymous_24)
FN:623,(anonymous_25)
FN:669,(anonymous_26)
FN:707,(anonymous_27)
FN:735,(anonymous_28)
FN:736,(anonymous_29)
FN:737,(anonymous_30)
FN:801,(anonymous_31)
FN:837,(anonymous_32)
FN:849,(anonymous_33)
FN:878,(anonymous_34)
FN:890,(anonymous_35)
FN:919,(anonymous_36)
FNF:37
FNH:16
FNDA:0,(anonymous_0)
FNDA:1,(anonymous_1)
FNDA:1,(anonymous_2)
FNDA:0,(anonymous_3)
FNDA:1,(anonymous_4)
FNDA:0,(anonymous_5)
FNDA:0,(anonymous_6)
FNDA:0,(anonymous_7)
FNDA:0,(anonymous_8)
FNDA:0,(anonymous_9)
FNDA:0,(anonymous_10)
FNDA:0,(anonymous_11)
FNDA:0,(anonymous_12)
FNDA:0,(anonymous_13)
FNDA:0,(anonymous_14)
FNDA:0,(anonymous_15)
FNDA:0,(anonymous_16)
FNDA:0,(anonymous_17)
FNDA:0,(anonymous_18)
FNDA:1,(anonymous_19)
FNDA:1,(anonymous_20)
FNDA:1,(anonymous_21)
FNDA:1,(anonymous_22)
FNDA:13,(anonymous_23)
FNDA:1,(anonymous_24)
FNDA:5,(anonymous_25)
FNDA:1,(anonymous_26)
FNDA:1,(anonymous_27)
FNDA:22,(anonymous_28)
FNDA:1,(anonymous_29)
FNDA:46,(anonymous_30)
FNDA:1,(anonymous_31)
FNDA:0,(anonymous_32)
FNDA:0,(anonymous_33)
FNDA:0,(anonymous_34)
FNDA:0,(anonymous_35)
FNDA:0,(anonymous_36)
DA:1,6
DA:2,6
DA:3,6
DA:4,6
DA:5,6
DA:6,6
DA:7,6
DA:9,6
DA:11,0
DA:12,0
DA:13,0
DA:14,0
DA:15,0
DA:20,0
DA:21,0
DA:22,0
DA:28,0
DA:30,0
DA:37,0
DA:38,0
DA:43,0
DA:44,0
DA:45,0
DA:52,0
DA:53,0
DA:60,1
DA:61,1
DA:62,1
DA:64,1
DA:76,1
DA:78,1
DA:79,1
DA:80,0
DA:82,1
DA:83,1
DA:84,0
DA:86,1
DA:88,1
DA:89,0
DA:94,1
DA:104,0
DA:105,0
DA:112,1
DA:113,1
DA:114,1
DA:115,1
DA:116,1
DA:129,1
DA:130,1
DA:132,1
DA:133,1
DA:134,1
DA:136,1
DA:137,1
DA:138,0
DA:140,1
DA:142,1
DA:143,0
DA:148,1
DA:149,0
DA:155,1
DA:165,0
DA:166,0
DA:173,0
DA:174,0
DA:175,0
DA:176,0
DA:177,0
DA:178,0
DA:180,0
DA:181,0
DA:184,0
DA:185,0
DA:190,0
DA:191,0
DA:198,1
DA:199,1
DA:200,1
DA:202,1
DA:203,1
DA:204,1
DA:205,0
DA:207,1
DA:208,0
DA:210,1
DA:211,1
DA:212,0
DA:214,1
DA:216,1
DA:217,1
DA:219,0
DA:221,1
DA:222,1
DA:223,1
DA:225,1
DA:227,1
DA:232,0
DA:239,0
DA:240,0
DA:241,0
DA:242,0
DA:243,0
DA:244,0
DA:245,0
DA:250,0
DA:251,0
DA:256,0
DA:257,0
DA:258,0
DA:261,0
DA:263,0
DA:264,0
DA:269,0
DA:276,0
DA:277,0
DA:284,0
DA:285,0
DA:286,0
DA:287,0
DA:288,0
DA:289,0
DA:290,0
DA:295,0
DA:296,0
DA:301,0
DA:302,0
DA:303,0
DA:304,0
DA:310,0
DA:317,0
DA:318,0
DA:325,0
DA:326,0
DA:327,0
DA:328,0
DA:329,0
DA:330,0
DA:331,0
DA:336,0
DA:337,0
DA:342,0
DA:343,0
DA:344,0
DA:347,0
DA:349,0
DA:350,0
DA:356,0
DA:363,0
DA:364,0
DA:371,0
DA:372,0
DA:373,0
DA:374,0
DA:375,0
DA:376,0
DA:377,0
DA:382,0
DA:383,0
DA:388,0
DA:389,0
DA:390,0
DA:391,0
DA:397,0
DA:404,0
DA:405,0
DA:412,1
DA:413,1
DA:414,1
DA:415,1
DA:462,1
DA:463,0
DA:468,1
DA:470,1
DA:476,0
DA:483,0
DA:484,0
DA:491,1
DA:492,1
DA:493,1
DA:495,1
DA:507,1
DA:508,1
DA:510,1
DA:511,1
DA:512,0
DA:514,1
DA:515,1
DA:516,0
DA:518,1
DA:520,1
DA:521,0
DA:526,1
DA:537,0
DA:538,0
DA:545,1
DA:546,1
DA:547,1
DA:548,1
DA:549,1
DA:550,1
DA:551,0
DA:557,1
DA:563,0
DA:569,0
DA:576,1
DA:577,1
DA:578,1
DA:592,13
DA:593,1
DA:599,0
DA:600,0
DA:607,1
DA:608,1
DA:609,1
DA:610,1
DA:622,1
DA:623,5
DA:624,1
DA:625,1
DA:626,4
DA:627,0
DA:628,0
DA:630,4
DA:631,4
DA:632,4
DA:636,1
DA:637,1
DA:638,0
DA:640,1
DA:641,1
DA:642,0
DA:644,1
DA:646,1
DA:647,0
DA:652,1
DA:662,0
DA:663,0
DA:670,1
DA:672,1
DA:673,1
DA:674,1
DA:675,1
DA:677,1
DA:678,7
DA:688,7
DA:689,7
DA:693,1
DA:700,0
DA:701,0
DA:708,1
DA:709,1
DA:710,1
DA:711,1
DA:712,1
DA:724,1
DA:725,1
DA:726,1
DA:727,1
DA:728,1
DA:729,1
DA:730,1
DA:731,1
DA:732,1
DA:735,22
DA:736,19
DA:737,46
DA:738,19
DA:739,19
DA:741,19
DA:745,1
DA:754,1
DA:755,4
DA:756,0
DA:757,0
DA:759,4
DA:760,4
DA:761,4
DA:765,1
DA:766,1
DA:767,1
DA:768,0
DA:770,1
DA:771,1
DA:772,0
DA:774,1
DA:776,1
DA:777,0
DA:782,1
DA:794,0
DA:795,0
DA:802,1
DA:803,1
DA:804,1
DA:805,1
DA:806,1
DA:807,0
DA:813,1
DA:824,1
DA:830,0
DA:831,0
DA:838,0
DA:839,0
DA:840,0
DA:841,0
DA:842,0
DA:843,0
DA:844,0
DA:849,0
DA:850,0
DA:856,0
DA:858,0
DA:859,0
DA:864,0
DA:871,0
DA:872,0
DA:879,0
DA:880,0
DA:881,0
DA:882,0
DA:883,0
DA:884,0
DA:885,0
DA:890,0
DA:891,0
DA:897,0
DA:899,0
DA:900,0
DA:905,0
DA:912,0
DA:913,0
DA:920,0
DA:921,0
DA:922,0
DA:923,0
DA:924,0
DA:936,0
DA:944,0
DA:945,0
DA:947,0
DA:948,0
DA:949,0
DA:951,0
DA:952,0
DA:953,0
DA:955,0
DA:957,0
DA:958,0
DA:963,0
DA:964,0
DA:969,0
DA:979,0
DA:980,0
LF:352
LH:155
BRDA:21,0,0,0
BRDA:21,0,1,0
BRDA:37,1,0,0
BRDA:37,1,1,0
BRDA:60,2,0,1
BRDA:60,2,1,1
BRDA:79,3,0,0
BRDA:79,3,1,1
BRDA:83,4,0,0
BRDA:83,4,1,1
BRDA:88,5,0,0
BRDA:88,5,1,1
BRDA:113,6,0,1
BRDA:113,6,1,1
BRDA:133,7,0,1
BRDA:133,7,1,0
BRDA:137,8,0,0
BRDA:137,8,1,1
BRDA:142,9,0,0
BRDA:142,9,1,1
BRDA:148,10,0,0
BRDA:148,10,1,1
BRDA:177,11,0,0
BRDA:177,11,1,0
BRDA:180,12,0,0
BRDA:180,12,1,0
BRDA:204,13,0,0
BRDA:204,13,1,1
BRDA:207,14,0,0
BRDA:207,14,1,1
BRDA:211,15,0,0
BRDA:211,15,1,1
BRDA:216,16,0,1
BRDA:216,16,1,0
BRDA:221,17,0,0
BRDA:221,17,1,1
BRDA:222,18,0,1
BRDA:222,18,1,0
BRDA:223,19,0,0
BRDA:223,19,1,1
BRDA:242,20,0,0
BRDA:242,20,1,0
BRDA:244,21,0,0
BRDA:244,21,1,0
BRDA:250,22,0,0
BRDA:250,22,1,0
BRDA:256,23,0,0
BRDA:256,23,1,0
BRDA:287,24,0,0
BRDA:287,24,1,0
BRDA:289,25,0,0
BRDA:289,25,1,0
BRDA:295,26,0,0
BRDA:295,26,1,0
BRDA:328,27,0,0
BRDA:328,27,1,0
BRDA:330,28,0,0
BRDA:330,28,1,0
BRDA:336,29,0,0
BRDA:336,29,1,0
BRDA:342,30,0,0
BRDA:342,30,1,0
BRDA:374,31,0,0
BRDA:374,31,1,0
BRDA:376,32,0,0
BRDA:376,32,1,0
BRDA:382,33,0,0
BRDA:382,33,1,0
BRDA:414,34,0,1
BRDA:414,34,1,0
BRDA:462,35,0,0
BRDA:462,35,1,1
BRDA:491,36,0,1
BRDA:491,36,1,1
BRDA:511,37,0,0
BRDA:511,37,1,1
BRDA:515,38,0,0
BRDA:515,38,1,1
BRDA:520,39,0,0
BRDA:520,39,1,1
BRDA:548,40,0,1
BRDA:548,40,1,0
BRDA:550,41,0,0
BRDA:550,41,1,1
BRDA:607,42,0,1
BRDA:607,42,1,1
BRDA:626,43,0,0
BRDA:626,43,1,4
BRDA:637,44,0,0
BRDA:637,44,1,1
BRDA:641,45,0,0
BRDA:641,45,1,1
BRDA:646,46,0,0
BRDA:646,46,1,1
BRDA:688,47,0,7
BRDA:688,47,1,0
BRDA:708,48,0,1
BRDA:708,48,1,1
BRDA:755,49,0,0
BRDA:755,49,1,4
BRDA:767,50,0,0
BRDA:767,50,1,1
BRDA:771,51,0,0
BRDA:771,51,1,1
BRDA:776,52,0,0
BRDA:776,52,1,1
BRDA:806,53,0,0
BRDA:806,53,1,1
BRDA:841,54,0,0
BRDA:841,54,1,0
BRDA:843,55,0,0
BRDA:843,55,1,0
BRDA:849,56,0,0
BRDA:849,56,1,0
BRDA:882,57,0,0
BRDA:882,57,1,0
BRDA:884,58,0,0
BRDA:884,58,1,0
BRDA:890,59,0,0
BRDA:890,59,1,0
BRDA:920,60,0,0
BRDA:920,60,1,0
BRDA:948,61,0,0
BRDA:948,61,1,0
BRDA:952,62,0,0
BRDA:952,62,1,0
BRDA:957,63,0,0
BRDA:957,63,1,0
BRDA:963,64,0,0
BRDA:963,64,1,0
BRF:130
BRH:41
end_of_record
TN:
SF:controllers/upvoteComment.js
FN:3,(anonymous_0)
FN:15,(anonymous_1)
FN:21,(anonymous_2)
FN:22,(anonymous_3)
FN:48,(anonymous_4)
FN:60,(anonymous_5)
FN:67,(anonymous_6)
FN:90,(anonymous_7)
FN:102,(anonymous_8)
FN:108,(anonymous_9)
FN:109,(anonymous_10)
FN:136,(anonymous_11)
FN:148,(anonymous_12)
FN:155,(anonymous_13)
FNF:14
FNH:0
FNDA:0,(anonymous_0)
FNDA:0,(anonymous_1)
FNDA:0,(anonymous_2)
FNDA:0,(anonymous_3)
FNDA:0,(anonymous_4)
FNDA:0,(anonymous_5)
FNDA:0,(anonymous_6)
FNDA:0,(anonymous_7)
FNDA:0,(anonymous_8)
FNDA:0,(anonymous_9)
FNDA:0,(anonymous_10)
FNDA:0,(anonymous_11)
FNDA:0,(anonymous_12)
FNDA:0,(anonymous_13)
DA:1,6
DA:2,6
DA:4,0
DA:5,0
DA:6,0
DA:7,0
DA:8,0
DA:9,0
DA:10,0
DA:15,0
DA:16,0
DA:21,0
DA:22,0
DA:23,0
DA:26,0
DA:28,0
DA:29,0
DA:34,0
DA:41,0
DA:42,0
DA:49,0
DA:50,0
DA:51,0
DA:52,0
DA:53,0
DA:54,0
DA:55,0
DA:60,0
DA:61,0
DA:67,0
DA:68,0
DA:69,0
DA:70,0
DA:76,0
DA:83,0
DA:84,0
DA:91,0
DA:92,0
DA:93,0
DA:94,0
DA:95,0
DA:96,0
DA:97,0
DA:102,0
DA:103,0
DA:108,0
DA:109,0
DA:110,0
DA:113,0
DA:115,0
DA:116,0
DA:122,0
DA:129,0
DA:130,0
DA:137,0
DA:138,0
DA:139,0
DA:140,0
DA:141,0
DA:142,0
DA:143,0
DA:148,0
DA:149,0
DA:155,0
DA:156,0
DA:157,0
DA:158,0
DA:164,0
DA:171,0
DA:172,0
LF:70
LH:2
BRDA:7,0,0,0
BRDA:7,0,1,0
BRDA:9,1,0,0
BRDA:9,1,1,0
BRDA:15,2,0,0
BRDA:15,2,1,0
BRDA:21,3,0,0
BRDA:21,3,1,0
BRDA:52,4,0,0
BRDA:52,4,1,0
BRDA:54,5,0,0
BRDA:54,5,1,0
BRDA:60,6,0,0
BRDA:60,6,1,0
BRDA:94,7,0,0
BRDA:94,7,1,0
BRDA:96,8,0,0
BRDA:96,8,1,0
BRDA:102,9,0,0
BRDA:102,9,1,0
BRDA:108,10,0,0
BRDA:108,10,1,0
BRDA:140,11,0,0
BRDA:140,11,1,0
BRDA:142,12,0,0
BRDA:142,12,1,0
BRDA:148,13,0,0
BRDA:148,13,1,0
BRF:28
BRH:0
end_of_record
TN:
SF:controllers/users.js
FN:11,(anonymous_0)
FN:58,(anonymous_1)
FN:97,(anonymous_2)
FN:128,(anonymous_3)
FN:174,(anonymous_4)
FN:191,(anonymous_5)
FNF:6
FNH:2
FNDA:1,(anonymous_0)
FNDA:0,(anonymous_1)
FNDA:0,(anonymous_2)
FNDA:1,(anonymous_3)
FNDA:0,(anonymous_4)
FNDA:0,(anonymous_5)
DA:1,6
DA:2,6
DA:3,6
DA:4,6
DA:5,6
DA:6,6
DA:7,6
DA:10,6
DA:12,1
DA:13,1
DA:14,1
DA:15,1
DA:37,1
DA:38,0
DA:44,1
DA:51,0
DA:52,0
DA:59,0
DA:60,0
DA:63,0
DA:64,0
DA:65,0
DA:66,0
DA:67,0
DA:69,0
DA:70,0
DA:72,0
DA:74,0
DA:75,0
DA:77,0
DA:79,0
DA:80,0
DA:81,0
DA:83,0
DA:84,0
DA:90,0
DA:91,0
DA:98,0
DA:99,0
DA:100,0
DA:101,0
DA:102,0
DA:103,0
DA:104,0
DA:105,0
DA:107,0
DA:108,0
DA:113,0
DA:114,0
DA:115,0
DA:121,0
DA:122,0
DA:129,1
DA:130,1
DA:131,1
DA:153,1
DA:154,0
DA:159,1
DA:166,0
DA:167,0
DA:175,0
DA:176,0
DA:178,0
DA:179,0
DA:181,0
DA:182,0
DA:183,0
DA:184,0
DA:185,0
DA:191,0
DA:192,0
DA:197,0
DA:199,0
DA:201,0
DA:203,0
DA:209,0
DA:216,0
LF:77
LH:19
BRDA:37,0,0,0
BRDA:37,0,1,1
BRDA:66,1,0,0
BRDA:66,1,1,0
BRDA:69,2,0,0
BRDA:69,2,1,0
BRDA:74,3,0,0
BRDA:74,3,1,0
BRDA:79,4,0,0
BRDA:79,4,1,0
BRDA:80,5,0,0
BRDA:80,5,1,0
BRDA:81,6,0,0
BRDA:81,6,1,0
BRDA:104,7,0,0
BRDA:104,7,1,0
BRDA:107,8,0,0
BRDA:107,8,1,0
BRDA:113,9,0,0
BRDA:113,9,1,0
BRDA:153,10,0,0
BRDA:153,10,1,1
BRDA:182,11,0,0
BRDA:182,11,1,0
BRDA:184,12,0,0
BRDA:184,12,1,0
BRDA:191,13,0,0
BRDA:191,13,1,0
BRF:28
BRH:2
end_of_record
TN:
SF:middlewares/auth.js
FN:11,(anonymous_0)
FN:15,(anonymous_1)
FN:34,(anonymous_2)
FN:35,(anonymous_3)
FN:36,(anonymous_4)
FN:40,(anonymous_5)
FN:50,(anonymous_6)
FNF:7
FNH:7
FNDA:12,(anonymous_0)
FNDA:12,(anonymous_1)
FNDA:1,(anonymous_2)
FNDA:1,(anonymous_3)
FNDA:1,(anonymous_4)
FNDA:1,(anonymous_5)
FNDA:1,(anonymous_6)
DA:1,6
DA:2,6
DA:10,6
DA:12,12
DA:13,12
DA:14,12
DA:15,12
DA:16,12
DA:17,0
DA:22,12
DA:23,12
DA:27,0
DA:35,1
DA:36,1
DA:37,1
DA:38,0
DA:40,1
DA:41,1
DA:42,0
DA:44,1
DA:51,1
DA:52,1
DA:53,1
DA:55,1
DA:56,10
DA:58,1
DA:59,0
LF:27
LH:22
BRDA:16,0,0,0
BRDA:16,0,1,12
BRDA:37,1,0,0
BRDA:37,1,1,1
BRDA:41,2,0,0
BRDA:41,2,1,1
BRF:6
BRH:3
end_of_record
TN:
SF:middlewares/cloudUpload.js
FN:17,(anonymous_0)
FN:21,(anonymous_1)
FN:49,(anonymous_2)
FN:50,(anonymous_3)
FNF:4
FNH:3
FNDA:24,(anonymous_0)
FNDA:0,(anonymous_1)
FNDA:1,(anonymous_2)
FNDA:1,(anonymous_3)
DA:1,6
DA:2,6
DA:3,6
DA:4,6
DA:6,6
DA:17,6
DA:18,24
DA:19,24
DA:22,0
DA:45,24
DA:49,24
DA:50,1
DA:51,1
DA:56,0
LF:14
LH:12
BRF:0
BRH:0
end_of_record
TN:
SF:middlewares/passport.js
FN:10,(anonymous_0)
FN:14,(anonymous_1)
FN:24,(anonymous_2)
FNF:3
FNH:0
FNDA:0,(anonymous_0)
FNDA:0,(anonymous_1)
FNDA:0,(anonymous_2)
DA:1,6
DA:2,6
DA:3,6
DA:4,6
DA:5,6
DA:6,6
DA:8,6
DA:10,6
DA:11,0
DA:14,6
DA:15,0
DA:18,6
DA:25,0
DA:26,0
DA:31,6
LF:15
LH:11
BRF:0
BRH:0
end_of_record
TN:
SF:models/Categories.js
FNF:0
FNH:0
DA:1,7
DA:2,7
DA:4,7
DA:12,7
LF:4
LH:4
BRF:0
BRH:0
end_of_record
TN:
SF:models/Comment.js
FNF:0
FNH:0
DA:1,6
DA:2,6
DA:4,6
DA:45,6
DA:51,6
DA:57,6
DA:63,6
DA:64,6
DA:65,6
LF:9
LH:9
BRF:0
BRH:0
end_of_record
TN:
SF:models/Reply.js
FNF:0
FNH:0
DA:1,7
DA:2,7
DA:4,7
DA:46,7
DA:52,7
DA:58,7
DA:64,7
DA:65,7
DA:66,7
LF:9
LH:9
BRF:0
BRH:0
end_of_record
TN:
SF:models/SubReply.js
FNF:0
FNH:0
DA:1,7
DA:2,7
DA:4,7
DA:41,7
DA:47,7
DA:53,7
DA:54,7
DA:55,7
LF:8
LH:8
BRF:0
BRH:0
end_of_record
TN:
SF:models/Threads.js
FNF:0
FNH:0
DA:1,7
DA:2,7
DA:4,7
DA:60,7
DA:66,7
DA:72,7
DA:78,7
DA:79,7
DA:81,7
LF:9
LH:9
BRF:0
BRH:0
end_of_record
TN:
SF:models/Users.js
FNF:0
FNH:0
DA:1,6
DA:2,6
DA:4,6
DA:48,6
LF:4
LH:4
BRF:0
BRH:0
end_of_record
TN:
SF:routes/Categories.js
FNF:0
FNH:0
DA:1,6
DA:2,6
DA:3,6
DA:5,6
DA:6,6
DA:7,6
DA:8,6
DA:10,6
LF:8
LH:8
BRF:0
BRH:0
end_of_record
TN:
SF:routes/Comments.js
FNF:0
FNH:0
DA:1,6
DA:2,6
DA:3,6
DA:4,6
DA:5,6
DA:7,6
DA:8,6
DA:9,6
DA:10,6
DA:11,6
DA:12,6
DA:13,6
DA:14,6
DA:16,6
LF:14
LH:14
BRF:0
BRH:0
end_of_record
TN:
SF:routes/Reply.js
FNF:0
FNH:0
DA:1,6
DA:2,6
DA:3,6
DA:4,6
DA:6,6
DA:7,6
DA:8,6
DA:9,6
DA:10,6
DA:11,6
DA:12,6
DA:13,6
DA:15,6
LF:13
LH:13
BRF:0
BRH:0
end_of_record
TN:
SF:routes/SubReply.js
FNF:0
FNH:0
DA:1,6
DA:2,6
DA:3,6
DA:4,6
DA:6,6
DA:7,6
DA:8,6
DA:9,6
DA:10,6
DA:11,6
DA:12,6
DA:13,6
DA:15,6
LF:13
LH:13
BRF:0
BRH:0
end_of_record
TN:
SF:routes/index.js
FNF:0
FNH:0
DA:1,6
DA:2,6
DA:3,6
DA:4,6
DA:5,6
DA:6,6
DA:7,6
DA:8,6
DA:9,6
DA:12,6
DA:13,6
DA:14,6
DA:15,6
DA:16,6
DA:17,6
DA:19,6
LF:16
LH:16
BRF:0
BRH:0
end_of_record
TN:
SF:routes/threads.js
FNF:0
FNH:0
DA:1,6
DA:2,6
DA:3,6
DA:4,6
DA:5,6
DA:6,6
DA:9,6
DA:10,6
DA:11,6
DA:12,6
DA:13,6
DA:14,6
DA:15,6
DA:16,6
DA:17,6
DA:18,6
DA:19,6
DA:20,6
DA:21,6
DA:22,6
DA:23,6
DA:24,6
DA:26,6
DA:27,6
DA:28,6
DA:29,6
DA:30,6
DA:33,6
LF:28
LH:28
BRF:0
BRH:0
end_of_record
TN:
SF:routes/users.js
FN:18,(anonymous_0)
FNF:1
FNH:0
FNDA:0,(anonymous_0)
DA:1,6
DA:2,6
DA:3,6
DA:4,6
DA:5,6
DA:6,6
DA:7,6
DA:8,6
DA:9,6
DA:14,6
DA:15,6
DA:16,6
DA:17,6
DA:18,6
DA:19,6
DA:20,6
DA:21,6
DA:22,6
DA:23,6
DA:24,6
DA:26,6
LF:21
LH:21
BRF:0
BRH:0
end_of_record
